ARM GAS  C:\Users\annat\AppData\Local\Temp\ccs4K4nN.s 			page 1


   1              		.syntax unified
   2              		.cpu cortex-m3
   3              		.fpu softvfp
   4              		.eabi_attribute 20, 1
   5              		.eabi_attribute 21, 1
   6              		.eabi_attribute 23, 3
   7              		.eabi_attribute 24, 1
   8              		.eabi_attribute 25, 1
   9              		.eabi_attribute 26, 1
  10              		.eabi_attribute 30, 1
  11              		.eabi_attribute 34, 1
  12              		.eabi_attribute 18, 4
  13              		.thumb
  14              		.syntax unified
  15              		.file	"I2C_Interface.c"
  16              		.text
  17              	.Ltext0:
  18              		.cfi_sections	.debug_frame
  19              		.section	.text.I2C_Peripheral_Start,"ax",%progbits
  20              		.align	2
  21              		.global	I2C_Peripheral_Start
  22              		.thumb
  23              		.thumb_func
  24              		.type	I2C_Peripheral_Start, %function
  25              	I2C_Peripheral_Start:
  26              	.LFB0:
  27              		.file 1 "I2C_Interface.c"
   1:I2C_Interface.c **** /*
   2:I2C_Interface.c **** * This file includes all the required source code to interface
   3:I2C_Interface.c **** * the I2C peripheral.
   4:I2C_Interface.c **** */
   5:I2C_Interface.c **** 
   6:I2C_Interface.c **** /**
   7:I2C_Interface.c **** *   \brief Value returned if device present on I2C bus.
   8:I2C_Interface.c **** */
   9:I2C_Interface.c **** #ifndef DEVICE_CONNECTED
  10:I2C_Interface.c ****     #define DEVICE_CONNECTED 1
  11:I2C_Interface.c **** #endif
  12:I2C_Interface.c **** 
  13:I2C_Interface.c **** /**
  14:I2C_Interface.c **** *   \brief Value returned if device not present on I2C bus.
  15:I2C_Interface.c **** */
  16:I2C_Interface.c **** #ifndef DEVICE_UNCONNECTED
  17:I2C_Interface.c ****     #define DEVICE_UNCONNECTED 0
  18:I2C_Interface.c **** #endif
  19:I2C_Interface.c **** 
  20:I2C_Interface.c **** #include "I2C_Interface.h" 
  21:I2C_Interface.c **** #include "I2C_Master.h"
  22:I2C_Interface.c **** 
  23:I2C_Interface.c ****     ErrorCode I2C_Peripheral_Start(void) 
  24:I2C_Interface.c ****     {
  28              		.loc 1 24 0
  29              		.cfi_startproc
  30              		@ args = 0, pretend = 0, frame = 0
  31              		@ frame_needed = 0, uses_anonymous_args = 0
  32 0000 08B5     		push	{r3, lr}
  33              		.cfi_def_cfa_offset 8
ARM GAS  C:\Users\annat\AppData\Local\Temp\ccs4K4nN.s 			page 2


  34              		.cfi_offset 3, -8
  35              		.cfi_offset 14, -4
  25:I2C_Interface.c ****         // Start I2C peripheral
  26:I2C_Interface.c ****         I2C_Master_Start();  
  36              		.loc 1 26 0
  37 0002 FFF7FEFF 		bl	I2C_Master_Start
  38              	.LVL0:
  27:I2C_Interface.c ****         
  28:I2C_Interface.c ****         // Return no error since start function does not return any error
  29:I2C_Interface.c ****         return NO_ERROR;
  30:I2C_Interface.c ****     }
  39              		.loc 1 30 0
  40 0006 0020     		movs	r0, #0
  41 0008 08BD     		pop	{r3, pc}
  42              		.cfi_endproc
  43              	.LFE0:
  44              		.size	I2C_Peripheral_Start, .-I2C_Peripheral_Start
  45 000a 00BF     		.section	.text.I2C_Peripheral_Stop,"ax",%progbits
  46              		.align	2
  47              		.global	I2C_Peripheral_Stop
  48              		.thumb
  49              		.thumb_func
  50              		.type	I2C_Peripheral_Stop, %function
  51              	I2C_Peripheral_Stop:
  52              	.LFB1:
  31:I2C_Interface.c ****     
  32:I2C_Interface.c ****     
  33:I2C_Interface.c ****     ErrorCode I2C_Peripheral_Stop(void)
  34:I2C_Interface.c ****     {
  53              		.loc 1 34 0
  54              		.cfi_startproc
  55              		@ args = 0, pretend = 0, frame = 0
  56              		@ frame_needed = 0, uses_anonymous_args = 0
  57 0000 08B5     		push	{r3, lr}
  58              		.cfi_def_cfa_offset 8
  59              		.cfi_offset 3, -8
  60              		.cfi_offset 14, -4
  35:I2C_Interface.c ****         // Stop I2C peripheral
  36:I2C_Interface.c ****         I2C_Master_Stop();
  61              		.loc 1 36 0
  62 0002 FFF7FEFF 		bl	I2C_Master_Stop
  63              	.LVL1:
  37:I2C_Interface.c ****         // Return no error since stop function does not return any error
  38:I2C_Interface.c ****         return NO_ERROR;
  39:I2C_Interface.c ****     }
  64              		.loc 1 39 0
  65 0006 0020     		movs	r0, #0
  66 0008 08BD     		pop	{r3, pc}
  67              		.cfi_endproc
  68              	.LFE1:
  69              		.size	I2C_Peripheral_Stop, .-I2C_Peripheral_Stop
  70 000a 00BF     		.section	.text.I2C_Peripheral_ReadRegister,"ax",%progbits
  71              		.align	2
  72              		.global	I2C_Peripheral_ReadRegister
  73              		.thumb
  74              		.thumb_func
  75              		.type	I2C_Peripheral_ReadRegister, %function
ARM GAS  C:\Users\annat\AppData\Local\Temp\ccs4K4nN.s 			page 3


  76              	I2C_Peripheral_ReadRegister:
  77              	.LFB2:
  40:I2C_Interface.c **** 
  41:I2C_Interface.c ****     ErrorCode I2C_Peripheral_ReadRegister(uint8_t device_address, 
  42:I2C_Interface.c ****                                             uint8_t register_address,
  43:I2C_Interface.c ****                                             uint8_t* data)
  44:I2C_Interface.c ****     {
  78              		.loc 1 44 0
  79              		.cfi_startproc
  80              		@ args = 0, pretend = 0, frame = 0
  81              		@ frame_needed = 0, uses_anonymous_args = 0
  82              	.LVL2:
  83 0000 F8B5     		push	{r3, r4, r5, r6, r7, lr}
  84              		.cfi_def_cfa_offset 24
  85              		.cfi_offset 3, -24
  86              		.cfi_offset 4, -20
  87              		.cfi_offset 5, -16
  88              		.cfi_offset 6, -12
  89              		.cfi_offset 7, -8
  90              		.cfi_offset 14, -4
  91 0002 0646     		mov	r6, r0
  92 0004 0D46     		mov	r5, r1
  93 0006 1746     		mov	r7, r2
  45:I2C_Interface.c ****         // Send start condition
  46:I2C_Interface.c ****         uint8_t error = I2C_Master_MasterSendStart(device_address,I2C_Master_WRITE_XFER_MODE);
  94              		.loc 1 46 0
  95 0008 0021     		movs	r1, #0
  96              	.LVL3:
  97 000a FFF7FEFF 		bl	I2C_Master_MasterSendStart
  98              	.LVL4:
  47:I2C_Interface.c ****         if (error == I2C_Master_MSTR_NO_ERROR)
  99              		.loc 1 47 0
 100 000e 0446     		mov	r4, r0
 101 0010 68B9     		cbnz	r0, .L6
  48:I2C_Interface.c ****         {
  49:I2C_Interface.c ****             // Write address of register to be read
  50:I2C_Interface.c ****             error = I2C_Master_MasterWriteByte(register_address);
 102              		.loc 1 50 0
 103 0012 2846     		mov	r0, r5
 104              	.LVL5:
 105 0014 FFF7FEFF 		bl	I2C_Master_MasterWriteByte
 106              	.LVL6:
  51:I2C_Interface.c ****             if (error == I2C_Master_MSTR_NO_ERROR)
 107              		.loc 1 51 0
 108 0018 0446     		mov	r4, r0
 109 001a 40B9     		cbnz	r0, .L6
  52:I2C_Interface.c ****             {
  53:I2C_Interface.c ****                 // Send restart condition
  54:I2C_Interface.c ****                 error = I2C_Master_MasterSendRestart(device_address, I2C_Master_READ_XFER_MODE);
 110              		.loc 1 54 0
 111 001c 0121     		movs	r1, #1
 112 001e 3046     		mov	r0, r6
 113              	.LVL7:
 114 0020 FFF7FEFF 		bl	I2C_Master_MasterSendRestart
 115              	.LVL8:
  55:I2C_Interface.c ****                 if (error == I2C_Master_MSTR_NO_ERROR)
 116              		.loc 1 55 0
ARM GAS  C:\Users\annat\AppData\Local\Temp\ccs4K4nN.s 			page 4


 117 0024 0446     		mov	r4, r0
 118 0026 10B9     		cbnz	r0, .L6
  56:I2C_Interface.c ****                 {
  57:I2C_Interface.c ****                     // Read data without acknowledgement
  58:I2C_Interface.c ****                     *data = I2C_Master_MasterReadByte(I2C_Master_NAK_DATA);
 119              		.loc 1 58 0
 120 0028 FFF7FEFF 		bl	I2C_Master_MasterReadByte
 121              	.LVL9:
 122 002c 3870     		strb	r0, [r7]
 123              	.L6:
 124              	.LVL10:
  59:I2C_Interface.c ****                 }
  60:I2C_Interface.c ****             }
  61:I2C_Interface.c ****         }
  62:I2C_Interface.c ****         // Send stop condition
  63:I2C_Interface.c ****         I2C_Master_MasterSendStop();
 125              		.loc 1 63 0
 126 002e FFF7FEFF 		bl	I2C_Master_MasterSendStop
 127              	.LVL11:
  64:I2C_Interface.c ****         // Return error code
  65:I2C_Interface.c ****         return error ? ERROR : NO_ERROR;
  66:I2C_Interface.c ****     }
 128              		.loc 1 66 0
 129 0032 201C     		adds	r0, r4, #0
 130 0034 18BF     		it	ne
 131 0036 0120     		movne	r0, #1
 132 0038 F8BD     		pop	{r3, r4, r5, r6, r7, pc}
 133              		.cfi_endproc
 134              	.LFE2:
 135              		.size	I2C_Peripheral_ReadRegister, .-I2C_Peripheral_ReadRegister
 136 003a 00BF     		.section	.text.I2C_Peripheral_ReadRegisterMulti,"ax",%progbits
 137              		.align	2
 138              		.global	I2C_Peripheral_ReadRegisterMulti
 139              		.thumb
 140              		.thumb_func
 141              		.type	I2C_Peripheral_ReadRegisterMulti, %function
 142              	I2C_Peripheral_ReadRegisterMulti:
 143              	.LFB3:
  67:I2C_Interface.c ****     
  68:I2C_Interface.c ****     ErrorCode I2C_Peripheral_ReadRegisterMulti(uint8_t device_address,
  69:I2C_Interface.c ****                                                 uint8_t register_address,
  70:I2C_Interface.c ****                                                 uint8_t register_count,
  71:I2C_Interface.c ****                                                 uint8_t* data)
  72:I2C_Interface.c ****     {
 144              		.loc 1 72 0
 145              		.cfi_startproc
 146              		@ args = 0, pretend = 0, frame = 0
 147              		@ frame_needed = 0, uses_anonymous_args = 0
 148              	.LVL12:
 149 0000 2DE9F041 		push	{r4, r5, r6, r7, r8, lr}
 150              		.cfi_def_cfa_offset 24
 151              		.cfi_offset 4, -24
 152              		.cfi_offset 5, -20
 153              		.cfi_offset 6, -16
 154              		.cfi_offset 7, -12
 155              		.cfi_offset 8, -8
 156              		.cfi_offset 14, -4
ARM GAS  C:\Users\annat\AppData\Local\Temp\ccs4K4nN.s 			page 5


 157 0004 0646     		mov	r6, r0
 158 0006 0D46     		mov	r5, r1
 159 0008 9046     		mov	r8, r2
 160 000a 1F46     		mov	r7, r3
  73:I2C_Interface.c ****         
  74:I2C_Interface.c ****         uint8_t error = I2C_Master_MasterSendStart(device_address,I2C_Master_WRITE_XFER_MODE);
 161              		.loc 1 74 0
 162 000c 0021     		movs	r1, #0
 163              	.LVL13:
 164 000e FFF7FEFF 		bl	I2C_Master_MasterSendStart
 165              	.LVL14:
  75:I2C_Interface.c ****         if (error == I2C_Master_MSTR_NO_ERROR)
 166              		.loc 1 75 0
 167 0012 0446     		mov	r4, r0
 168 0014 B0B9     		cbnz	r0, .L9
  76:I2C_Interface.c ****         {
  77:I2C_Interface.c ****             // Write address of register to be read
  78:I2C_Interface.c ****             error = I2C_Master_MasterWriteByte(register_address);
 169              		.loc 1 78 0
 170 0016 2846     		mov	r0, r5
 171              	.LVL15:
 172 0018 FFF7FEFF 		bl	I2C_Master_MasterWriteByte
 173              	.LVL16:
  79:I2C_Interface.c ****             if (error == I2C_Master_MSTR_NO_ERROR)
 174              		.loc 1 79 0
 175 001c 0446     		mov	r4, r0
 176 001e 88B9     		cbnz	r0, .L9
  80:I2C_Interface.c ****             {
  81:I2C_Interface.c ****                 // Send restart condition
  82:I2C_Interface.c ****                 error = I2C_Master_MasterSendRestart(device_address, I2C_Master_READ_XFER_MODE);
 177              		.loc 1 82 0
 178 0020 0121     		movs	r1, #1
 179 0022 3046     		mov	r0, r6
 180              	.LVL17:
 181 0024 FFF7FEFF 		bl	I2C_Master_MasterSendRestart
 182              	.LVL18:
  83:I2C_Interface.c ****                 if (error == I2C_Master_MSTR_NO_ERROR)
 183              		.loc 1 83 0
 184 0028 0446     		mov	r4, r0
 185 002a 58B9     		cbnz	r0, .L9
  84:I2C_Interface.c ****                 {
  85:I2C_Interface.c ****                     // Read data without acknowledgement
  86:I2C_Interface.c ****                     if(register_count == 0){
 186              		.loc 1 86 0
 187 002c B8F1000F 		cmp	r8, #0
 188 0030 04D1     		bne	.L10
  87:I2C_Interface.c ****                         *data = I2C_Master_MasterReadByte(I2C_Master_ACK_DATA);
 189              		.loc 1 87 0
 190 0032 0120     		movs	r0, #1
 191              	.LVL19:
 192 0034 FFF7FEFF 		bl	I2C_Master_MasterReadByte
 193              	.LVL20:
 194 0038 3870     		strb	r0, [r7]
 195 003a 03E0     		b	.L9
 196              	.LVL21:
 197              	.L10:
  88:I2C_Interface.c ****                     }else{
ARM GAS  C:\Users\annat\AppData\Local\Temp\ccs4K4nN.s 			page 6


  89:I2C_Interface.c ****                         *data = I2C_Master_MasterReadByte(I2C_Master_NAK_DATA);
 198              		.loc 1 89 0
 199 003c 0020     		movs	r0, #0
 200              	.LVL22:
 201 003e FFF7FEFF 		bl	I2C_Master_MasterReadByte
 202              	.LVL23:
 203 0042 3870     		strb	r0, [r7]
 204              	.L9:
 205              	.LVL24:
  90:I2C_Interface.c ****                     }
  91:I2C_Interface.c ****                 }
  92:I2C_Interface.c ****             }
  93:I2C_Interface.c ****         }
  94:I2C_Interface.c ****         // Send stop condition
  95:I2C_Interface.c ****         I2C_Master_MasterSendStop();
 206              		.loc 1 95 0
 207 0044 FFF7FEFF 		bl	I2C_Master_MasterSendStop
 208              	.LVL25:
  96:I2C_Interface.c ****         // Return error code
  97:I2C_Interface.c ****         return error ? ERROR : NO_ERROR;
  98:I2C_Interface.c ****         
  99:I2C_Interface.c ****     }
 209              		.loc 1 99 0
 210 0048 201C     		adds	r0, r4, #0
 211 004a 18BF     		it	ne
 212 004c 0120     		movne	r0, #1
 213 004e BDE8F081 		pop	{r4, r5, r6, r7, r8, pc}
 214              		.cfi_endproc
 215              	.LFE3:
 216              		.size	I2C_Peripheral_ReadRegisterMulti, .-I2C_Peripheral_ReadRegisterMulti
 217 0052 00BF     		.section	.text.I2C_Peripheral_WriteRegister,"ax",%progbits
 218              		.align	2
 219              		.global	I2C_Peripheral_WriteRegister
 220              		.thumb
 221              		.thumb_func
 222              		.type	I2C_Peripheral_WriteRegister, %function
 223              	I2C_Peripheral_WriteRegister:
 224              	.LFB4:
 100:I2C_Interface.c ****     
 101:I2C_Interface.c ****     ErrorCode I2C_Peripheral_WriteRegister(uint8_t device_address,
 102:I2C_Interface.c ****                                             uint8_t register_address,
 103:I2C_Interface.c ****                                             uint8_t data)
 104:I2C_Interface.c ****     {
 225              		.loc 1 104 0
 226              		.cfi_startproc
 227              		@ args = 0, pretend = 0, frame = 0
 228              		@ frame_needed = 0, uses_anonymous_args = 0
 229              	.LVL26:
 230 0000 70B5     		push	{r4, r5, r6, lr}
 231              		.cfi_def_cfa_offset 16
 232              		.cfi_offset 4, -16
 233              		.cfi_offset 5, -12
 234              		.cfi_offset 6, -8
 235              		.cfi_offset 14, -4
 236 0002 0D46     		mov	r5, r1
 237 0004 1646     		mov	r6, r2
 105:I2C_Interface.c ****         // Send start condition
ARM GAS  C:\Users\annat\AppData\Local\Temp\ccs4K4nN.s 			page 7


 106:I2C_Interface.c ****         uint8_t error = I2C_Master_MasterSendStart(device_address, I2C_Master_WRITE_XFER_MODE);
 238              		.loc 1 106 0
 239 0006 0021     		movs	r1, #0
 240              	.LVL27:
 241 0008 FFF7FEFF 		bl	I2C_Master_MasterSendStart
 242              	.LVL28:
 107:I2C_Interface.c ****         if (error == I2C_Master_MSTR_NO_ERROR)
 243              		.loc 1 107 0
 244 000c 0446     		mov	r4, r0
 245 000e 40B9     		cbnz	r0, .L13
 108:I2C_Interface.c ****         {
 109:I2C_Interface.c ****             // Write register address
 110:I2C_Interface.c ****             error = I2C_Master_MasterWriteByte(register_address);
 246              		.loc 1 110 0
 247 0010 2846     		mov	r0, r5
 248              	.LVL29:
 249 0012 FFF7FEFF 		bl	I2C_Master_MasterWriteByte
 250              	.LVL30:
 111:I2C_Interface.c ****             if (error == I2C_Master_MSTR_NO_ERROR)
 251              		.loc 1 111 0
 252 0016 0446     		mov	r4, r0
 253 0018 18B9     		cbnz	r0, .L13
 112:I2C_Interface.c ****             {
 113:I2C_Interface.c ****                 // Write byte of interest
 114:I2C_Interface.c ****                 error = I2C_Master_MasterWriteByte(data);
 254              		.loc 1 114 0
 255 001a 3046     		mov	r0, r6
 256              	.LVL31:
 257 001c FFF7FEFF 		bl	I2C_Master_MasterWriteByte
 258              	.LVL32:
 259 0020 0446     		mov	r4, r0
 260              	.LVL33:
 261              	.L13:
 115:I2C_Interface.c ****             }
 116:I2C_Interface.c ****         }
 117:I2C_Interface.c ****         // Send stop condition
 118:I2C_Interface.c ****         I2C_Master_MasterSendStop();
 262              		.loc 1 118 0
 263 0022 FFF7FEFF 		bl	I2C_Master_MasterSendStop
 264              	.LVL34:
 119:I2C_Interface.c ****         // Return error code
 120:I2C_Interface.c ****         return error ? ERROR : NO_ERROR;
 121:I2C_Interface.c ****     }
 265              		.loc 1 121 0
 266 0026 201C     		adds	r0, r4, #0
 267 0028 18BF     		it	ne
 268 002a 0120     		movne	r0, #1
 269 002c 70BD     		pop	{r4, r5, r6, pc}
 270              		.cfi_endproc
 271              	.LFE4:
 272              		.size	I2C_Peripheral_WriteRegister, .-I2C_Peripheral_WriteRegister
 273 002e 00BF     		.section	.text.I2C_Peripheral_WriteRegisterMulti,"ax",%progbits
 274              		.align	2
 275              		.global	I2C_Peripheral_WriteRegisterMulti
 276              		.thumb
 277              		.thumb_func
 278              		.type	I2C_Peripheral_WriteRegisterMulti, %function
ARM GAS  C:\Users\annat\AppData\Local\Temp\ccs4K4nN.s 			page 8


 279              	I2C_Peripheral_WriteRegisterMulti:
 280              	.LFB5:
 122:I2C_Interface.c ****     
 123:I2C_Interface.c ****     ErrorCode I2C_Peripheral_WriteRegisterMulti(uint8_t device_address,
 124:I2C_Interface.c ****                                             uint8_t register_address,
 125:I2C_Interface.c ****                                             uint8_t register_count,
 126:I2C_Interface.c ****                                             uint8_t* data)
 127:I2C_Interface.c ****     {
 281              		.loc 1 127 0
 282              		.cfi_startproc
 283              		@ args = 0, pretend = 0, frame = 0
 284              		@ frame_needed = 0, uses_anonymous_args = 0
 285              		@ link register save eliminated.
 286              	.LVL35:
 287              	.LVL36:
 128:I2C_Interface.c ****         //TODO
 129:I2C_Interface.c ****     }
 288              		.loc 1 129 0
 289 0000 7047     		bx	lr
 290              		.cfi_endproc
 291              	.LFE5:
 292              		.size	I2C_Peripheral_WriteRegisterMulti, .-I2C_Peripheral_WriteRegisterMulti
 293 0002 00BF     		.section	.text.I2C_Peripheral_IsDeviceConnected,"ax",%progbits
 294              		.align	2
 295              		.global	I2C_Peripheral_IsDeviceConnected
 296              		.thumb
 297              		.thumb_func
 298              		.type	I2C_Peripheral_IsDeviceConnected, %function
 299              	I2C_Peripheral_IsDeviceConnected:
 300              	.LFB6:
 130:I2C_Interface.c ****     
 131:I2C_Interface.c ****     
 132:I2C_Interface.c ****     uint8_t I2C_Peripheral_IsDeviceConnected(uint8_t device_address)
 133:I2C_Interface.c ****     {
 301              		.loc 1 133 0
 302              		.cfi_startproc
 303              		@ args = 0, pretend = 0, frame = 0
 304              		@ frame_needed = 0, uses_anonymous_args = 0
 305              	.LVL37:
 306 0000 10B5     		push	{r4, lr}
 307              		.cfi_def_cfa_offset 8
 308              		.cfi_offset 4, -8
 309              		.cfi_offset 14, -4
 134:I2C_Interface.c ****         // Send a start condition followed by a stop condition
 135:I2C_Interface.c ****         uint8_t error = I2C_Master_MasterSendStart(device_address, I2C_Master_WRITE_XFER_MODE);
 310              		.loc 1 135 0
 311 0002 0021     		movs	r1, #0
 312 0004 FFF7FEFF 		bl	I2C_Master_MasterSendStart
 313              	.LVL38:
 314 0008 0446     		mov	r4, r0
 315              	.LVL39:
 136:I2C_Interface.c ****         I2C_Master_MasterSendStop();
 316              		.loc 1 136 0
 317 000a FFF7FEFF 		bl	I2C_Master_MasterSendStop
 318              	.LVL40:
 137:I2C_Interface.c ****         // If no error generated during stop, device is connected
 138:I2C_Interface.c ****         if (error == I2C_Master_MSTR_NO_ERROR)
ARM GAS  C:\Users\annat\AppData\Local\Temp\ccs4K4nN.s 			page 9


 319              		.loc 1 138 0
 320 000e 0CB9     		cbnz	r4, .L18
 139:I2C_Interface.c ****         {
 140:I2C_Interface.c ****             return DEVICE_CONNECTED;
 321              		.loc 1 140 0
 322 0010 0120     		movs	r0, #1
 323 0012 10BD     		pop	{r4, pc}
 324              	.LVL41:
 325              	.L18:
 141:I2C_Interface.c ****         }
 142:I2C_Interface.c ****         return DEVICE_UNCONNECTED;
 326              		.loc 1 142 0
 327 0014 0020     		movs	r0, #0
 143:I2C_Interface.c ****     }
 328              		.loc 1 143 0
 329 0016 10BD     		pop	{r4, pc}
 330              		.cfi_endproc
 331              	.LFE6:
 332              		.size	I2C_Peripheral_IsDeviceConnected, .-I2C_Peripheral_IsDeviceConnected
 333              		.text
 334              	.Letext0:
 335              		.file 2 "c:\\program files (x86)\\cypress\\psoc creator\\4.3\\psoc creator\\import\\gnu\\arm\\5.4.
 336              		.file 3 "c:\\program files (x86)\\cypress\\psoc creator\\4.3\\psoc creator\\import\\gnu\\arm\\5.4.
 337              		.file 4 "ErrorCodes.h"
 338              		.file 5 "Generated_Source\\PSoC5/I2C_Master.h"
 339              		.section	.debug_info,"",%progbits
 340              	.Ldebug_info0:
 341 0000 2D040000 		.4byte	0x42d
 342 0004 0400     		.2byte	0x4
 343 0006 00000000 		.4byte	.Ldebug_abbrev0
 344 000a 04       		.byte	0x4
 345 000b 01       		.uleb128 0x1
 346 000c F7000000 		.4byte	.LASF38
 347 0010 0C       		.byte	0xc
 348 0011 A3000000 		.4byte	.LASF39
 349 0015 0A000000 		.4byte	.LASF40
 350 0019 00000000 		.4byte	.Ldebug_ranges0+0
 351 001d 00000000 		.4byte	0
 352 0021 00000000 		.4byte	.Ldebug_line0
 353 0025 02       		.uleb128 0x2
 354 0026 01       		.byte	0x1
 355 0027 06       		.byte	0x6
 356 0028 6A030000 		.4byte	.LASF0
 357 002c 03       		.uleb128 0x3
 358 002d 00000000 		.4byte	.LASF9
 359 0031 02       		.byte	0x2
 360 0032 1D       		.byte	0x1d
 361 0033 37000000 		.4byte	0x37
 362 0037 02       		.uleb128 0x2
 363 0038 01       		.byte	0x1
 364 0039 08       		.byte	0x8
 365 003a E9000000 		.4byte	.LASF1
 366 003e 02       		.uleb128 0x2
 367 003f 02       		.byte	0x2
 368 0040 05       		.byte	0x5
 369 0041 1E030000 		.4byte	.LASF2
 370 0045 02       		.uleb128 0x2
ARM GAS  C:\Users\annat\AppData\Local\Temp\ccs4K4nN.s 			page 10


 371 0046 02       		.byte	0x2
 372 0047 07       		.byte	0x7
 373 0048 A7010000 		.4byte	.LASF3
 374 004c 02       		.uleb128 0x2
 375 004d 04       		.byte	0x4
 376 004e 05       		.byte	0x5
 377 004f 50030000 		.4byte	.LASF4
 378 0053 02       		.uleb128 0x2
 379 0054 04       		.byte	0x4
 380 0055 07       		.byte	0x7
 381 0056 58020000 		.4byte	.LASF5
 382 005a 02       		.uleb128 0x2
 383 005b 08       		.byte	0x8
 384 005c 05       		.byte	0x5
 385 005d C6020000 		.4byte	.LASF6
 386 0061 02       		.uleb128 0x2
 387 0062 08       		.byte	0x8
 388 0063 07       		.byte	0x7
 389 0064 77020000 		.4byte	.LASF7
 390 0068 04       		.uleb128 0x4
 391 0069 04       		.byte	0x4
 392 006a 05       		.byte	0x5
 393 006b 696E7400 		.ascii	"int\000"
 394 006f 02       		.uleb128 0x2
 395 0070 04       		.byte	0x4
 396 0071 07       		.byte	0x7
 397 0072 6A020000 		.4byte	.LASF8
 398 0076 03       		.uleb128 0x3
 399 0077 8E020000 		.4byte	.LASF10
 400 007b 03       		.byte	0x3
 401 007c 18       		.byte	0x18
 402 007d 2C000000 		.4byte	0x2c
 403 0081 02       		.uleb128 0x2
 404 0082 04       		.byte	0x4
 405 0083 04       		.byte	0x4
 406 0084 DE000000 		.4byte	.LASF11
 407 0088 02       		.uleb128 0x2
 408 0089 08       		.byte	0x8
 409 008a 04       		.byte	0x4
 410 008b F9010000 		.4byte	.LASF12
 411 008f 02       		.uleb128 0x2
 412 0090 01       		.byte	0x1
 413 0091 08       		.byte	0x8
 414 0092 59030000 		.4byte	.LASF13
 415 0096 05       		.uleb128 0x5
 416 0097 01       		.byte	0x1
 417 0098 37000000 		.4byte	0x37
 418 009c 04       		.byte	0x4
 419 009d 15       		.byte	0x15
 420 009e AF000000 		.4byte	0xaf
 421 00a2 06       		.uleb128 0x6
 422 00a3 47030000 		.4byte	.LASF14
 423 00a7 00       		.byte	0
 424 00a8 06       		.uleb128 0x6
 425 00a9 96020000 		.4byte	.LASF15
 426 00ad 01       		.byte	0x1
 427 00ae 00       		.byte	0
ARM GAS  C:\Users\annat\AppData\Local\Temp\ccs4K4nN.s 			page 11


 428 00af 03       		.uleb128 0x3
 429 00b0 B3000000 		.4byte	.LASF16
 430 00b4 04       		.byte	0x4
 431 00b5 18       		.byte	0x18
 432 00b6 96000000 		.4byte	0x96
 433 00ba 02       		.uleb128 0x2
 434 00bb 08       		.byte	0x8
 435 00bc 04       		.byte	0x4
 436 00bd 5E030000 		.4byte	.LASF17
 437 00c1 02       		.uleb128 0x2
 438 00c2 04       		.byte	0x4
 439 00c3 07       		.byte	0x7
 440 00c4 B7020000 		.4byte	.LASF18
 441 00c8 07       		.uleb128 0x7
 442 00c9 76030000 		.4byte	.LASF19
 443 00cd 01       		.byte	0x1
 444 00ce 17       		.byte	0x17
 445 00cf AF000000 		.4byte	0xaf
 446 00d3 00000000 		.4byte	.LFB0
 447 00d7 0A000000 		.4byte	.LFE0-.LFB0
 448 00db 01       		.uleb128 0x1
 449 00dc 9C       		.byte	0x9c
 450 00dd EB000000 		.4byte	0xeb
 451 00e1 08       		.uleb128 0x8
 452 00e2 06000000 		.4byte	.LVL0
 453 00e6 E3030000 		.4byte	0x3e3
 454 00ea 00       		.byte	0
 455 00eb 07       		.uleb128 0x7
 456 00ec EE020000 		.4byte	.LASF20
 457 00f0 01       		.byte	0x1
 458 00f1 21       		.byte	0x21
 459 00f2 AF000000 		.4byte	0xaf
 460 00f6 00000000 		.4byte	.LFB1
 461 00fa 0A000000 		.4byte	.LFE1-.LFB1
 462 00fe 01       		.uleb128 0x1
 463 00ff 9C       		.byte	0x9c
 464 0100 0E010000 		.4byte	0x10e
 465 0104 08       		.uleb128 0x8
 466 0105 06000000 		.4byte	.LVL1
 467 0109 EE030000 		.4byte	0x3ee
 468 010d 00       		.byte	0
 469 010e 07       		.uleb128 0x7
 470 010f 02030000 		.4byte	.LASF21
 471 0113 01       		.byte	0x1
 472 0114 29       		.byte	0x29
 473 0115 AF000000 		.4byte	0xaf
 474 0119 00000000 		.4byte	.LFB2
 475 011d 3A000000 		.4byte	.LFE2-.LFB2
 476 0121 01       		.uleb128 0x1
 477 0122 9C       		.byte	0x9c
 478 0123 C7010000 		.4byte	0x1c7
 479 0127 09       		.uleb128 0x9
 480 0128 28030000 		.4byte	.LASF22
 481 012c 01       		.byte	0x1
 482 012d 29       		.byte	0x29
 483 012e 76000000 		.4byte	0x76
 484 0132 00000000 		.4byte	.LLST0
ARM GAS  C:\Users\annat\AppData\Local\Temp\ccs4K4nN.s 			page 12


 485 0136 09       		.uleb128 0x9
 486 0137 BA010000 		.4byte	.LASF23
 487 013b 01       		.byte	0x1
 488 013c 2A       		.byte	0x2a
 489 013d 76000000 		.4byte	0x76
 490 0141 21000000 		.4byte	.LLST1
 491 0145 09       		.uleb128 0x9
 492 0146 E4000000 		.4byte	.LASF24
 493 014a 01       		.byte	0x1
 494 014b 2B       		.byte	0x2b
 495 014c C7010000 		.4byte	0x1c7
 496 0150 42000000 		.4byte	.LLST2
 497 0154 0A       		.uleb128 0xa
 498 0155 C0020000 		.4byte	.LASF27
 499 0159 01       		.byte	0x1
 500 015a 2E       		.byte	0x2e
 501 015b 76000000 		.4byte	0x76
 502 015f 60000000 		.4byte	.LLST3
 503 0163 0B       		.uleb128 0xb
 504 0164 0E000000 		.4byte	.LVL4
 505 0168 F9030000 		.4byte	0x3f9
 506 016c 7C010000 		.4byte	0x17c
 507 0170 0C       		.uleb128 0xc
 508 0171 01       		.uleb128 0x1
 509 0172 50       		.byte	0x50
 510 0173 02       		.uleb128 0x2
 511 0174 76       		.byte	0x76
 512 0175 00       		.sleb128 0
 513 0176 0C       		.uleb128 0xc
 514 0177 01       		.uleb128 0x1
 515 0178 51       		.byte	0x51
 516 0179 01       		.uleb128 0x1
 517 017a 30       		.byte	0x30
 518 017b 00       		.byte	0
 519 017c 0B       		.uleb128 0xb
 520 017d 18000000 		.4byte	.LVL6
 521 0181 04040000 		.4byte	0x404
 522 0185 90010000 		.4byte	0x190
 523 0189 0C       		.uleb128 0xc
 524 018a 01       		.uleb128 0x1
 525 018b 50       		.byte	0x50
 526 018c 02       		.uleb128 0x2
 527 018d 75       		.byte	0x75
 528 018e 00       		.sleb128 0
 529 018f 00       		.byte	0
 530 0190 0B       		.uleb128 0xb
 531 0191 24000000 		.4byte	.LVL8
 532 0195 0F040000 		.4byte	0x40f
 533 0199 A9010000 		.4byte	0x1a9
 534 019d 0C       		.uleb128 0xc
 535 019e 01       		.uleb128 0x1
 536 019f 50       		.byte	0x50
 537 01a0 02       		.uleb128 0x2
 538 01a1 76       		.byte	0x76
 539 01a2 00       		.sleb128 0
 540 01a3 0C       		.uleb128 0xc
 541 01a4 01       		.uleb128 0x1
ARM GAS  C:\Users\annat\AppData\Local\Temp\ccs4K4nN.s 			page 13


 542 01a5 51       		.byte	0x51
 543 01a6 01       		.uleb128 0x1
 544 01a7 31       		.byte	0x31
 545 01a8 00       		.byte	0
 546 01a9 0B       		.uleb128 0xb
 547 01aa 2C000000 		.4byte	.LVL9
 548 01ae 1A040000 		.4byte	0x41a
 549 01b2 BD010000 		.4byte	0x1bd
 550 01b6 0C       		.uleb128 0xc
 551 01b7 01       		.uleb128 0x1
 552 01b8 50       		.byte	0x50
 553 01b9 02       		.uleb128 0x2
 554 01ba 74       		.byte	0x74
 555 01bb 00       		.sleb128 0
 556 01bc 00       		.byte	0
 557 01bd 08       		.uleb128 0x8
 558 01be 32000000 		.4byte	.LVL11
 559 01c2 25040000 		.4byte	0x425
 560 01c6 00       		.byte	0
 561 01c7 0D       		.uleb128 0xd
 562 01c8 04       		.byte	0x4
 563 01c9 76000000 		.4byte	0x76
 564 01cd 07       		.uleb128 0x7
 565 01ce 00020000 		.4byte	.LASF25
 566 01d2 01       		.byte	0x1
 567 01d3 44       		.byte	0x44
 568 01d4 AF000000 		.4byte	0xaf
 569 01d8 00000000 		.4byte	.LFB3
 570 01dc 52000000 		.4byte	.LFE3-.LFB3
 571 01e0 01       		.uleb128 0x1
 572 01e1 9C       		.byte	0x9c
 573 01e2 A7020000 		.4byte	0x2a7
 574 01e6 09       		.uleb128 0x9
 575 01e7 28030000 		.4byte	.LASF22
 576 01eb 01       		.byte	0x1
 577 01ec 44       		.byte	0x44
 578 01ed 76000000 		.4byte	0x76
 579 01f1 94000000 		.4byte	.LLST4
 580 01f5 09       		.uleb128 0x9
 581 01f6 BA010000 		.4byte	.LASF23
 582 01fa 01       		.byte	0x1
 583 01fb 45       		.byte	0x45
 584 01fc 76000000 		.4byte	0x76
 585 0200 B5000000 		.4byte	.LLST5
 586 0204 09       		.uleb128 0x9
 587 0205 94000000 		.4byte	.LASF26
 588 0209 01       		.byte	0x1
 589 020a 46       		.byte	0x46
 590 020b 76000000 		.4byte	0x76
 591 020f D6000000 		.4byte	.LLST6
 592 0213 09       		.uleb128 0x9
 593 0214 E4000000 		.4byte	.LASF24
 594 0218 01       		.byte	0x1
 595 0219 47       		.byte	0x47
 596 021a C7010000 		.4byte	0x1c7
 597 021e F7000000 		.4byte	.LLST7
 598 0222 0A       		.uleb128 0xa
ARM GAS  C:\Users\annat\AppData\Local\Temp\ccs4K4nN.s 			page 14


 599 0223 C0020000 		.4byte	.LASF27
 600 0227 01       		.byte	0x1
 601 0228 4A       		.byte	0x4a
 602 0229 76000000 		.4byte	0x76
 603 022d 15010000 		.4byte	.LLST8
 604 0231 0B       		.uleb128 0xb
 605 0232 12000000 		.4byte	.LVL14
 606 0236 F9030000 		.4byte	0x3f9
 607 023a 4A020000 		.4byte	0x24a
 608 023e 0C       		.uleb128 0xc
 609 023f 01       		.uleb128 0x1
 610 0240 50       		.byte	0x50
 611 0241 02       		.uleb128 0x2
 612 0242 76       		.byte	0x76
 613 0243 00       		.sleb128 0
 614 0244 0C       		.uleb128 0xc
 615 0245 01       		.uleb128 0x1
 616 0246 51       		.byte	0x51
 617 0247 01       		.uleb128 0x1
 618 0248 30       		.byte	0x30
 619 0249 00       		.byte	0
 620 024a 0B       		.uleb128 0xb
 621 024b 1C000000 		.4byte	.LVL16
 622 024f 04040000 		.4byte	0x404
 623 0253 5E020000 		.4byte	0x25e
 624 0257 0C       		.uleb128 0xc
 625 0258 01       		.uleb128 0x1
 626 0259 50       		.byte	0x50
 627 025a 02       		.uleb128 0x2
 628 025b 75       		.byte	0x75
 629 025c 00       		.sleb128 0
 630 025d 00       		.byte	0
 631 025e 0B       		.uleb128 0xb
 632 025f 28000000 		.4byte	.LVL18
 633 0263 0F040000 		.4byte	0x40f
 634 0267 77020000 		.4byte	0x277
 635 026b 0C       		.uleb128 0xc
 636 026c 01       		.uleb128 0x1
 637 026d 50       		.byte	0x50
 638 026e 02       		.uleb128 0x2
 639 026f 76       		.byte	0x76
 640 0270 00       		.sleb128 0
 641 0271 0C       		.uleb128 0xc
 642 0272 01       		.uleb128 0x1
 643 0273 51       		.byte	0x51
 644 0274 01       		.uleb128 0x1
 645 0275 31       		.byte	0x31
 646 0276 00       		.byte	0
 647 0277 0B       		.uleb128 0xb
 648 0278 38000000 		.4byte	.LVL20
 649 027c 1A040000 		.4byte	0x41a
 650 0280 8A020000 		.4byte	0x28a
 651 0284 0C       		.uleb128 0xc
 652 0285 01       		.uleb128 0x1
 653 0286 50       		.byte	0x50
 654 0287 01       		.uleb128 0x1
 655 0288 31       		.byte	0x31
ARM GAS  C:\Users\annat\AppData\Local\Temp\ccs4K4nN.s 			page 15


 656 0289 00       		.byte	0
 657 028a 0B       		.uleb128 0xb
 658 028b 42000000 		.4byte	.LVL23
 659 028f 1A040000 		.4byte	0x41a
 660 0293 9D020000 		.4byte	0x29d
 661 0297 0C       		.uleb128 0xc
 662 0298 01       		.uleb128 0x1
 663 0299 50       		.byte	0x50
 664 029a 01       		.uleb128 0x1
 665 029b 30       		.byte	0x30
 666 029c 00       		.byte	0
 667 029d 08       		.uleb128 0x8
 668 029e 48000000 		.4byte	.LVL25
 669 02a2 25040000 		.4byte	0x425
 670 02a6 00       		.byte	0
 671 02a7 07       		.uleb128 0x7
 672 02a8 3B020000 		.4byte	.LASF28
 673 02ac 01       		.byte	0x1
 674 02ad 65       		.byte	0x65
 675 02ae AF000000 		.4byte	0xaf
 676 02b2 00000000 		.4byte	.LFB4
 677 02b6 2E000000 		.4byte	.LFE4-.LFB4
 678 02ba 01       		.uleb128 0x1
 679 02bb 9C       		.byte	0x9c
 680 02bc 41030000 		.4byte	0x341
 681 02c0 09       		.uleb128 0x9
 682 02c1 28030000 		.4byte	.LASF22
 683 02c5 01       		.byte	0x1
 684 02c6 65       		.byte	0x65
 685 02c7 76000000 		.4byte	0x76
 686 02cb 54010000 		.4byte	.LLST9
 687 02cf 09       		.uleb128 0x9
 688 02d0 BA010000 		.4byte	.LASF23
 689 02d4 01       		.byte	0x1
 690 02d5 66       		.byte	0x66
 691 02d6 76000000 		.4byte	0x76
 692 02da 75010000 		.4byte	.LLST10
 693 02de 09       		.uleb128 0x9
 694 02df E4000000 		.4byte	.LASF24
 695 02e3 01       		.byte	0x1
 696 02e4 67       		.byte	0x67
 697 02e5 76000000 		.4byte	0x76
 698 02e9 96010000 		.4byte	.LLST11
 699 02ed 0A       		.uleb128 0xa
 700 02ee C0020000 		.4byte	.LASF27
 701 02f2 01       		.byte	0x1
 702 02f3 6A       		.byte	0x6a
 703 02f4 76000000 		.4byte	0x76
 704 02f8 B7010000 		.4byte	.LLST12
 705 02fc 0B       		.uleb128 0xb
 706 02fd 0C000000 		.4byte	.LVL28
 707 0301 F9030000 		.4byte	0x3f9
 708 0305 0F030000 		.4byte	0x30f
 709 0309 0C       		.uleb128 0xc
 710 030a 01       		.uleb128 0x1
 711 030b 51       		.byte	0x51
 712 030c 01       		.uleb128 0x1
ARM GAS  C:\Users\annat\AppData\Local\Temp\ccs4K4nN.s 			page 16


 713 030d 30       		.byte	0x30
 714 030e 00       		.byte	0
 715 030f 0B       		.uleb128 0xb
 716 0310 16000000 		.4byte	.LVL30
 717 0314 04040000 		.4byte	0x404
 718 0318 23030000 		.4byte	0x323
 719 031c 0C       		.uleb128 0xc
 720 031d 01       		.uleb128 0x1
 721 031e 50       		.byte	0x50
 722 031f 02       		.uleb128 0x2
 723 0320 75       		.byte	0x75
 724 0321 00       		.sleb128 0
 725 0322 00       		.byte	0
 726 0323 0B       		.uleb128 0xb
 727 0324 20000000 		.4byte	.LVL32
 728 0328 04040000 		.4byte	0x404
 729 032c 37030000 		.4byte	0x337
 730 0330 0C       		.uleb128 0xc
 731 0331 01       		.uleb128 0x1
 732 0332 50       		.byte	0x50
 733 0333 02       		.uleb128 0x2
 734 0334 76       		.byte	0x76
 735 0335 00       		.sleb128 0
 736 0336 00       		.byte	0
 737 0337 08       		.uleb128 0x8
 738 0338 26000000 		.4byte	.LVL34
 739 033c 25040000 		.4byte	0x425
 740 0340 00       		.byte	0
 741 0341 07       		.uleb128 0x7
 742 0342 85010000 		.4byte	.LASF29
 743 0346 01       		.byte	0x1
 744 0347 7B       		.byte	0x7b
 745 0348 AF000000 		.4byte	0xaf
 746 034c 00000000 		.4byte	.LFB5
 747 0350 02000000 		.4byte	.LFE5-.LFB5
 748 0354 01       		.uleb128 0x1
 749 0355 9C       		.byte	0x9c
 750 0356 91030000 		.4byte	0x391
 751 035a 09       		.uleb128 0x9
 752 035b 28030000 		.4byte	.LASF22
 753 035f 01       		.byte	0x1
 754 0360 7B       		.byte	0x7b
 755 0361 76000000 		.4byte	0x76
 756 0365 E0010000 		.4byte	.LLST13
 757 0369 0E       		.uleb128 0xe
 758 036a BA010000 		.4byte	.LASF23
 759 036e 01       		.byte	0x1
 760 036f 7C       		.byte	0x7c
 761 0370 76000000 		.4byte	0x76
 762 0374 01       		.uleb128 0x1
 763 0375 51       		.byte	0x51
 764 0376 0E       		.uleb128 0xe
 765 0377 94000000 		.4byte	.LASF26
 766 037b 01       		.byte	0x1
 767 037c 7D       		.byte	0x7d
 768 037d 76000000 		.4byte	0x76
 769 0381 01       		.uleb128 0x1
ARM GAS  C:\Users\annat\AppData\Local\Temp\ccs4K4nN.s 			page 17


 770 0382 52       		.byte	0x52
 771 0383 0E       		.uleb128 0xe
 772 0384 E4000000 		.4byte	.LASF24
 773 0388 01       		.byte	0x1
 774 0389 7E       		.byte	0x7e
 775 038a C7010000 		.4byte	0x1c7
 776 038e 01       		.uleb128 0x1
 777 038f 53       		.byte	0x53
 778 0390 00       		.byte	0
 779 0391 07       		.uleb128 0x7
 780 0392 BD000000 		.4byte	.LASF30
 781 0396 01       		.byte	0x1
 782 0397 84       		.byte	0x84
 783 0398 76000000 		.4byte	0x76
 784 039c 00000000 		.4byte	.LFB6
 785 03a0 18000000 		.4byte	.LFE6-.LFB6
 786 03a4 01       		.uleb128 0x1
 787 03a5 9C       		.byte	0x9c
 788 03a6 E3030000 		.4byte	0x3e3
 789 03aa 09       		.uleb128 0x9
 790 03ab 28030000 		.4byte	.LASF22
 791 03af 01       		.byte	0x1
 792 03b0 84       		.byte	0x84
 793 03b1 76000000 		.4byte	0x76
 794 03b5 01020000 		.4byte	.LLST14
 795 03b9 0F       		.uleb128 0xf
 796 03ba C0020000 		.4byte	.LASF27
 797 03be 01       		.byte	0x1
 798 03bf 87       		.byte	0x87
 799 03c0 76000000 		.4byte	0x76
 800 03c4 01       		.uleb128 0x1
 801 03c5 54       		.byte	0x54
 802 03c6 0B       		.uleb128 0xb
 803 03c7 08000000 		.4byte	.LVL38
 804 03cb F9030000 		.4byte	0x3f9
 805 03cf D9030000 		.4byte	0x3d9
 806 03d3 0C       		.uleb128 0xc
 807 03d4 01       		.uleb128 0x1
 808 03d5 51       		.byte	0x51
 809 03d6 01       		.uleb128 0x1
 810 03d7 30       		.byte	0x30
 811 03d8 00       		.byte	0
 812 03d9 08       		.uleb128 0x8
 813 03da 0E000000 		.4byte	.LVL40
 814 03de 25040000 		.4byte	0x425
 815 03e2 00       		.byte	0
 816 03e3 10       		.uleb128 0x10
 817 03e4 E8010000 		.4byte	.LASF31
 818 03e8 E8010000 		.4byte	.LASF31
 819 03ec 05       		.byte	0x5
 820 03ed 93       		.byte	0x93
 821 03ee 10       		.uleb128 0x10
 822 03ef 37030000 		.4byte	.LASF32
 823 03f3 37030000 		.4byte	.LASF32
 824 03f7 05       		.byte	0x5
 825 03f8 94       		.byte	0x94
 826 03f9 10       		.uleb128 0x10
ARM GAS  C:\Users\annat\AppData\Local\Temp\ccs4K4nN.s 			page 18


 827 03fa 9C020000 		.4byte	.LASF33
 828 03fe 9C020000 		.4byte	.LASF33
 829 0402 05       		.byte	0x5
 830 0403 B1       		.byte	0xb1
 831 0404 10       		.uleb128 0x10
 832 0405 79000000 		.4byte	.LASF34
 833 0409 79000000 		.4byte	.LASF34
 834 040d 05       		.byte	0x5
 835 040e B6       		.byte	0xb6
 836 040f 10       		.uleb128 0x10
 837 0410 CB010000 		.4byte	.LASF35
 838 0414 CB010000 		.4byte	.LASF35
 839 0418 05       		.byte	0x5
 840 0419 B3       		.byte	0xb3
 841 041a 10       		.uleb128 0x10
 842 041b 21020000 		.4byte	.LASF36
 843 041f 21020000 		.4byte	.LASF36
 844 0423 05       		.byte	0x5
 845 0424 B7       		.byte	0xb7
 846 0425 10       		.uleb128 0x10
 847 0426 D4020000 		.4byte	.LASF37
 848 042a D4020000 		.4byte	.LASF37
 849 042e 05       		.byte	0x5
 850 042f B5       		.byte	0xb5
 851 0430 00       		.byte	0
 852              		.section	.debug_abbrev,"",%progbits
 853              	.Ldebug_abbrev0:
 854 0000 01       		.uleb128 0x1
 855 0001 11       		.uleb128 0x11
 856 0002 01       		.byte	0x1
 857 0003 25       		.uleb128 0x25
 858 0004 0E       		.uleb128 0xe
 859 0005 13       		.uleb128 0x13
 860 0006 0B       		.uleb128 0xb
 861 0007 03       		.uleb128 0x3
 862 0008 0E       		.uleb128 0xe
 863 0009 1B       		.uleb128 0x1b
 864 000a 0E       		.uleb128 0xe
 865 000b 55       		.uleb128 0x55
 866 000c 17       		.uleb128 0x17
 867 000d 11       		.uleb128 0x11
 868 000e 01       		.uleb128 0x1
 869 000f 10       		.uleb128 0x10
 870 0010 17       		.uleb128 0x17
 871 0011 00       		.byte	0
 872 0012 00       		.byte	0
 873 0013 02       		.uleb128 0x2
 874 0014 24       		.uleb128 0x24
 875 0015 00       		.byte	0
 876 0016 0B       		.uleb128 0xb
 877 0017 0B       		.uleb128 0xb
 878 0018 3E       		.uleb128 0x3e
 879 0019 0B       		.uleb128 0xb
 880 001a 03       		.uleb128 0x3
 881 001b 0E       		.uleb128 0xe
 882 001c 00       		.byte	0
 883 001d 00       		.byte	0
ARM GAS  C:\Users\annat\AppData\Local\Temp\ccs4K4nN.s 			page 19


 884 001e 03       		.uleb128 0x3
 885 001f 16       		.uleb128 0x16
 886 0020 00       		.byte	0
 887 0021 03       		.uleb128 0x3
 888 0022 0E       		.uleb128 0xe
 889 0023 3A       		.uleb128 0x3a
 890 0024 0B       		.uleb128 0xb
 891 0025 3B       		.uleb128 0x3b
 892 0026 0B       		.uleb128 0xb
 893 0027 49       		.uleb128 0x49
 894 0028 13       		.uleb128 0x13
 895 0029 00       		.byte	0
 896 002a 00       		.byte	0
 897 002b 04       		.uleb128 0x4
 898 002c 24       		.uleb128 0x24
 899 002d 00       		.byte	0
 900 002e 0B       		.uleb128 0xb
 901 002f 0B       		.uleb128 0xb
 902 0030 3E       		.uleb128 0x3e
 903 0031 0B       		.uleb128 0xb
 904 0032 03       		.uleb128 0x3
 905 0033 08       		.uleb128 0x8
 906 0034 00       		.byte	0
 907 0035 00       		.byte	0
 908 0036 05       		.uleb128 0x5
 909 0037 04       		.uleb128 0x4
 910 0038 01       		.byte	0x1
 911 0039 0B       		.uleb128 0xb
 912 003a 0B       		.uleb128 0xb
 913 003b 49       		.uleb128 0x49
 914 003c 13       		.uleb128 0x13
 915 003d 3A       		.uleb128 0x3a
 916 003e 0B       		.uleb128 0xb
 917 003f 3B       		.uleb128 0x3b
 918 0040 0B       		.uleb128 0xb
 919 0041 01       		.uleb128 0x1
 920 0042 13       		.uleb128 0x13
 921 0043 00       		.byte	0
 922 0044 00       		.byte	0
 923 0045 06       		.uleb128 0x6
 924 0046 28       		.uleb128 0x28
 925 0047 00       		.byte	0
 926 0048 03       		.uleb128 0x3
 927 0049 0E       		.uleb128 0xe
 928 004a 1C       		.uleb128 0x1c
 929 004b 0B       		.uleb128 0xb
 930 004c 00       		.byte	0
 931 004d 00       		.byte	0
 932 004e 07       		.uleb128 0x7
 933 004f 2E       		.uleb128 0x2e
 934 0050 01       		.byte	0x1
 935 0051 3F       		.uleb128 0x3f
 936 0052 19       		.uleb128 0x19
 937 0053 03       		.uleb128 0x3
 938 0054 0E       		.uleb128 0xe
 939 0055 3A       		.uleb128 0x3a
 940 0056 0B       		.uleb128 0xb
ARM GAS  C:\Users\annat\AppData\Local\Temp\ccs4K4nN.s 			page 20


 941 0057 3B       		.uleb128 0x3b
 942 0058 0B       		.uleb128 0xb
 943 0059 27       		.uleb128 0x27
 944 005a 19       		.uleb128 0x19
 945 005b 49       		.uleb128 0x49
 946 005c 13       		.uleb128 0x13
 947 005d 11       		.uleb128 0x11
 948 005e 01       		.uleb128 0x1
 949 005f 12       		.uleb128 0x12
 950 0060 06       		.uleb128 0x6
 951 0061 40       		.uleb128 0x40
 952 0062 18       		.uleb128 0x18
 953 0063 9742     		.uleb128 0x2117
 954 0065 19       		.uleb128 0x19
 955 0066 01       		.uleb128 0x1
 956 0067 13       		.uleb128 0x13
 957 0068 00       		.byte	0
 958 0069 00       		.byte	0
 959 006a 08       		.uleb128 0x8
 960 006b 898201   		.uleb128 0x4109
 961 006e 00       		.byte	0
 962 006f 11       		.uleb128 0x11
 963 0070 01       		.uleb128 0x1
 964 0071 31       		.uleb128 0x31
 965 0072 13       		.uleb128 0x13
 966 0073 00       		.byte	0
 967 0074 00       		.byte	0
 968 0075 09       		.uleb128 0x9
 969 0076 05       		.uleb128 0x5
 970 0077 00       		.byte	0
 971 0078 03       		.uleb128 0x3
 972 0079 0E       		.uleb128 0xe
 973 007a 3A       		.uleb128 0x3a
 974 007b 0B       		.uleb128 0xb
 975 007c 3B       		.uleb128 0x3b
 976 007d 0B       		.uleb128 0xb
 977 007e 49       		.uleb128 0x49
 978 007f 13       		.uleb128 0x13
 979 0080 02       		.uleb128 0x2
 980 0081 17       		.uleb128 0x17
 981 0082 00       		.byte	0
 982 0083 00       		.byte	0
 983 0084 0A       		.uleb128 0xa
 984 0085 34       		.uleb128 0x34
 985 0086 00       		.byte	0
 986 0087 03       		.uleb128 0x3
 987 0088 0E       		.uleb128 0xe
 988 0089 3A       		.uleb128 0x3a
 989 008a 0B       		.uleb128 0xb
 990 008b 3B       		.uleb128 0x3b
 991 008c 0B       		.uleb128 0xb
 992 008d 49       		.uleb128 0x49
 993 008e 13       		.uleb128 0x13
 994 008f 02       		.uleb128 0x2
 995 0090 17       		.uleb128 0x17
 996 0091 00       		.byte	0
 997 0092 00       		.byte	0
ARM GAS  C:\Users\annat\AppData\Local\Temp\ccs4K4nN.s 			page 21


 998 0093 0B       		.uleb128 0xb
 999 0094 898201   		.uleb128 0x4109
 1000 0097 01       		.byte	0x1
 1001 0098 11       		.uleb128 0x11
 1002 0099 01       		.uleb128 0x1
 1003 009a 31       		.uleb128 0x31
 1004 009b 13       		.uleb128 0x13
 1005 009c 01       		.uleb128 0x1
 1006 009d 13       		.uleb128 0x13
 1007 009e 00       		.byte	0
 1008 009f 00       		.byte	0
 1009 00a0 0C       		.uleb128 0xc
 1010 00a1 8A8201   		.uleb128 0x410a
 1011 00a4 00       		.byte	0
 1012 00a5 02       		.uleb128 0x2
 1013 00a6 18       		.uleb128 0x18
 1014 00a7 9142     		.uleb128 0x2111
 1015 00a9 18       		.uleb128 0x18
 1016 00aa 00       		.byte	0
 1017 00ab 00       		.byte	0
 1018 00ac 0D       		.uleb128 0xd
 1019 00ad 0F       		.uleb128 0xf
 1020 00ae 00       		.byte	0
 1021 00af 0B       		.uleb128 0xb
 1022 00b0 0B       		.uleb128 0xb
 1023 00b1 49       		.uleb128 0x49
 1024 00b2 13       		.uleb128 0x13
 1025 00b3 00       		.byte	0
 1026 00b4 00       		.byte	0
 1027 00b5 0E       		.uleb128 0xe
 1028 00b6 05       		.uleb128 0x5
 1029 00b7 00       		.byte	0
 1030 00b8 03       		.uleb128 0x3
 1031 00b9 0E       		.uleb128 0xe
 1032 00ba 3A       		.uleb128 0x3a
 1033 00bb 0B       		.uleb128 0xb
 1034 00bc 3B       		.uleb128 0x3b
 1035 00bd 0B       		.uleb128 0xb
 1036 00be 49       		.uleb128 0x49
 1037 00bf 13       		.uleb128 0x13
 1038 00c0 02       		.uleb128 0x2
 1039 00c1 18       		.uleb128 0x18
 1040 00c2 00       		.byte	0
 1041 00c3 00       		.byte	0
 1042 00c4 0F       		.uleb128 0xf
 1043 00c5 34       		.uleb128 0x34
 1044 00c6 00       		.byte	0
 1045 00c7 03       		.uleb128 0x3
 1046 00c8 0E       		.uleb128 0xe
 1047 00c9 3A       		.uleb128 0x3a
 1048 00ca 0B       		.uleb128 0xb
 1049 00cb 3B       		.uleb128 0x3b
 1050 00cc 0B       		.uleb128 0xb
 1051 00cd 49       		.uleb128 0x49
 1052 00ce 13       		.uleb128 0x13
 1053 00cf 02       		.uleb128 0x2
 1054 00d0 18       		.uleb128 0x18
ARM GAS  C:\Users\annat\AppData\Local\Temp\ccs4K4nN.s 			page 22


 1055 00d1 00       		.byte	0
 1056 00d2 00       		.byte	0
 1057 00d3 10       		.uleb128 0x10
 1058 00d4 2E       		.uleb128 0x2e
 1059 00d5 00       		.byte	0
 1060 00d6 3F       		.uleb128 0x3f
 1061 00d7 19       		.uleb128 0x19
 1062 00d8 3C       		.uleb128 0x3c
 1063 00d9 19       		.uleb128 0x19
 1064 00da 6E       		.uleb128 0x6e
 1065 00db 0E       		.uleb128 0xe
 1066 00dc 03       		.uleb128 0x3
 1067 00dd 0E       		.uleb128 0xe
 1068 00de 3A       		.uleb128 0x3a
 1069 00df 0B       		.uleb128 0xb
 1070 00e0 3B       		.uleb128 0x3b
 1071 00e1 0B       		.uleb128 0xb
 1072 00e2 00       		.byte	0
 1073 00e3 00       		.byte	0
 1074 00e4 00       		.byte	0
 1075              		.section	.debug_loc,"",%progbits
 1076              	.Ldebug_loc0:
 1077              	.LLST0:
 1078 0000 00000000 		.4byte	.LVL2
 1079 0004 0D000000 		.4byte	.LVL4-1
 1080 0008 0100     		.2byte	0x1
 1081 000a 50       		.byte	0x50
 1082 000b 0D000000 		.4byte	.LVL4-1
 1083 000f 3A000000 		.4byte	.LFE2
 1084 0013 0400     		.2byte	0x4
 1085 0015 F3       		.byte	0xf3
 1086 0016 01       		.uleb128 0x1
 1087 0017 50       		.byte	0x50
 1088 0018 9F       		.byte	0x9f
 1089 0019 00000000 		.4byte	0
 1090 001d 00000000 		.4byte	0
 1091              	.LLST1:
 1092 0021 00000000 		.4byte	.LVL2
 1093 0025 0A000000 		.4byte	.LVL3
 1094 0029 0100     		.2byte	0x1
 1095 002b 51       		.byte	0x51
 1096 002c 0A000000 		.4byte	.LVL3
 1097 0030 3A000000 		.4byte	.LFE2
 1098 0034 0400     		.2byte	0x4
 1099 0036 F3       		.byte	0xf3
 1100 0037 01       		.uleb128 0x1
 1101 0038 51       		.byte	0x51
 1102 0039 9F       		.byte	0x9f
 1103 003a 00000000 		.4byte	0
 1104 003e 00000000 		.4byte	0
 1105              	.LLST2:
 1106 0042 00000000 		.4byte	.LVL2
 1107 0046 0D000000 		.4byte	.LVL4-1
 1108 004a 0100     		.2byte	0x1
 1109 004c 52       		.byte	0x52
 1110 004d 0D000000 		.4byte	.LVL4-1
 1111 0051 3A000000 		.4byte	.LFE2
ARM GAS  C:\Users\annat\AppData\Local\Temp\ccs4K4nN.s 			page 23


 1112 0055 0100     		.2byte	0x1
 1113 0057 57       		.byte	0x57
 1114 0058 00000000 		.4byte	0
 1115 005c 00000000 		.4byte	0
 1116              	.LLST3:
 1117 0060 0E000000 		.4byte	.LVL4
 1118 0064 14000000 		.4byte	.LVL5
 1119 0068 0100     		.2byte	0x1
 1120 006a 50       		.byte	0x50
 1121 006b 18000000 		.4byte	.LVL6
 1122 006f 20000000 		.4byte	.LVL7
 1123 0073 0100     		.2byte	0x1
 1124 0075 50       		.byte	0x50
 1125 0076 24000000 		.4byte	.LVL8
 1126 007a 2B000000 		.4byte	.LVL9-1
 1127 007e 0100     		.2byte	0x1
 1128 0080 50       		.byte	0x50
 1129 0081 2E000000 		.4byte	.LVL10
 1130 0085 3A000000 		.4byte	.LFE2
 1131 0089 0100     		.2byte	0x1
 1132 008b 54       		.byte	0x54
 1133 008c 00000000 		.4byte	0
 1134 0090 00000000 		.4byte	0
 1135              	.LLST4:
 1136 0094 00000000 		.4byte	.LVL12
 1137 0098 11000000 		.4byte	.LVL14-1
 1138 009c 0100     		.2byte	0x1
 1139 009e 50       		.byte	0x50
 1140 009f 11000000 		.4byte	.LVL14-1
 1141 00a3 52000000 		.4byte	.LFE3
 1142 00a7 0400     		.2byte	0x4
 1143 00a9 F3       		.byte	0xf3
 1144 00aa 01       		.uleb128 0x1
 1145 00ab 50       		.byte	0x50
 1146 00ac 9F       		.byte	0x9f
 1147 00ad 00000000 		.4byte	0
 1148 00b1 00000000 		.4byte	0
 1149              	.LLST5:
 1150 00b5 00000000 		.4byte	.LVL12
 1151 00b9 0E000000 		.4byte	.LVL13
 1152 00bd 0100     		.2byte	0x1
 1153 00bf 51       		.byte	0x51
 1154 00c0 0E000000 		.4byte	.LVL13
 1155 00c4 52000000 		.4byte	.LFE3
 1156 00c8 0400     		.2byte	0x4
 1157 00ca F3       		.byte	0xf3
 1158 00cb 01       		.uleb128 0x1
 1159 00cc 51       		.byte	0x51
 1160 00cd 9F       		.byte	0x9f
 1161 00ce 00000000 		.4byte	0
 1162 00d2 00000000 		.4byte	0
 1163              	.LLST6:
 1164 00d6 00000000 		.4byte	.LVL12
 1165 00da 11000000 		.4byte	.LVL14-1
 1166 00de 0100     		.2byte	0x1
 1167 00e0 52       		.byte	0x52
 1168 00e1 11000000 		.4byte	.LVL14-1
ARM GAS  C:\Users\annat\AppData\Local\Temp\ccs4K4nN.s 			page 24


 1169 00e5 52000000 		.4byte	.LFE3
 1170 00e9 0400     		.2byte	0x4
 1171 00eb F3       		.byte	0xf3
 1172 00ec 01       		.uleb128 0x1
 1173 00ed 52       		.byte	0x52
 1174 00ee 9F       		.byte	0x9f
 1175 00ef 00000000 		.4byte	0
 1176 00f3 00000000 		.4byte	0
 1177              	.LLST7:
 1178 00f7 00000000 		.4byte	.LVL12
 1179 00fb 11000000 		.4byte	.LVL14-1
 1180 00ff 0100     		.2byte	0x1
 1181 0101 53       		.byte	0x53
 1182 0102 11000000 		.4byte	.LVL14-1
 1183 0106 52000000 		.4byte	.LFE3
 1184 010a 0100     		.2byte	0x1
 1185 010c 57       		.byte	0x57
 1186 010d 00000000 		.4byte	0
 1187 0111 00000000 		.4byte	0
 1188              	.LLST8:
 1189 0115 12000000 		.4byte	.LVL14
 1190 0119 18000000 		.4byte	.LVL15
 1191 011d 0100     		.2byte	0x1
 1192 011f 50       		.byte	0x50
 1193 0120 1C000000 		.4byte	.LVL16
 1194 0124 24000000 		.4byte	.LVL17
 1195 0128 0100     		.2byte	0x1
 1196 012a 50       		.byte	0x50
 1197 012b 28000000 		.4byte	.LVL18
 1198 012f 34000000 		.4byte	.LVL19
 1199 0133 0100     		.2byte	0x1
 1200 0135 50       		.byte	0x50
 1201 0136 3C000000 		.4byte	.LVL21
 1202 013a 3E000000 		.4byte	.LVL22
 1203 013e 0100     		.2byte	0x1
 1204 0140 50       		.byte	0x50
 1205 0141 44000000 		.4byte	.LVL24
 1206 0145 52000000 		.4byte	.LFE3
 1207 0149 0100     		.2byte	0x1
 1208 014b 54       		.byte	0x54
 1209 014c 00000000 		.4byte	0
 1210 0150 00000000 		.4byte	0
 1211              	.LLST9:
 1212 0154 00000000 		.4byte	.LVL26
 1213 0158 0B000000 		.4byte	.LVL28-1
 1214 015c 0100     		.2byte	0x1
 1215 015e 50       		.byte	0x50
 1216 015f 0B000000 		.4byte	.LVL28-1
 1217 0163 2E000000 		.4byte	.LFE4
 1218 0167 0400     		.2byte	0x4
 1219 0169 F3       		.byte	0xf3
 1220 016a 01       		.uleb128 0x1
 1221 016b 50       		.byte	0x50
 1222 016c 9F       		.byte	0x9f
 1223 016d 00000000 		.4byte	0
 1224 0171 00000000 		.4byte	0
 1225              	.LLST10:
ARM GAS  C:\Users\annat\AppData\Local\Temp\ccs4K4nN.s 			page 25


 1226 0175 00000000 		.4byte	.LVL26
 1227 0179 08000000 		.4byte	.LVL27
 1228 017d 0100     		.2byte	0x1
 1229 017f 51       		.byte	0x51
 1230 0180 08000000 		.4byte	.LVL27
 1231 0184 2E000000 		.4byte	.LFE4
 1232 0188 0400     		.2byte	0x4
 1233 018a F3       		.byte	0xf3
 1234 018b 01       		.uleb128 0x1
 1235 018c 51       		.byte	0x51
 1236 018d 9F       		.byte	0x9f
 1237 018e 00000000 		.4byte	0
 1238 0192 00000000 		.4byte	0
 1239              	.LLST11:
 1240 0196 00000000 		.4byte	.LVL26
 1241 019a 0B000000 		.4byte	.LVL28-1
 1242 019e 0100     		.2byte	0x1
 1243 01a0 52       		.byte	0x52
 1244 01a1 0B000000 		.4byte	.LVL28-1
 1245 01a5 2E000000 		.4byte	.LFE4
 1246 01a9 0400     		.2byte	0x4
 1247 01ab F3       		.byte	0xf3
 1248 01ac 01       		.uleb128 0x1
 1249 01ad 52       		.byte	0x52
 1250 01ae 9F       		.byte	0x9f
 1251 01af 00000000 		.4byte	0
 1252 01b3 00000000 		.4byte	0
 1253              	.LLST12:
 1254 01b7 0C000000 		.4byte	.LVL28
 1255 01bb 12000000 		.4byte	.LVL29
 1256 01bf 0100     		.2byte	0x1
 1257 01c1 50       		.byte	0x50
 1258 01c2 16000000 		.4byte	.LVL30
 1259 01c6 1C000000 		.4byte	.LVL31
 1260 01ca 0100     		.2byte	0x1
 1261 01cc 50       		.byte	0x50
 1262 01cd 22000000 		.4byte	.LVL33
 1263 01d1 2E000000 		.4byte	.LFE4
 1264 01d5 0100     		.2byte	0x1
 1265 01d7 54       		.byte	0x54
 1266 01d8 00000000 		.4byte	0
 1267 01dc 00000000 		.4byte	0
 1268              	.LLST13:
 1269 01e0 00000000 		.4byte	.LVL35
 1270 01e4 00000000 		.4byte	.LVL36
 1271 01e8 0100     		.2byte	0x1
 1272 01ea 50       		.byte	0x50
 1273 01eb 00000000 		.4byte	.LVL36
 1274 01ef 02000000 		.4byte	.LFE5
 1275 01f3 0400     		.2byte	0x4
 1276 01f5 F3       		.byte	0xf3
 1277 01f6 01       		.uleb128 0x1
 1278 01f7 50       		.byte	0x50
 1279 01f8 9F       		.byte	0x9f
 1280 01f9 00000000 		.4byte	0
 1281 01fd 00000000 		.4byte	0
 1282              	.LLST14:
ARM GAS  C:\Users\annat\AppData\Local\Temp\ccs4K4nN.s 			page 26


 1283 0201 00000000 		.4byte	.LVL37
 1284 0205 07000000 		.4byte	.LVL38-1
 1285 0209 0100     		.2byte	0x1
 1286 020b 50       		.byte	0x50
 1287 020c 07000000 		.4byte	.LVL38-1
 1288 0210 18000000 		.4byte	.LFE6
 1289 0214 0400     		.2byte	0x4
 1290 0216 F3       		.byte	0xf3
 1291 0217 01       		.uleb128 0x1
 1292 0218 50       		.byte	0x50
 1293 0219 9F       		.byte	0x9f
 1294 021a 00000000 		.4byte	0
 1295 021e 00000000 		.4byte	0
 1296              		.section	.debug_aranges,"",%progbits
 1297 0000 4C000000 		.4byte	0x4c
 1298 0004 0200     		.2byte	0x2
 1299 0006 00000000 		.4byte	.Ldebug_info0
 1300 000a 04       		.byte	0x4
 1301 000b 00       		.byte	0
 1302 000c 0000     		.2byte	0
 1303 000e 0000     		.2byte	0
 1304 0010 00000000 		.4byte	.LFB0
 1305 0014 0A000000 		.4byte	.LFE0-.LFB0
 1306 0018 00000000 		.4byte	.LFB1
 1307 001c 0A000000 		.4byte	.LFE1-.LFB1
 1308 0020 00000000 		.4byte	.LFB2
 1309 0024 3A000000 		.4byte	.LFE2-.LFB2
 1310 0028 00000000 		.4byte	.LFB3
 1311 002c 52000000 		.4byte	.LFE3-.LFB3
 1312 0030 00000000 		.4byte	.LFB4
 1313 0034 2E000000 		.4byte	.LFE4-.LFB4
 1314 0038 00000000 		.4byte	.LFB5
 1315 003c 02000000 		.4byte	.LFE5-.LFB5
 1316 0040 00000000 		.4byte	.LFB6
 1317 0044 18000000 		.4byte	.LFE6-.LFB6
 1318 0048 00000000 		.4byte	0
 1319 004c 00000000 		.4byte	0
 1320              		.section	.debug_ranges,"",%progbits
 1321              	.Ldebug_ranges0:
 1322 0000 00000000 		.4byte	.LFB0
 1323 0004 0A000000 		.4byte	.LFE0
 1324 0008 00000000 		.4byte	.LFB1
 1325 000c 0A000000 		.4byte	.LFE1
 1326 0010 00000000 		.4byte	.LFB2
 1327 0014 3A000000 		.4byte	.LFE2
 1328 0018 00000000 		.4byte	.LFB3
 1329 001c 52000000 		.4byte	.LFE3
 1330 0020 00000000 		.4byte	.LFB4
 1331 0024 2E000000 		.4byte	.LFE4
 1332 0028 00000000 		.4byte	.LFB5
 1333 002c 02000000 		.4byte	.LFE5
 1334 0030 00000000 		.4byte	.LFB6
 1335 0034 18000000 		.4byte	.LFE6
 1336 0038 00000000 		.4byte	0
 1337 003c 00000000 		.4byte	0
 1338              		.section	.debug_line,"",%progbits
 1339              	.Ldebug_line0:
ARM GAS  C:\Users\annat\AppData\Local\Temp\ccs4K4nN.s 			page 27


 1340 0000 F3010000 		.section	.debug_str,"MS",%progbits,1
 1340      02005A01 
 1340      00000201 
 1340      FB0E0D00 
 1340      01010101 
 1341              	.LASF9:
 1342 0000 5F5F7569 		.ascii	"__uint8_t\000"
 1342      6E74385F 
 1342      7400
 1343              	.LASF40:
 1344 000a 433A5C55 		.ascii	"C:\\Users\\annat\\OneDrive\\Desktop\\POLITECNICO\\L"
 1344      73657273 
 1344      5C616E6E 
 1344      61745C4F 
 1344      6E654472 
 1345 0037 41425C50 		.ascii	"AB\\PSoC_03_Complete\\PSoC_03\\03-I2C_Master_Advanc"
 1345      536F435F 
 1345      30335F43 
 1345      6F6D706C 
 1345      6574655C 
 1346 0067 65645F43 		.ascii	"ed_Complete.cydsn\000"
 1346      6F6D706C 
 1346      6574652E 
 1346      63796473 
 1346      6E00
 1347              	.LASF34:
 1348 0079 4932435F 		.ascii	"I2C_Master_MasterWriteByte\000"
 1348      4D617374 
 1348      65725F4D 
 1348      61737465 
 1348      72577269 
 1349              	.LASF26:
 1350 0094 72656769 		.ascii	"register_count\000"
 1350      73746572 
 1350      5F636F75 
 1350      6E7400
 1351              	.LASF39:
 1352 00a3 4932435F 		.ascii	"I2C_Interface.c\000"
 1352      496E7465 
 1352      72666163 
 1352      652E6300 
 1353              	.LASF16:
 1354 00b3 4572726F 		.ascii	"ErrorCode\000"
 1354      72436F64 
 1354      6500
 1355              	.LASF30:
 1356 00bd 4932435F 		.ascii	"I2C_Peripheral_IsDeviceConnected\000"
 1356      50657269 
 1356      70686572 
 1356      616C5F49 
 1356      73446576 
 1357              	.LASF11:
 1358 00de 666C6F61 		.ascii	"float\000"
 1358      7400
 1359              	.LASF24:
 1360 00e4 64617461 		.ascii	"data\000"
 1360      00
ARM GAS  C:\Users\annat\AppData\Local\Temp\ccs4K4nN.s 			page 28


 1361              	.LASF1:
 1362 00e9 756E7369 		.ascii	"unsigned char\000"
 1362      676E6564 
 1362      20636861 
 1362      7200
 1363              	.LASF38:
 1364 00f7 474E5520 		.ascii	"GNU C11 5.4.1 20160609 (release) [ARM/embedded-5-br"
 1364      43313120 
 1364      352E342E 
 1364      31203230 
 1364      31363036 
 1365 012a 616E6368 		.ascii	"anch revision 237715] -mcpu=cortex-m3 -mthumb -g -O"
 1365      20726576 
 1365      6973696F 
 1365      6E203233 
 1365      37373135 
 1366 015d 67202D66 		.ascii	"g -ffunction-sections -ffat-lto-objects\000"
 1366      66756E63 
 1366      74696F6E 
 1366      2D736563 
 1366      74696F6E 
 1367              	.LASF29:
 1368 0185 4932435F 		.ascii	"I2C_Peripheral_WriteRegisterMulti\000"
 1368      50657269 
 1368      70686572 
 1368      616C5F57 
 1368      72697465 
 1369              	.LASF3:
 1370 01a7 73686F72 		.ascii	"short unsigned int\000"
 1370      7420756E 
 1370      7369676E 
 1370      65642069 
 1370      6E7400
 1371              	.LASF23:
 1372 01ba 72656769 		.ascii	"register_address\000"
 1372      73746572 
 1372      5F616464 
 1372      72657373 
 1372      00
 1373              	.LASF35:
 1374 01cb 4932435F 		.ascii	"I2C_Master_MasterSendRestart\000"
 1374      4D617374 
 1374      65725F4D 
 1374      61737465 
 1374      7253656E 
 1375              	.LASF31:
 1376 01e8 4932435F 		.ascii	"I2C_Master_Start\000"
 1376      4D617374 
 1376      65725F53 
 1376      74617274 
 1376      00
 1377              	.LASF12:
 1378 01f9 646F7562 		.ascii	"double\000"
 1378      6C6500
 1379              	.LASF25:
 1380 0200 4932435F 		.ascii	"I2C_Peripheral_ReadRegisterMulti\000"
 1380      50657269 
ARM GAS  C:\Users\annat\AppData\Local\Temp\ccs4K4nN.s 			page 29


 1380      70686572 
 1380      616C5F52 
 1380      65616452 
 1381              	.LASF36:
 1382 0221 4932435F 		.ascii	"I2C_Master_MasterReadByte\000"
 1382      4D617374 
 1382      65725F4D 
 1382      61737465 
 1382      72526561 
 1383              	.LASF28:
 1384 023b 4932435F 		.ascii	"I2C_Peripheral_WriteRegister\000"
 1384      50657269 
 1384      70686572 
 1384      616C5F57 
 1384      72697465 
 1385              	.LASF5:
 1386 0258 6C6F6E67 		.ascii	"long unsigned int\000"
 1386      20756E73 
 1386      69676E65 
 1386      6420696E 
 1386      7400
 1387              	.LASF8:
 1388 026a 756E7369 		.ascii	"unsigned int\000"
 1388      676E6564 
 1388      20696E74 
 1388      00
 1389              	.LASF7:
 1390 0277 6C6F6E67 		.ascii	"long long unsigned int\000"
 1390      206C6F6E 
 1390      6720756E 
 1390      7369676E 
 1390      65642069 
 1391              	.LASF10:
 1392 028e 75696E74 		.ascii	"uint8_t\000"
 1392      385F7400 
 1393              	.LASF15:
 1394 0296 4552524F 		.ascii	"ERROR\000"
 1394      5200
 1395              	.LASF33:
 1396 029c 4932435F 		.ascii	"I2C_Master_MasterSendStart\000"
 1396      4D617374 
 1396      65725F4D 
 1396      61737465 
 1396      7253656E 
 1397              	.LASF18:
 1398 02b7 73697A65 		.ascii	"sizetype\000"
 1398      74797065 
 1398      00
 1399              	.LASF27:
 1400 02c0 6572726F 		.ascii	"error\000"
 1400      7200
 1401              	.LASF6:
 1402 02c6 6C6F6E67 		.ascii	"long long int\000"
 1402      206C6F6E 
 1402      6720696E 
 1402      7400
 1403              	.LASF37:
ARM GAS  C:\Users\annat\AppData\Local\Temp\ccs4K4nN.s 			page 30


 1404 02d4 4932435F 		.ascii	"I2C_Master_MasterSendStop\000"
 1404      4D617374 
 1404      65725F4D 
 1404      61737465 
 1404      7253656E 
 1405              	.LASF20:
 1406 02ee 4932435F 		.ascii	"I2C_Peripheral_Stop\000"
 1406      50657269 
 1406      70686572 
 1406      616C5F53 
 1406      746F7000 
 1407              	.LASF21:
 1408 0302 4932435F 		.ascii	"I2C_Peripheral_ReadRegister\000"
 1408      50657269 
 1408      70686572 
 1408      616C5F52 
 1408      65616452 
 1409              	.LASF2:
 1410 031e 73686F72 		.ascii	"short int\000"
 1410      7420696E 
 1410      7400
 1411              	.LASF22:
 1412 0328 64657669 		.ascii	"device_address\000"
 1412      63655F61 
 1412      64647265 
 1412      737300
 1413              	.LASF32:
 1414 0337 4932435F 		.ascii	"I2C_Master_Stop\000"
 1414      4D617374 
 1414      65725F53 
 1414      746F7000 
 1415              	.LASF14:
 1416 0347 4E4F5F45 		.ascii	"NO_ERROR\000"
 1416      52524F52 
 1416      00
 1417              	.LASF4:
 1418 0350 6C6F6E67 		.ascii	"long int\000"
 1418      20696E74 
 1418      00
 1419              	.LASF13:
 1420 0359 63686172 		.ascii	"char\000"
 1420      00
 1421              	.LASF17:
 1422 035e 6C6F6E67 		.ascii	"long double\000"
 1422      20646F75 
 1422      626C6500 
 1423              	.LASF0:
 1424 036a 7369676E 		.ascii	"signed char\000"
 1424      65642063 
 1424      68617200 
 1425              	.LASF19:
 1426 0376 4932435F 		.ascii	"I2C_Peripheral_Start\000"
 1426      50657269 
 1426      70686572 
 1426      616C5F53 
 1426      74617274 
 1427              		.ident	"GCC: (GNU Tools for ARM Embedded Processors) 5.4.1 20160609 (release) [ARM/embedded-5-bran
ARM GAS  C:\Users\annat\AppData\Local\Temp\ccs4K4nN.s 			page 31


