ARM GAS  C:\Users\annat\AppData\Local\Temp\ccGT0wfh.s 			page 1


   1              		.syntax unified
   2              		.cpu cortex-m3
   3              		.fpu softvfp
   4              		.eabi_attribute 20, 1
   5              		.eabi_attribute 21, 1
   6              		.eabi_attribute 23, 3
   7              		.eabi_attribute 24, 1
   8              		.eabi_attribute 25, 1
   9              		.eabi_attribute 26, 1
  10              		.eabi_attribute 30, 1
  11              		.eabi_attribute 34, 1
  12              		.eabi_attribute 18, 4
  13              		.thumb
  14              		.syntax unified
  15              		.file	"main.c"
  16              		.text
  17              	.Ltext0:
  18              		.cfi_sections	.debug_frame
  19              		.section	.text.main,"ax",%progbits
  20              		.align	2
  21              		.global	main
  22              		.thumb
  23              		.thumb_func
  24              		.type	main, %function
  25              	main:
  26              	.LFB64:
  27              		.file 1 "main.c"
   1:main.c        **** /**
   2:main.c        **** * \brief Main source file for the I2C-Master project.
   3:main.c        **** *
   4:main.c        **** * In this project we set up a I2C master device with
   5:main.c        **** * to understand the I2C protocol and communicate with a
   6:main.c        **** * a I2C Slave device (LIS3DH Accelerometer).
   7:main.c        **** *
   8:main.c        **** * \author Gabriele Belotti
   9:main.c        **** * \date , 2020
  10:main.c        **** */
  11:main.c        **** 
  12:main.c        **** // Include required header files
  13:main.c        **** #include "InterruptRoutines.h"
  14:main.c        **** #include "project.h"
  15:main.c        **** #include "stdio.h"
  16:main.c        **** 
  17:main.c        **** 
  18:main.c        **** 
  19:main.c        **** int main(void)
  20:main.c        **** {
  28              		.loc 1 20 0
  29              		.cfi_startproc
  30              		@ args = 0, pretend = 0, frame = 56
  31              		@ frame_needed = 0, uses_anonymous_args = 0
  32 0000 10B5     		push	{r4, lr}
  33              		.cfi_def_cfa_offset 8
  34              		.cfi_offset 4, -8
  35              		.cfi_offset 14, -4
  36 0002 8EB0     		sub	sp, sp, #56
  37              		.cfi_def_cfa_offset 64
ARM GAS  C:\Users\annat\AppData\Local\Temp\ccGT0wfh.s 			page 2


  21:main.c        ****     CyGlobalIntEnable; /* Enable global interrupts. */
  38              		.loc 1 21 0
  39              		.syntax unified
  40              	@ 21 "main.c" 1
  41 0004 62B6     		CPSIE   i
  42              	@ 0 "" 2
  22:main.c        **** 
  23:main.c        ****     /* Place your initialization/startup code here (e.g. MyInst_Start()) */
  24:main.c        ****     I2C_Peripheral_Start();
  43              		.loc 1 24 0
  44              		.thumb
  45              		.syntax unified
  46 0006 FFF7FEFF 		bl	I2C_Peripheral_Start
  47              	.LVL0:
  25:main.c        ****     UART_Debug_Start();
  48              		.loc 1 25 0
  49 000a FFF7FEFF 		bl	UART_Debug_Start
  50              	.LVL1:
  26:main.c        ****     Timer_Start();
  51              		.loc 1 26 0
  52 000e FFF7FEFF 		bl	Timer_Start
  53              	.LVL2:
  27:main.c        ****     TIMER_isr_StartEx(CUSTOM_ISR_TIMER);
  54              		.loc 1 27 0
  55 0012 6848     		ldr	r0, .L22
  56 0014 FFF7FEFF 		bl	TIMER_isr_StartEx
  57              	.LVL3:
  28:main.c        ****     FlagPacketReady = 0;
  58              		.loc 1 28 0
  59 0018 0024     		movs	r4, #0
  60 001a 674B     		ldr	r3, .L22+4
  61 001c 1C70     		strb	r4, [r3]
  29:main.c        ****     
  30:main.c        ****     CyDelay(5); //"The boot procedure is complete about 5 milliseconds after device power-up."
  62              		.loc 1 30 0
  63 001e 0520     		movs	r0, #5
  64 0020 FFF7FEFF 		bl	CyDelay
  65              	.LVL4:
  66              	.LBB2:
  31:main.c        ****     
  32:main.c        ****     // String to print out messages on the UART
  33:main.c        ****     char message[50];
  34:main.c        ****    
  35:main.c        ****     // Check which devices are present on the I2C bus
  36:main.c        ****     for (int i = 0 ; i < 128; i++)
  67              		.loc 1 36 0
  68 0024 0CE0     		b	.L2
  69              	.LVL5:
  70              	.L4:
  37:main.c        ****     {
  38:main.c        ****         if (I2C_Peripheral_IsDeviceConnected(i))
  71              		.loc 1 38 0
  72 0026 E0B2     		uxtb	r0, r4
  73 0028 FFF7FEFF 		bl	I2C_Peripheral_IsDeviceConnected
  74              	.LVL6:
  75 002c 38B1     		cbz	r0, .L3
  39:main.c        ****         {
ARM GAS  C:\Users\annat\AppData\Local\Temp\ccGT0wfh.s 			page 3


  40:main.c        ****             // print out the address is hex format
  41:main.c        ****             sprintf(message, "Device 0x%02X is connected\r\n", i);
  76              		.loc 1 41 0
  77 002e 2246     		mov	r2, r4
  78 0030 6249     		ldr	r1, .L22+8
  79 0032 01A8     		add	r0, sp, #4
  80 0034 FFF7FEFF 		bl	sprintf
  81              	.LVL7:
  42:main.c        ****             UART_Debug_PutString(message); 
  82              		.loc 1 42 0
  83 0038 01A8     		add	r0, sp, #4
  84 003a FFF7FEFF 		bl	UART_Debug_PutString
  85              	.LVL8:
  86              	.L3:
  36:main.c        ****     {
  87              		.loc 1 36 0 discriminator 2
  88 003e 0134     		adds	r4, r4, #1
  89              	.LVL9:
  90              	.L2:
  36:main.c        ****     {
  91              		.loc 1 36 0 is_stmt 0 discriminator 1
  92 0040 7F2C     		cmp	r4, #127
  93 0042 F0DD     		ble	.L4
  94              	.LBE2:
  43:main.c        ****         }
  44:main.c        ****         
  45:main.c        ****     }
  46:main.c        ****     
  47:main.c        ****     /******************************************/
  48:main.c        ****     /*            I2C Reading                 */
  49:main.c        ****     /******************************************/
  50:main.c        ****    
  51:main.c        ****     
  52:main.c        ****     /*      I2C Reading Status Register       */
  53:main.c        ****     
  54:main.c        ****     
  55:main.c        ****     error = I2C_Peripheral_ReadRegister(LIS3DH_DEVICE_ADDRESS,
  95              		.loc 1 55 0 is_stmt 1
  96 0044 5E4A     		ldr	r2, .L22+12
  97 0046 2721     		movs	r1, #39
  98 0048 1820     		movs	r0, #24
  99 004a FFF7FEFF 		bl	I2C_Peripheral_ReadRegister
 100              	.LVL10:
 101 004e 5D4B     		ldr	r3, .L22+16
 102 0050 1870     		strb	r0, [r3]
  56:main.c        ****                                         LIS3DH_STATUS_REG,
  57:main.c        ****                                         &status_register);
  58:main.c        ****     
  59:main.c        ****     if (error == NO_ERROR)
 103              		.loc 1 59 0
 104 0052 48B9     		cbnz	r0, .L5
  60:main.c        ****     {
  61:main.c        ****         sprintf(message, "STATUS REGISTER: 0x%02X\r\n", status_register);
 105              		.loc 1 61 0
 106 0054 5A4B     		ldr	r3, .L22+12
 107 0056 1A78     		ldrb	r2, [r3]	@ zero_extendqisi2
 108 0058 5B49     		ldr	r1, .L22+20
ARM GAS  C:\Users\annat\AppData\Local\Temp\ccGT0wfh.s 			page 4


 109 005a 01A8     		add	r0, sp, #4
 110 005c FFF7FEFF 		bl	sprintf
 111              	.LVL11:
  62:main.c        ****         UART_Debug_PutString(message); 
 112              		.loc 1 62 0
 113 0060 01A8     		add	r0, sp, #4
 114 0062 FFF7FEFF 		bl	UART_Debug_PutString
 115              	.LVL12:
 116 0066 02E0     		b	.L6
 117              	.L5:
  63:main.c        ****     }
  64:main.c        ****     else
  65:main.c        ****     {
  66:main.c        ****         UART_Debug_PutString("Error occurred during I2C comm to read status register\r\n");   
 118              		.loc 1 66 0
 119 0068 5848     		ldr	r0, .L22+24
 120 006a FFF7FEFF 		bl	UART_Debug_PutString
 121              	.LVL13:
 122              	.L6:
  67:main.c        ****     }
  68:main.c        ****     
  69:main.c        ****     /******************************************/
  70:main.c        ****     /*        Read Control Register 1         */
  71:main.c        ****     /******************************************/
  72:main.c        ****     uint8_t ctrl_reg1; 
  73:main.c        ****     error = I2C_Peripheral_ReadRegister(LIS3DH_DEVICE_ADDRESS,
 123              		.loc 1 73 0
 124 006e 0DF10302 		add	r2, sp, #3
 125 0072 2021     		movs	r1, #32
 126 0074 1820     		movs	r0, #24
 127 0076 FFF7FEFF 		bl	I2C_Peripheral_ReadRegister
 128              	.LVL14:
 129 007a 524B     		ldr	r3, .L22+16
 130 007c 1870     		strb	r0, [r3]
  74:main.c        ****                                         LIS3DH_CTRL_REG1,
  75:main.c        ****                                         &ctrl_reg1);
  76:main.c        ****     
  77:main.c        ****     if (error == NO_ERROR)
 131              		.loc 1 77 0
 132 007e 48B9     		cbnz	r0, .L7
  78:main.c        ****     {
  79:main.c        ****         sprintf(message, "CONTROL REGISTER 1: 0x%02X\r\n", ctrl_reg1);
 133              		.loc 1 79 0
 134 0080 9DF80320 		ldrb	r2, [sp, #3]	@ zero_extendqisi2
 135 0084 5249     		ldr	r1, .L22+28
 136 0086 01A8     		add	r0, sp, #4
 137 0088 FFF7FEFF 		bl	sprintf
 138              	.LVL15:
  80:main.c        ****         UART_Debug_PutString(message); 
 139              		.loc 1 80 0
 140 008c 01A8     		add	r0, sp, #4
 141 008e FFF7FEFF 		bl	UART_Debug_PutString
 142              	.LVL16:
 143 0092 02E0     		b	.L8
 144              	.L7:
  81:main.c        ****     }
  82:main.c        ****     else
ARM GAS  C:\Users\annat\AppData\Local\Temp\ccGT0wfh.s 			page 5


  83:main.c        ****     {
  84:main.c        ****         UART_Debug_PutString("Error occurred during I2C comm to read control register 1\r\n");   
 145              		.loc 1 84 0
 146 0094 4F48     		ldr	r0, .L22+32
 147 0096 FFF7FEFF 		bl	UART_Debug_PutString
 148              	.LVL17:
 149              	.L8:
  85:main.c        ****     }
  86:main.c        ****     
  87:main.c        ****     /******************************************/
  88:main.c        ****     /*            I2C Writing                 */
  89:main.c        ****     /******************************************/
  90:main.c        ****     
  91:main.c        ****         
  92:main.c        ****     UART_Debug_PutString("\r\nWriting new values..\r\n");
 150              		.loc 1 92 0
 151 009a 4F48     		ldr	r0, .L22+36
 152 009c FFF7FEFF 		bl	UART_Debug_PutString
 153              	.LVL18:
  93:main.c        ****     
  94:main.c        ****     if (ctrl_reg1 != LIS3DH_HIGH_RESOLUTION_MODE_CTRL_REG1)
 154              		.loc 1 94 0
 155 00a0 9DF80330 		ldrb	r3, [sp, #3]	@ zero_extendqisi2
 156 00a4 572B     		cmp	r3, #87
 157 00a6 16D0     		beq	.L9
  95:main.c        ****     {
  96:main.c        ****         ctrl_reg1 = LIS3DH_HIGH_RESOLUTION_MODE_CTRL_REG1;
 158              		.loc 1 96 0
 159 00a8 5722     		movs	r2, #87
 160 00aa 8DF80320 		strb	r2, [sp, #3]
  97:main.c        ****     
  98:main.c        ****         error = I2C_Peripheral_WriteRegister(LIS3DH_DEVICE_ADDRESS,
 161              		.loc 1 98 0
 162 00ae 2021     		movs	r1, #32
 163 00b0 1820     		movs	r0, #24
 164 00b2 FFF7FEFF 		bl	I2C_Peripheral_WriteRegister
 165              	.LVL19:
 166 00b6 434B     		ldr	r3, .L22+16
 167 00b8 1870     		strb	r0, [r3]
  99:main.c        ****                                              LIS3DH_CTRL_REG1,
 100:main.c        ****                                              ctrl_reg1);
 101:main.c        ****     
 102:main.c        ****         if (error == NO_ERROR)
 168              		.loc 1 102 0
 169 00ba 48B9     		cbnz	r0, .L10
 103:main.c        ****         {
 104:main.c        ****             sprintf(message, "CONTROL REGISTER 1 successfully written as: 0x%02X\r\n", ctrl_reg1);
 170              		.loc 1 104 0
 171 00bc 9DF80320 		ldrb	r2, [sp, #3]	@ zero_extendqisi2
 172 00c0 4649     		ldr	r1, .L22+40
 173 00c2 01A8     		add	r0, sp, #4
 174 00c4 FFF7FEFF 		bl	sprintf
 175              	.LVL20:
 105:main.c        ****             UART_Debug_PutString(message); 
 176              		.loc 1 105 0
 177 00c8 01A8     		add	r0, sp, #4
 178 00ca FFF7FEFF 		bl	UART_Debug_PutString
ARM GAS  C:\Users\annat\AppData\Local\Temp\ccGT0wfh.s 			page 6


 179              	.LVL21:
 180 00ce 02E0     		b	.L9
 181              	.L10:
 106:main.c        ****         }
 107:main.c        ****         else
 108:main.c        ****         {
 109:main.c        ****             UART_Debug_PutString("Error occurred during I2C comm to set control register 1\r\n");  
 182              		.loc 1 109 0
 183 00d0 4348     		ldr	r0, .L22+44
 184 00d2 FFF7FEFF 		bl	UART_Debug_PutString
 185              	.LVL22:
 186              	.L9:
 110:main.c        ****         }
 111:main.c        ****     }
 112:main.c        ****     
 113:main.c        ****     /******************************************/
 114:main.c        ****     /*     Read Control Register 1 again      */
 115:main.c        ****     /******************************************/
 116:main.c        **** 
 117:main.c        ****     error = I2C_Peripheral_ReadRegister(LIS3DH_DEVICE_ADDRESS,
 187              		.loc 1 117 0
 188 00d6 0DF10302 		add	r2, sp, #3
 189 00da 2021     		movs	r1, #32
 190 00dc 1820     		movs	r0, #24
 191 00de FFF7FEFF 		bl	I2C_Peripheral_ReadRegister
 192              	.LVL23:
 193 00e2 384B     		ldr	r3, .L22+16
 194 00e4 1870     		strb	r0, [r3]
 118:main.c        ****                                         LIS3DH_CTRL_REG1,
 119:main.c        ****                                         &ctrl_reg1);
 120:main.c        ****     
 121:main.c        ****     if (error == NO_ERROR)
 195              		.loc 1 121 0
 196 00e6 48B9     		cbnz	r0, .L11
 122:main.c        ****     {
 123:main.c        ****         sprintf(message, "CONTROL REGISTER 1 after overwrite operation: 0x%02X\r\n", ctrl_reg1);
 197              		.loc 1 123 0
 198 00e8 9DF80320 		ldrb	r2, [sp, #3]	@ zero_extendqisi2
 199 00ec 3D49     		ldr	r1, .L22+48
 200 00ee 01A8     		add	r0, sp, #4
 201 00f0 FFF7FEFF 		bl	sprintf
 202              	.LVL24:
 124:main.c        ****         UART_Debug_PutString(message); 
 203              		.loc 1 124 0
 204 00f4 01A8     		add	r0, sp, #4
 205 00f6 FFF7FEFF 		bl	UART_Debug_PutString
 206              	.LVL25:
 207 00fa 02E0     		b	.L12
 208              	.L11:
 125:main.c        ****     }
 126:main.c        ****     else
 127:main.c        ****     {
 128:main.c        ****         UART_Debug_PutString("Error occurred during I2C comm to read control register 1\r\n");   
 209              		.loc 1 128 0
 210 00fc 3548     		ldr	r0, .L22+32
 211 00fe FFF7FEFF 		bl	UART_Debug_PutString
 212              	.LVL26:
ARM GAS  C:\Users\annat\AppData\Local\Temp\ccGT0wfh.s 			page 7


 213              	.L12:
 129:main.c        ****     }
 130:main.c        ****     
 131:main.c        ****     /*SET CONTROL REGISTER 4*/
 132:main.c        ****     
 133:main.c        ****     uint8_t ctrl_reg4;
 134:main.c        ****     error = I2C_Peripheral_ReadRegister(LIS3DH_DEVICE_ADDRESS,
 214              		.loc 1 134 0
 215 0102 0DF10202 		add	r2, sp, #2
 216 0106 2321     		movs	r1, #35
 217 0108 1820     		movs	r0, #24
 218 010a FFF7FEFF 		bl	I2C_Peripheral_ReadRegister
 219              	.LVL27:
 220 010e 2D4B     		ldr	r3, .L22+16
 221 0110 1870     		strb	r0, [r3]
 135:main.c        ****                                         LIS3DH_CTRL_REG4,
 136:main.c        ****                                         &ctrl_reg4);
 137:main.c        ****     
 138:main.c        ****     if (error == NO_ERROR)
 222              		.loc 1 138 0
 223 0112 48B9     		cbnz	r0, .L13
 139:main.c        ****     {
 140:main.c        ****         sprintf(message, "CONTROL REGISTER 4: 0x%02X\r\n", ctrl_reg4);
 224              		.loc 1 140 0
 225 0114 9DF80220 		ldrb	r2, [sp, #2]	@ zero_extendqisi2
 226 0118 3349     		ldr	r1, .L22+52
 227 011a 01A8     		add	r0, sp, #4
 228 011c FFF7FEFF 		bl	sprintf
 229              	.LVL28:
 141:main.c        ****         UART_Debug_PutString(message); 
 230              		.loc 1 141 0
 231 0120 01A8     		add	r0, sp, #4
 232 0122 FFF7FEFF 		bl	UART_Debug_PutString
 233              	.LVL29:
 234 0126 02E0     		b	.L14
 235              	.L13:
 142:main.c        ****     }
 143:main.c        ****     else
 144:main.c        ****     {
 145:main.c        ****         UART_Debug_PutString("Error occurred during I2C comm to read control register4\r\n");   
 236              		.loc 1 145 0
 237 0128 3048     		ldr	r0, .L22+56
 238 012a FFF7FEFF 		bl	UART_Debug_PutString
 239              	.LVL30:
 240              	.L14:
 146:main.c        ****     }
 147:main.c        ****     
 148:main.c        ****     if (ctrl_reg4 != LIS3DH_HIGH_RESOLUTION_MODE_CTRL_REG4)
 241              		.loc 1 148 0
 242 012e 9DF80230 		ldrb	r3, [sp, #2]	@ zero_extendqisi2
 243 0132 982B     		cmp	r3, #152
 244 0134 16D0     		beq	.L15
 149:main.c        ****     {
 150:main.c        ****         ctrl_reg4 = LIS3DH_HIGH_RESOLUTION_MODE_CTRL_REG4;
 245              		.loc 1 150 0
 246 0136 9822     		movs	r2, #152
 247 0138 8DF80220 		strb	r2, [sp, #2]
ARM GAS  C:\Users\annat\AppData\Local\Temp\ccGT0wfh.s 			page 8


 151:main.c        ****     
 152:main.c        ****         error = I2C_Peripheral_WriteRegister(LIS3DH_DEVICE_ADDRESS,
 248              		.loc 1 152 0
 249 013c 2321     		movs	r1, #35
 250 013e 1820     		movs	r0, #24
 251 0140 FFF7FEFF 		bl	I2C_Peripheral_WriteRegister
 252              	.LVL31:
 253 0144 1F4B     		ldr	r3, .L22+16
 254 0146 1870     		strb	r0, [r3]
 153:main.c        ****                                              LIS3DH_CTRL_REG4,
 154:main.c        ****                                              ctrl_reg4);
 155:main.c        ****     
 156:main.c        ****         if (error == NO_ERROR)
 255              		.loc 1 156 0
 256 0148 48B9     		cbnz	r0, .L16
 157:main.c        ****         {
 158:main.c        ****             sprintf(message, "CONTROL REGISTER 4 successfully written as: 0x%02X\r\n", ctrl_reg4);
 257              		.loc 1 158 0
 258 014a 9DF80220 		ldrb	r2, [sp, #2]	@ zero_extendqisi2
 259 014e 2849     		ldr	r1, .L22+60
 260 0150 01A8     		add	r0, sp, #4
 261 0152 FFF7FEFF 		bl	sprintf
 262              	.LVL32:
 159:main.c        ****             UART_Debug_PutString(message); 
 263              		.loc 1 159 0
 264 0156 01A8     		add	r0, sp, #4
 265 0158 FFF7FEFF 		bl	UART_Debug_PutString
 266              	.LVL33:
 267 015c 02E0     		b	.L15
 268              	.L16:
 160:main.c        ****         }
 161:main.c        ****         else
 162:main.c        ****         {
 163:main.c        ****             UART_Debug_PutString("Error occurred during I2C comm to set control register 4\r\n");  
 269              		.loc 1 163 0
 270 015e 2548     		ldr	r0, .L22+64
 271 0160 FFF7FEFF 		bl	UART_Debug_PutString
 272              	.LVL34:
 273              	.L15:
 164:main.c        ****         }
 165:main.c        ****     }
 166:main.c        ****     
 167:main.c        ****     error = I2C_Peripheral_ReadRegister(LIS3DH_DEVICE_ADDRESS,
 274              		.loc 1 167 0
 275 0164 0DF10202 		add	r2, sp, #2
 276 0168 2321     		movs	r1, #35
 277 016a 1820     		movs	r0, #24
 278 016c FFF7FEFF 		bl	I2C_Peripheral_ReadRegister
 279              	.LVL35:
 280 0170 144B     		ldr	r3, .L22+16
 281 0172 1870     		strb	r0, [r3]
 168:main.c        ****                                         LIS3DH_CTRL_REG4,
 169:main.c        ****                                         &ctrl_reg4);
 170:main.c        ****     
 171:main.c        ****     if (error == NO_ERROR)
 282              		.loc 1 171 0
 283 0174 48B9     		cbnz	r0, .L17
ARM GAS  C:\Users\annat\AppData\Local\Temp\ccGT0wfh.s 			page 9


 172:main.c        ****     {
 173:main.c        ****         sprintf(message, "CONTROL REGISTER 4 after being updated: 0x%02X\r\n", ctrl_reg4);
 284              		.loc 1 173 0
 285 0176 9DF80220 		ldrb	r2, [sp, #2]	@ zero_extendqisi2
 286 017a 1F49     		ldr	r1, .L22+68
 287 017c 01A8     		add	r0, sp, #4
 288 017e FFF7FEFF 		bl	sprintf
 289              	.LVL36:
 174:main.c        ****         UART_Debug_PutString(message); 
 290              		.loc 1 174 0
 291 0182 01A8     		add	r0, sp, #4
 292 0184 FFF7FEFF 		bl	UART_Debug_PutString
 293              	.LVL37:
 294 0188 02E0     		b	.L18
 295              	.L17:
 175:main.c        ****     }
 176:main.c        ****     else
 177:main.c        ****     {
 178:main.c        ****         UART_Debug_PutString("Error occurred during I2C comm to read control register4\r\n");   
 296              		.loc 1 178 0
 297 018a 1848     		ldr	r0, .L22+56
 298 018c FFF7FEFF 		bl	UART_Debug_PutString
 299              	.LVL38:
 300              	.L18:
 179:main.c        ****     }
 180:main.c        ****     
 181:main.c        ****     uint8_t header = 0xA0;
 182:main.c        ****     uint8_t footer = 0xC0;
 183:main.c        ****     
 184:main.c        ****     OutArray[0] = header;
 301              		.loc 1 184 0
 302 0190 1A4B     		ldr	r3, .L22+72
 303 0192 A022     		movs	r2, #160
 304 0194 1A70     		strb	r2, [r3]
 185:main.c        ****     OutArray[TRANSMIT_BUFFER_SIZE-1] = footer;
 305              		.loc 1 185 0
 306 0196 C022     		movs	r2, #192
 307 0198 5A73     		strb	r2, [r3, #13]
 308              	.L19:
 186:main.c        ****     
 187:main.c        ****     for(;;)
 188:main.c        ****     {   
 189:main.c        ****         if(FlagPacketReady == 1){
 309              		.loc 1 189 0
 310 019a 074B     		ldr	r3, .L22+4
 311 019c 1B78     		ldrb	r3, [r3]	@ zero_extendqisi2
 312 019e DBB2     		uxtb	r3, r3
 313 01a0 012B     		cmp	r3, #1
 314 01a2 FAD1     		bne	.L19
 190:main.c        ****             //if the packet is ready, it is sent to the bridge control panel
 191:main.c        ****             UART_Debug_PutArray(OutArray,TRANSMIT_BUFFER_SIZE);
 315              		.loc 1 191 0
 316 01a4 0E21     		movs	r1, #14
 317 01a6 1548     		ldr	r0, .L22+72
 318 01a8 FFF7FEFF 		bl	UART_Debug_PutArray
 319              	.LVL39:
 192:main.c        ****             FlagPacketReady = 0;
ARM GAS  C:\Users\annat\AppData\Local\Temp\ccGT0wfh.s 			page 10


 320              		.loc 1 192 0
 321 01ac 0022     		movs	r2, #0
 322 01ae 024B     		ldr	r3, .L22+4
 323 01b0 1A70     		strb	r2, [r3]
 324 01b2 F2E7     		b	.L19
 325              	.L23:
 326              		.align	2
 327              	.L22:
 328 01b4 00000000 		.word	CUSTOM_ISR_TIMER
 329 01b8 00000000 		.word	FlagPacketReady
 330 01bc 00000000 		.word	.LC0
 331 01c0 00000000 		.word	status_register
 332 01c4 00000000 		.word	error
 333 01c8 20000000 		.word	.LC1
 334 01cc 3C000000 		.word	.LC2
 335 01d0 78000000 		.word	.LC3
 336 01d4 98000000 		.word	.LC4
 337 01d8 D4000000 		.word	.LC5
 338 01dc F0000000 		.word	.LC6
 339 01e0 28010000 		.word	.LC7
 340 01e4 64010000 		.word	.LC8
 341 01e8 9C010000 		.word	.LC9
 342 01ec BC010000 		.word	.LC10
 343 01f0 F8010000 		.word	.LC11
 344 01f4 30020000 		.word	.LC12
 345 01f8 6C020000 		.word	.LC13
 346 01fc 00000000 		.word	OutArray
 347              		.cfi_endproc
 348              	.LFE64:
 349              		.size	main, .-main
 350              		.comm	FlagPacketReady,1,1
 351              		.comm	OutArray,14,4
 352              		.comm	z_acceleration,4,4
 353              		.comm	y_acceleration,4,4
 354              		.comm	x_acceleration,4,4
 355              		.comm	Accelerometer_z,2,2
 356              		.comm	Accelerometer_y,2,2
 357              		.comm	Accelerometer_x,2,2
 358              		.comm	Acc_zData,2,4
 359              		.comm	Acc_yData,2,4
 360              		.comm	Acc_xData,2,4
 361              		.comm	status_register,1,1
 362              		.comm	error,1,1
 363              		.section	.rodata.str1.4,"aMS",%progbits,1
 364              		.align	2
 365              	.LC0:
 366 0000 44657669 		.ascii	"Device 0x%02X is connected\015\012\000"
 366      63652030 
 366      78253032 
 366      58206973 
 366      20636F6E 
 367 001d 000000   		.space	3
 368              	.LC1:
 369 0020 53544154 		.ascii	"STATUS REGISTER: 0x%02X\015\012\000"
 369      55532052 
 369      45474953 
 369      5445523A 
ARM GAS  C:\Users\annat\AppData\Local\Temp\ccGT0wfh.s 			page 11


 369      20307825 
 370 003a 0000     		.space	2
 371              	.LC2:
 372 003c 4572726F 		.ascii	"Error occurred during I2C comm to read status regis"
 372      72206F63 
 372      63757272 
 372      65642064 
 372      7572696E 
 373 006f 7465720D 		.ascii	"ter\015\012\000"
 373      0A00
 374 0075 000000   		.space	3
 375              	.LC3:
 376 0078 434F4E54 		.ascii	"CONTROL REGISTER 1: 0x%02X\015\012\000"
 376      524F4C20 
 376      52454749 
 376      53544552 
 376      20313A20 
 377 0095 000000   		.space	3
 378              	.LC4:
 379 0098 4572726F 		.ascii	"Error occurred during I2C comm to read control regi"
 379      72206F63 
 379      63757272 
 379      65642064 
 379      7572696E 
 380 00cb 73746572 		.ascii	"ster 1\015\012\000"
 380      20310D0A 
 380      00
 381              	.LC5:
 382 00d4 0D0A5772 		.ascii	"\015\012Writing new values..\015\012\000"
 382      6974696E 
 382      67206E65 
 382      77207661 
 382      6C756573 
 383 00ed 000000   		.space	3
 384              	.LC6:
 385 00f0 434F4E54 		.ascii	"CONTROL REGISTER 1 successfully written as: 0x%02X\015"
 385      524F4C20 
 385      52454749 
 385      53544552 
 385      20312073 
 386 0123 0A00     		.ascii	"\012\000"
 387 0125 000000   		.space	3
 388              	.LC7:
 389 0128 4572726F 		.ascii	"Error occurred during I2C comm to set control regis"
 389      72206F63 
 389      63757272 
 389      65642064 
 389      7572696E 
 390 015b 74657220 		.ascii	"ter 1\015\012\000"
 390      310D0A00 
 391 0163 00       		.space	1
 392              	.LC8:
 393 0164 434F4E54 		.ascii	"CONTROL REGISTER 1 after overwrite operation: 0x%02"
 393      524F4C20 
 393      52454749 
 393      53544552 
 393      20312061 
ARM GAS  C:\Users\annat\AppData\Local\Temp\ccGT0wfh.s 			page 12


 394 0197 580D0A00 		.ascii	"X\015\012\000"
 395 019b 00       		.space	1
 396              	.LC9:
 397 019c 434F4E54 		.ascii	"CONTROL REGISTER 4: 0x%02X\015\012\000"
 397      524F4C20 
 397      52454749 
 397      53544552 
 397      20343A20 
 398 01b9 000000   		.space	3
 399              	.LC10:
 400 01bc 4572726F 		.ascii	"Error occurred during I2C comm to read control regi"
 400      72206F63 
 400      63757272 
 400      65642064 
 400      7572696E 
 401 01ef 73746572 		.ascii	"ster4\015\012\000"
 401      340D0A00 
 402 01f7 00       		.space	1
 403              	.LC11:
 404 01f8 434F4E54 		.ascii	"CONTROL REGISTER 4 successfully written as: 0x%02X\015"
 404      524F4C20 
 404      52454749 
 404      53544552 
 404      20342073 
 405 022b 0A00     		.ascii	"\012\000"
 406 022d 000000   		.space	3
 407              	.LC12:
 408 0230 4572726F 		.ascii	"Error occurred during I2C comm to set control regis"
 408      72206F63 
 408      63757272 
 408      65642064 
 408      7572696E 
 409 0263 74657220 		.ascii	"ter 4\015\012\000"
 409      340D0A00 
 410 026b 00       		.space	1
 411              	.LC13:
 412 026c 434F4E54 		.ascii	"CONTROL REGISTER 4 after being updated: 0x%02X\015\012"
 412      524F4C20 
 412      52454749 
 412      53544552 
 412      20342061 
 413 029c 00       		.ascii	"\000"
 414              		.text
 415              	.Letext0:
 416              		.file 2 "c:\\program files (x86)\\cypress\\psoc creator\\4.3\\psoc creator\\import\\gnu\\arm\\5.4.
 417              		.file 3 "c:\\program files (x86)\\cypress\\psoc creator\\4.3\\psoc creator\\import\\gnu\\arm\\5.4.
 418              		.file 4 "Generated_Source\\PSoC5/cytypes.h"
 419              		.file 5 "ErrorCodes.h"
 420              		.file 6 "InterruptRoutines.h"
 421              		.file 7 "Generated_Source\\PSoC5/core_cm3.h"
 422              		.file 8 "I2C_Interface.h"
 423              		.file 9 "c:\\program files (x86)\\cypress\\psoc creator\\4.3\\psoc creator\\import\\gnu\\arm\\5.4.
 424              		.file 10 "Generated_Source\\PSoC5/UART_Debug.h"
 425              		.file 11 "Generated_Source\\PSoC5/Timer.h"
 426              		.file 12 "Generated_Source\\PSoC5/TIMER_isr.h"
 427              		.file 13 "Generated_Source\\PSoC5/CyLib.h"
 428              		.section	.debug_info,"",%progbits
ARM GAS  C:\Users\annat\AppData\Local\Temp\ccGT0wfh.s 			page 13


 429              	.Ldebug_info0:
 430 0000 92060000 		.4byte	0x692
 431 0004 0400     		.2byte	0x4
 432 0006 00000000 		.4byte	.Ldebug_abbrev0
 433 000a 04       		.byte	0x4
 434 000b 01       		.uleb128 0x1
 435 000c 61020000 		.4byte	.LASF54
 436 0010 0C       		.byte	0xc
 437 0011 2B030000 		.4byte	.LASF55
 438 0015 5C010000 		.4byte	.LASF56
 439 0019 00000000 		.4byte	.Ldebug_ranges0+0
 440 001d 00000000 		.4byte	0
 441 0021 00000000 		.4byte	.Ldebug_line0
 442 0025 02       		.uleb128 0x2
 443 0026 01       		.byte	0x1
 444 0027 06       		.byte	0x6
 445 0028 9B030000 		.4byte	.LASF0
 446 002c 03       		.uleb128 0x3
 447 002d 19000000 		.4byte	.LASF2
 448 0031 02       		.byte	0x2
 449 0032 1D       		.byte	0x1d
 450 0033 37000000 		.4byte	0x37
 451 0037 02       		.uleb128 0x2
 452 0038 01       		.byte	0x1
 453 0039 08       		.byte	0x8
 454 003a B8000000 		.4byte	.LASF1
 455 003e 03       		.uleb128 0x3
 456 003f 23000000 		.4byte	.LASF3
 457 0043 02       		.byte	0x2
 458 0044 29       		.byte	0x29
 459 0045 49000000 		.4byte	0x49
 460 0049 02       		.uleb128 0x2
 461 004a 02       		.byte	0x2
 462 004b 05       		.byte	0x5
 463 004c 5C030000 		.4byte	.LASF4
 464 0050 02       		.uleb128 0x2
 465 0051 02       		.byte	0x2
 466 0052 07       		.byte	0x7
 467 0053 61000000 		.4byte	.LASF5
 468 0057 03       		.uleb128 0x3
 469 0058 4E000000 		.4byte	.LASF6
 470 005c 02       		.byte	0x2
 471 005d 3F       		.byte	0x3f
 472 005e 62000000 		.4byte	0x62
 473 0062 02       		.uleb128 0x2
 474 0063 04       		.byte	0x4
 475 0064 05       		.byte	0x5
 476 0065 58000000 		.4byte	.LASF7
 477 0069 02       		.uleb128 0x2
 478 006a 04       		.byte	0x4
 479 006b 07       		.byte	0x7
 480 006c E5000000 		.4byte	.LASF8
 481 0070 02       		.uleb128 0x2
 482 0071 08       		.byte	0x8
 483 0072 05       		.byte	0x5
 484 0073 0C030000 		.4byte	.LASF9
 485 0077 02       		.uleb128 0x2
ARM GAS  C:\Users\annat\AppData\Local\Temp\ccGT0wfh.s 			page 14


 486 0078 08       		.byte	0x8
 487 0079 07       		.byte	0x7
 488 007a 23020000 		.4byte	.LASF10
 489 007e 04       		.uleb128 0x4
 490 007f 04       		.byte	0x4
 491 0080 05       		.byte	0x5
 492 0081 696E7400 		.ascii	"int\000"
 493 0085 02       		.uleb128 0x2
 494 0086 04       		.byte	0x4
 495 0087 07       		.byte	0x7
 496 0088 16020000 		.4byte	.LASF11
 497 008c 03       		.uleb128 0x3
 498 008d 3A020000 		.4byte	.LASF12
 499 0091 03       		.byte	0x3
 500 0092 18       		.byte	0x18
 501 0093 2C000000 		.4byte	0x2c
 502 0097 03       		.uleb128 0x3
 503 0098 4C020000 		.4byte	.LASF13
 504 009c 03       		.byte	0x3
 505 009d 20       		.byte	0x20
 506 009e 3E000000 		.4byte	0x3e
 507 00a2 03       		.uleb128 0x3
 508 00a3 EF020000 		.4byte	.LASF14
 509 00a7 03       		.byte	0x3
 510 00a8 2C       		.byte	0x2c
 511 00a9 57000000 		.4byte	0x57
 512 00ad 05       		.uleb128 0x5
 513 00ae F7000000 		.4byte	.LASF15
 514 00b2 04       		.byte	0x4
 515 00b3 E901     		.2byte	0x1e9
 516 00b5 62000000 		.4byte	0x62
 517 00b9 02       		.uleb128 0x2
 518 00ba 04       		.byte	0x4
 519 00bb 04       		.byte	0x4
 520 00bc A9000000 		.4byte	.LASF16
 521 00c0 02       		.uleb128 0x2
 522 00c1 08       		.byte	0x8
 523 00c2 04       		.byte	0x4
 524 00c3 1E010000 		.4byte	.LASF17
 525 00c7 02       		.uleb128 0x2
 526 00c8 01       		.byte	0x1
 527 00c9 08       		.byte	0x8
 528 00ca 32030000 		.4byte	.LASF18
 529 00ce 02       		.uleb128 0x2
 530 00cf 08       		.byte	0x8
 531 00d0 04       		.byte	0x4
 532 00d1 8F030000 		.4byte	.LASF19
 533 00d5 02       		.uleb128 0x2
 534 00d6 04       		.byte	0x4
 535 00d7 07       		.byte	0x7
 536 00d8 37030000 		.4byte	.LASF20
 537 00dc 06       		.uleb128 0x6
 538 00dd 01       		.byte	0x1
 539 00de 37000000 		.4byte	0x37
 540 00e2 05       		.byte	0x5
 541 00e3 15       		.byte	0x15
 542 00e4 F5000000 		.4byte	0xf5
ARM GAS  C:\Users\annat\AppData\Local\Temp\ccGT0wfh.s 			page 15


 543 00e8 07       		.uleb128 0x7
 544 00e9 66030000 		.4byte	.LASF21
 545 00ed 00       		.byte	0
 546 00ee 07       		.uleb128 0x7
 547 00ef 6F030000 		.4byte	.LASF22
 548 00f3 01       		.byte	0x1
 549 00f4 00       		.byte	0
 550 00f5 03       		.uleb128 0x3
 551 00f6 08000000 		.4byte	.LASF23
 552 00fa 05       		.byte	0x5
 553 00fb 18       		.byte	0x18
 554 00fc DC000000 		.4byte	0xdc
 555 0100 08       		.uleb128 0x8
 556 0101 8C000000 		.4byte	0x8c
 557 0105 09       		.uleb128 0x9
 558 0106 57010000 		.4byte	.LASF57
 559 010a 01       		.byte	0x1
 560 010b 13       		.byte	0x13
 561 010c 7E000000 		.4byte	0x7e
 562 0110 00000000 		.4byte	.LFB64
 563 0114 00020000 		.4byte	.LFE64-.LFB64
 564 0118 01       		.uleb128 0x1
 565 0119 9C       		.byte	0x9c
 566 011a FE040000 		.4byte	0x4fe
 567 011e 0A       		.uleb128 0xa
 568 011f 00000000 		.4byte	.LASF24
 569 0123 01       		.byte	0x1
 570 0124 21       		.byte	0x21
 571 0125 FE040000 		.4byte	0x4fe
 572 0129 02       		.uleb128 0x2
 573 012a 91       		.byte	0x91
 574 012b 44       		.sleb128 -60
 575 012c 0A       		.uleb128 0xa
 576 012d F6010000 		.4byte	.LASF25
 577 0131 01       		.byte	0x1
 578 0132 48       		.byte	0x48
 579 0133 8C000000 		.4byte	0x8c
 580 0137 02       		.uleb128 0x2
 581 0138 91       		.byte	0x91
 582 0139 43       		.sleb128 -61
 583 013a 0A       		.uleb128 0xa
 584 013b 0C020000 		.4byte	.LASF26
 585 013f 01       		.byte	0x1
 586 0140 85       		.byte	0x85
 587 0141 8C000000 		.4byte	0x8c
 588 0145 02       		.uleb128 0x2
 589 0146 91       		.byte	0x91
 590 0147 42       		.sleb128 -62
 591 0148 0B       		.uleb128 0xb
 592 0149 12000000 		.4byte	.LASF27
 593 014d 01       		.byte	0x1
 594 014e B5       		.byte	0xb5
 595 014f 8C000000 		.4byte	0x8c
 596 0153 A07F     		.sleb128 -96
 597 0155 0B       		.uleb128 0xb
 598 0156 07010000 		.4byte	.LASF28
 599 015a 01       		.byte	0x1
ARM GAS  C:\Users\annat\AppData\Local\Temp\ccGT0wfh.s 			page 16


 600 015b B6       		.byte	0xb6
 601 015c 8C000000 		.4byte	0x8c
 602 0160 40       		.sleb128 -64
 603 0161 0C       		.uleb128 0xc
 604 0162 24000000 		.4byte	.LBB2
 605 0166 20000000 		.4byte	.LBE2-.LBB2
 606 016a C3010000 		.4byte	0x1c3
 607 016e 0D       		.uleb128 0xd
 608 016f 6900     		.ascii	"i\000"
 609 0171 01       		.byte	0x1
 610 0172 24       		.byte	0x24
 611 0173 7E000000 		.4byte	0x7e
 612 0177 00000000 		.4byte	.LLST0
 613 017b 0E       		.uleb128 0xe
 614 017c 2C000000 		.4byte	.LVL6
 615 0180 1C060000 		.4byte	0x61c
 616 0184 8F010000 		.4byte	0x18f
 617 0188 0F       		.uleb128 0xf
 618 0189 01       		.uleb128 0x1
 619 018a 50       		.byte	0x50
 620 018b 02       		.uleb128 0x2
 621 018c 74       		.byte	0x74
 622 018d 00       		.sleb128 0
 623 018e 00       		.byte	0
 624 018f 0E       		.uleb128 0xe
 625 0190 38000000 		.4byte	.LVL7
 626 0194 27060000 		.4byte	0x627
 627 0198 B2010000 		.4byte	0x1b2
 628 019c 0F       		.uleb128 0xf
 629 019d 01       		.uleb128 0x1
 630 019e 50       		.byte	0x50
 631 019f 02       		.uleb128 0x2
 632 01a0 91       		.byte	0x91
 633 01a1 44       		.sleb128 -60
 634 01a2 0F       		.uleb128 0xf
 635 01a3 01       		.uleb128 0x1
 636 01a4 51       		.byte	0x51
 637 01a5 05       		.uleb128 0x5
 638 01a6 03       		.byte	0x3
 639 01a7 00000000 		.4byte	.LC0
 640 01ab 0F       		.uleb128 0xf
 641 01ac 01       		.uleb128 0x1
 642 01ad 52       		.byte	0x52
 643 01ae 02       		.uleb128 0x2
 644 01af 74       		.byte	0x74
 645 01b0 00       		.sleb128 0
 646 01b1 00       		.byte	0
 647 01b2 10       		.uleb128 0x10
 648 01b3 3E000000 		.4byte	.LVL8
 649 01b7 32060000 		.4byte	0x632
 650 01bb 0F       		.uleb128 0xf
 651 01bc 01       		.uleb128 0x1
 652 01bd 50       		.byte	0x50
 653 01be 02       		.uleb128 0x2
 654 01bf 91       		.byte	0x91
 655 01c0 44       		.sleb128 -60
 656 01c1 00       		.byte	0
ARM GAS  C:\Users\annat\AppData\Local\Temp\ccGT0wfh.s 			page 17


 657 01c2 00       		.byte	0
 658 01c3 11       		.uleb128 0x11
 659 01c4 0A000000 		.4byte	.LVL0
 660 01c8 3D060000 		.4byte	0x63d
 661 01cc 11       		.uleb128 0x11
 662 01cd 0E000000 		.4byte	.LVL1
 663 01d1 48060000 		.4byte	0x648
 664 01d5 11       		.uleb128 0x11
 665 01d6 12000000 		.4byte	.LVL2
 666 01da 53060000 		.4byte	0x653
 667 01de 11       		.uleb128 0x11
 668 01df 18000000 		.4byte	.LVL3
 669 01e3 5E060000 		.4byte	0x65e
 670 01e7 0E       		.uleb128 0xe
 671 01e8 24000000 		.4byte	.LVL4
 672 01ec 69060000 		.4byte	0x669
 673 01f0 FA010000 		.4byte	0x1fa
 674 01f4 0F       		.uleb128 0xf
 675 01f5 01       		.uleb128 0x1
 676 01f6 50       		.byte	0x50
 677 01f7 01       		.uleb128 0x1
 678 01f8 35       		.byte	0x35
 679 01f9 00       		.byte	0
 680 01fa 0E       		.uleb128 0xe
 681 01fb 4E000000 		.4byte	.LVL10
 682 01ff 74060000 		.4byte	0x674
 683 0203 1C020000 		.4byte	0x21c
 684 0207 0F       		.uleb128 0xf
 685 0208 01       		.uleb128 0x1
 686 0209 50       		.byte	0x50
 687 020a 01       		.uleb128 0x1
 688 020b 48       		.byte	0x48
 689 020c 0F       		.uleb128 0xf
 690 020d 01       		.uleb128 0x1
 691 020e 51       		.byte	0x51
 692 020f 02       		.uleb128 0x2
 693 0210 08       		.byte	0x8
 694 0211 27       		.byte	0x27
 695 0212 0F       		.uleb128 0xf
 696 0213 01       		.uleb128 0x1
 697 0214 52       		.byte	0x52
 698 0215 05       		.uleb128 0x5
 699 0216 03       		.byte	0x3
 700 0217 00000000 		.4byte	status_register
 701 021b 00       		.byte	0
 702 021c 0E       		.uleb128 0xe
 703 021d 60000000 		.4byte	.LVL11
 704 0221 27060000 		.4byte	0x627
 705 0225 39020000 		.4byte	0x239
 706 0229 0F       		.uleb128 0xf
 707 022a 01       		.uleb128 0x1
 708 022b 50       		.byte	0x50
 709 022c 02       		.uleb128 0x2
 710 022d 91       		.byte	0x91
 711 022e 44       		.sleb128 -60
 712 022f 0F       		.uleb128 0xf
 713 0230 01       		.uleb128 0x1
ARM GAS  C:\Users\annat\AppData\Local\Temp\ccGT0wfh.s 			page 18


 714 0231 51       		.byte	0x51
 715 0232 05       		.uleb128 0x5
 716 0233 03       		.byte	0x3
 717 0234 20000000 		.4byte	.LC1
 718 0238 00       		.byte	0
 719 0239 0E       		.uleb128 0xe
 720 023a 66000000 		.4byte	.LVL12
 721 023e 32060000 		.4byte	0x632
 722 0242 4D020000 		.4byte	0x24d
 723 0246 0F       		.uleb128 0xf
 724 0247 01       		.uleb128 0x1
 725 0248 50       		.byte	0x50
 726 0249 02       		.uleb128 0x2
 727 024a 91       		.byte	0x91
 728 024b 44       		.sleb128 -60
 729 024c 00       		.byte	0
 730 024d 0E       		.uleb128 0xe
 731 024e 6E000000 		.4byte	.LVL13
 732 0252 32060000 		.4byte	0x632
 733 0256 64020000 		.4byte	0x264
 734 025a 0F       		.uleb128 0xf
 735 025b 01       		.uleb128 0x1
 736 025c 50       		.byte	0x50
 737 025d 05       		.uleb128 0x5
 738 025e 03       		.byte	0x3
 739 025f 3C000000 		.4byte	.LC2
 740 0263 00       		.byte	0
 741 0264 0E       		.uleb128 0xe
 742 0265 7A000000 		.4byte	.LVL14
 743 0269 74060000 		.4byte	0x674
 744 026d 83020000 		.4byte	0x283
 745 0271 0F       		.uleb128 0xf
 746 0272 01       		.uleb128 0x1
 747 0273 50       		.byte	0x50
 748 0274 01       		.uleb128 0x1
 749 0275 48       		.byte	0x48
 750 0276 0F       		.uleb128 0xf
 751 0277 01       		.uleb128 0x1
 752 0278 51       		.byte	0x51
 753 0279 02       		.uleb128 0x2
 754 027a 08       		.byte	0x8
 755 027b 20       		.byte	0x20
 756 027c 0F       		.uleb128 0xf
 757 027d 01       		.uleb128 0x1
 758 027e 52       		.byte	0x52
 759 027f 02       		.uleb128 0x2
 760 0280 91       		.byte	0x91
 761 0281 43       		.sleb128 -61
 762 0282 00       		.byte	0
 763 0283 0E       		.uleb128 0xe
 764 0284 8C000000 		.4byte	.LVL15
 765 0288 27060000 		.4byte	0x627
 766 028c A0020000 		.4byte	0x2a0
 767 0290 0F       		.uleb128 0xf
 768 0291 01       		.uleb128 0x1
 769 0292 50       		.byte	0x50
 770 0293 02       		.uleb128 0x2
ARM GAS  C:\Users\annat\AppData\Local\Temp\ccGT0wfh.s 			page 19


 771 0294 91       		.byte	0x91
 772 0295 44       		.sleb128 -60
 773 0296 0F       		.uleb128 0xf
 774 0297 01       		.uleb128 0x1
 775 0298 51       		.byte	0x51
 776 0299 05       		.uleb128 0x5
 777 029a 03       		.byte	0x3
 778 029b 78000000 		.4byte	.LC3
 779 029f 00       		.byte	0
 780 02a0 0E       		.uleb128 0xe
 781 02a1 92000000 		.4byte	.LVL16
 782 02a5 32060000 		.4byte	0x632
 783 02a9 B4020000 		.4byte	0x2b4
 784 02ad 0F       		.uleb128 0xf
 785 02ae 01       		.uleb128 0x1
 786 02af 50       		.byte	0x50
 787 02b0 02       		.uleb128 0x2
 788 02b1 91       		.byte	0x91
 789 02b2 44       		.sleb128 -60
 790 02b3 00       		.byte	0
 791 02b4 0E       		.uleb128 0xe
 792 02b5 9A000000 		.4byte	.LVL17
 793 02b9 32060000 		.4byte	0x632
 794 02bd CB020000 		.4byte	0x2cb
 795 02c1 0F       		.uleb128 0xf
 796 02c2 01       		.uleb128 0x1
 797 02c3 50       		.byte	0x50
 798 02c4 05       		.uleb128 0x5
 799 02c5 03       		.byte	0x3
 800 02c6 98000000 		.4byte	.LC4
 801 02ca 00       		.byte	0
 802 02cb 0E       		.uleb128 0xe
 803 02cc A0000000 		.4byte	.LVL18
 804 02d0 32060000 		.4byte	0x632
 805 02d4 E2020000 		.4byte	0x2e2
 806 02d8 0F       		.uleb128 0xf
 807 02d9 01       		.uleb128 0x1
 808 02da 50       		.byte	0x50
 809 02db 05       		.uleb128 0x5
 810 02dc 03       		.byte	0x3
 811 02dd D4000000 		.4byte	.LC5
 812 02e1 00       		.byte	0
 813 02e2 0E       		.uleb128 0xe
 814 02e3 B6000000 		.4byte	.LVL19
 815 02e7 7F060000 		.4byte	0x67f
 816 02eb 01030000 		.4byte	0x301
 817 02ef 0F       		.uleb128 0xf
 818 02f0 01       		.uleb128 0x1
 819 02f1 50       		.byte	0x50
 820 02f2 01       		.uleb128 0x1
 821 02f3 48       		.byte	0x48
 822 02f4 0F       		.uleb128 0xf
 823 02f5 01       		.uleb128 0x1
 824 02f6 51       		.byte	0x51
 825 02f7 02       		.uleb128 0x2
 826 02f8 08       		.byte	0x8
 827 02f9 20       		.byte	0x20
ARM GAS  C:\Users\annat\AppData\Local\Temp\ccGT0wfh.s 			page 20


 828 02fa 0F       		.uleb128 0xf
 829 02fb 01       		.uleb128 0x1
 830 02fc 52       		.byte	0x52
 831 02fd 02       		.uleb128 0x2
 832 02fe 08       		.byte	0x8
 833 02ff 57       		.byte	0x57
 834 0300 00       		.byte	0
 835 0301 0E       		.uleb128 0xe
 836 0302 C8000000 		.4byte	.LVL20
 837 0306 27060000 		.4byte	0x627
 838 030a 1E030000 		.4byte	0x31e
 839 030e 0F       		.uleb128 0xf
 840 030f 01       		.uleb128 0x1
 841 0310 50       		.byte	0x50
 842 0311 02       		.uleb128 0x2
 843 0312 91       		.byte	0x91
 844 0313 44       		.sleb128 -60
 845 0314 0F       		.uleb128 0xf
 846 0315 01       		.uleb128 0x1
 847 0316 51       		.byte	0x51
 848 0317 05       		.uleb128 0x5
 849 0318 03       		.byte	0x3
 850 0319 F0000000 		.4byte	.LC6
 851 031d 00       		.byte	0
 852 031e 0E       		.uleb128 0xe
 853 031f CE000000 		.4byte	.LVL21
 854 0323 32060000 		.4byte	0x632
 855 0327 32030000 		.4byte	0x332
 856 032b 0F       		.uleb128 0xf
 857 032c 01       		.uleb128 0x1
 858 032d 50       		.byte	0x50
 859 032e 02       		.uleb128 0x2
 860 032f 91       		.byte	0x91
 861 0330 44       		.sleb128 -60
 862 0331 00       		.byte	0
 863 0332 0E       		.uleb128 0xe
 864 0333 D6000000 		.4byte	.LVL22
 865 0337 32060000 		.4byte	0x632
 866 033b 49030000 		.4byte	0x349
 867 033f 0F       		.uleb128 0xf
 868 0340 01       		.uleb128 0x1
 869 0341 50       		.byte	0x50
 870 0342 05       		.uleb128 0x5
 871 0343 03       		.byte	0x3
 872 0344 28010000 		.4byte	.LC7
 873 0348 00       		.byte	0
 874 0349 0E       		.uleb128 0xe
 875 034a E2000000 		.4byte	.LVL23
 876 034e 74060000 		.4byte	0x674
 877 0352 68030000 		.4byte	0x368
 878 0356 0F       		.uleb128 0xf
 879 0357 01       		.uleb128 0x1
 880 0358 50       		.byte	0x50
 881 0359 01       		.uleb128 0x1
 882 035a 48       		.byte	0x48
 883 035b 0F       		.uleb128 0xf
 884 035c 01       		.uleb128 0x1
ARM GAS  C:\Users\annat\AppData\Local\Temp\ccGT0wfh.s 			page 21


 885 035d 51       		.byte	0x51
 886 035e 02       		.uleb128 0x2
 887 035f 08       		.byte	0x8
 888 0360 20       		.byte	0x20
 889 0361 0F       		.uleb128 0xf
 890 0362 01       		.uleb128 0x1
 891 0363 52       		.byte	0x52
 892 0364 02       		.uleb128 0x2
 893 0365 91       		.byte	0x91
 894 0366 43       		.sleb128 -61
 895 0367 00       		.byte	0
 896 0368 0E       		.uleb128 0xe
 897 0369 F4000000 		.4byte	.LVL24
 898 036d 27060000 		.4byte	0x627
 899 0371 85030000 		.4byte	0x385
 900 0375 0F       		.uleb128 0xf
 901 0376 01       		.uleb128 0x1
 902 0377 50       		.byte	0x50
 903 0378 02       		.uleb128 0x2
 904 0379 91       		.byte	0x91
 905 037a 44       		.sleb128 -60
 906 037b 0F       		.uleb128 0xf
 907 037c 01       		.uleb128 0x1
 908 037d 51       		.byte	0x51
 909 037e 05       		.uleb128 0x5
 910 037f 03       		.byte	0x3
 911 0380 64010000 		.4byte	.LC8
 912 0384 00       		.byte	0
 913 0385 0E       		.uleb128 0xe
 914 0386 FA000000 		.4byte	.LVL25
 915 038a 32060000 		.4byte	0x632
 916 038e 99030000 		.4byte	0x399
 917 0392 0F       		.uleb128 0xf
 918 0393 01       		.uleb128 0x1
 919 0394 50       		.byte	0x50
 920 0395 02       		.uleb128 0x2
 921 0396 91       		.byte	0x91
 922 0397 44       		.sleb128 -60
 923 0398 00       		.byte	0
 924 0399 0E       		.uleb128 0xe
 925 039a 02010000 		.4byte	.LVL26
 926 039e 32060000 		.4byte	0x632
 927 03a2 B0030000 		.4byte	0x3b0
 928 03a6 0F       		.uleb128 0xf
 929 03a7 01       		.uleb128 0x1
 930 03a8 50       		.byte	0x50
 931 03a9 05       		.uleb128 0x5
 932 03aa 03       		.byte	0x3
 933 03ab 98000000 		.4byte	.LC4
 934 03af 00       		.byte	0
 935 03b0 0E       		.uleb128 0xe
 936 03b1 0E010000 		.4byte	.LVL27
 937 03b5 74060000 		.4byte	0x674
 938 03b9 CF030000 		.4byte	0x3cf
 939 03bd 0F       		.uleb128 0xf
 940 03be 01       		.uleb128 0x1
 941 03bf 50       		.byte	0x50
ARM GAS  C:\Users\annat\AppData\Local\Temp\ccGT0wfh.s 			page 22


 942 03c0 01       		.uleb128 0x1
 943 03c1 48       		.byte	0x48
 944 03c2 0F       		.uleb128 0xf
 945 03c3 01       		.uleb128 0x1
 946 03c4 51       		.byte	0x51
 947 03c5 02       		.uleb128 0x2
 948 03c6 08       		.byte	0x8
 949 03c7 23       		.byte	0x23
 950 03c8 0F       		.uleb128 0xf
 951 03c9 01       		.uleb128 0x1
 952 03ca 52       		.byte	0x52
 953 03cb 02       		.uleb128 0x2
 954 03cc 91       		.byte	0x91
 955 03cd 42       		.sleb128 -62
 956 03ce 00       		.byte	0
 957 03cf 0E       		.uleb128 0xe
 958 03d0 20010000 		.4byte	.LVL28
 959 03d4 27060000 		.4byte	0x627
 960 03d8 EC030000 		.4byte	0x3ec
 961 03dc 0F       		.uleb128 0xf
 962 03dd 01       		.uleb128 0x1
 963 03de 50       		.byte	0x50
 964 03df 02       		.uleb128 0x2
 965 03e0 91       		.byte	0x91
 966 03e1 44       		.sleb128 -60
 967 03e2 0F       		.uleb128 0xf
 968 03e3 01       		.uleb128 0x1
 969 03e4 51       		.byte	0x51
 970 03e5 05       		.uleb128 0x5
 971 03e6 03       		.byte	0x3
 972 03e7 9C010000 		.4byte	.LC9
 973 03eb 00       		.byte	0
 974 03ec 0E       		.uleb128 0xe
 975 03ed 26010000 		.4byte	.LVL29
 976 03f1 32060000 		.4byte	0x632
 977 03f5 00040000 		.4byte	0x400
 978 03f9 0F       		.uleb128 0xf
 979 03fa 01       		.uleb128 0x1
 980 03fb 50       		.byte	0x50
 981 03fc 02       		.uleb128 0x2
 982 03fd 91       		.byte	0x91
 983 03fe 44       		.sleb128 -60
 984 03ff 00       		.byte	0
 985 0400 0E       		.uleb128 0xe
 986 0401 2E010000 		.4byte	.LVL30
 987 0405 32060000 		.4byte	0x632
 988 0409 17040000 		.4byte	0x417
 989 040d 0F       		.uleb128 0xf
 990 040e 01       		.uleb128 0x1
 991 040f 50       		.byte	0x50
 992 0410 05       		.uleb128 0x5
 993 0411 03       		.byte	0x3
 994 0412 BC010000 		.4byte	.LC10
 995 0416 00       		.byte	0
 996 0417 0E       		.uleb128 0xe
 997 0418 44010000 		.4byte	.LVL31
 998 041c 7F060000 		.4byte	0x67f
ARM GAS  C:\Users\annat\AppData\Local\Temp\ccGT0wfh.s 			page 23


 999 0420 36040000 		.4byte	0x436
 1000 0424 0F       		.uleb128 0xf
 1001 0425 01       		.uleb128 0x1
 1002 0426 50       		.byte	0x50
 1003 0427 01       		.uleb128 0x1
 1004 0428 48       		.byte	0x48
 1005 0429 0F       		.uleb128 0xf
 1006 042a 01       		.uleb128 0x1
 1007 042b 51       		.byte	0x51
 1008 042c 02       		.uleb128 0x2
 1009 042d 08       		.byte	0x8
 1010 042e 23       		.byte	0x23
 1011 042f 0F       		.uleb128 0xf
 1012 0430 01       		.uleb128 0x1
 1013 0431 52       		.byte	0x52
 1014 0432 02       		.uleb128 0x2
 1015 0433 09       		.byte	0x9
 1016 0434 98       		.byte	0x98
 1017 0435 00       		.byte	0
 1018 0436 0E       		.uleb128 0xe
 1019 0437 56010000 		.4byte	.LVL32
 1020 043b 27060000 		.4byte	0x627
 1021 043f 53040000 		.4byte	0x453
 1022 0443 0F       		.uleb128 0xf
 1023 0444 01       		.uleb128 0x1
 1024 0445 50       		.byte	0x50
 1025 0446 02       		.uleb128 0x2
 1026 0447 91       		.byte	0x91
 1027 0448 44       		.sleb128 -60
 1028 0449 0F       		.uleb128 0xf
 1029 044a 01       		.uleb128 0x1
 1030 044b 51       		.byte	0x51
 1031 044c 05       		.uleb128 0x5
 1032 044d 03       		.byte	0x3
 1033 044e F8010000 		.4byte	.LC11
 1034 0452 00       		.byte	0
 1035 0453 0E       		.uleb128 0xe
 1036 0454 5C010000 		.4byte	.LVL33
 1037 0458 32060000 		.4byte	0x632
 1038 045c 67040000 		.4byte	0x467
 1039 0460 0F       		.uleb128 0xf
 1040 0461 01       		.uleb128 0x1
 1041 0462 50       		.byte	0x50
 1042 0463 02       		.uleb128 0x2
 1043 0464 91       		.byte	0x91
 1044 0465 44       		.sleb128 -60
 1045 0466 00       		.byte	0
 1046 0467 0E       		.uleb128 0xe
 1047 0468 64010000 		.4byte	.LVL34
 1048 046c 32060000 		.4byte	0x632
 1049 0470 7E040000 		.4byte	0x47e
 1050 0474 0F       		.uleb128 0xf
 1051 0475 01       		.uleb128 0x1
 1052 0476 50       		.byte	0x50
 1053 0477 05       		.uleb128 0x5
 1054 0478 03       		.byte	0x3
 1055 0479 30020000 		.4byte	.LC12
ARM GAS  C:\Users\annat\AppData\Local\Temp\ccGT0wfh.s 			page 24


 1056 047d 00       		.byte	0
 1057 047e 0E       		.uleb128 0xe
 1058 047f 70010000 		.4byte	.LVL35
 1059 0483 74060000 		.4byte	0x674
 1060 0487 9D040000 		.4byte	0x49d
 1061 048b 0F       		.uleb128 0xf
 1062 048c 01       		.uleb128 0x1
 1063 048d 50       		.byte	0x50
 1064 048e 01       		.uleb128 0x1
 1065 048f 48       		.byte	0x48
 1066 0490 0F       		.uleb128 0xf
 1067 0491 01       		.uleb128 0x1
 1068 0492 51       		.byte	0x51
 1069 0493 02       		.uleb128 0x2
 1070 0494 08       		.byte	0x8
 1071 0495 23       		.byte	0x23
 1072 0496 0F       		.uleb128 0xf
 1073 0497 01       		.uleb128 0x1
 1074 0498 52       		.byte	0x52
 1075 0499 02       		.uleb128 0x2
 1076 049a 91       		.byte	0x91
 1077 049b 42       		.sleb128 -62
 1078 049c 00       		.byte	0
 1079 049d 0E       		.uleb128 0xe
 1080 049e 82010000 		.4byte	.LVL36
 1081 04a2 27060000 		.4byte	0x627
 1082 04a6 BA040000 		.4byte	0x4ba
 1083 04aa 0F       		.uleb128 0xf
 1084 04ab 01       		.uleb128 0x1
 1085 04ac 50       		.byte	0x50
 1086 04ad 02       		.uleb128 0x2
 1087 04ae 91       		.byte	0x91
 1088 04af 44       		.sleb128 -60
 1089 04b0 0F       		.uleb128 0xf
 1090 04b1 01       		.uleb128 0x1
 1091 04b2 51       		.byte	0x51
 1092 04b3 05       		.uleb128 0x5
 1093 04b4 03       		.byte	0x3
 1094 04b5 6C020000 		.4byte	.LC13
 1095 04b9 00       		.byte	0
 1096 04ba 0E       		.uleb128 0xe
 1097 04bb 88010000 		.4byte	.LVL37
 1098 04bf 32060000 		.4byte	0x632
 1099 04c3 CE040000 		.4byte	0x4ce
 1100 04c7 0F       		.uleb128 0xf
 1101 04c8 01       		.uleb128 0x1
 1102 04c9 50       		.byte	0x50
 1103 04ca 02       		.uleb128 0x2
 1104 04cb 91       		.byte	0x91
 1105 04cc 44       		.sleb128 -60
 1106 04cd 00       		.byte	0
 1107 04ce 0E       		.uleb128 0xe
 1108 04cf 90010000 		.4byte	.LVL38
 1109 04d3 32060000 		.4byte	0x632
 1110 04d7 E5040000 		.4byte	0x4e5
 1111 04db 0F       		.uleb128 0xf
 1112 04dc 01       		.uleb128 0x1
ARM GAS  C:\Users\annat\AppData\Local\Temp\ccGT0wfh.s 			page 25


 1113 04dd 50       		.byte	0x50
 1114 04de 05       		.uleb128 0x5
 1115 04df 03       		.byte	0x3
 1116 04e0 BC010000 		.4byte	.LC10
 1117 04e4 00       		.byte	0
 1118 04e5 10       		.uleb128 0x10
 1119 04e6 AC010000 		.4byte	.LVL39
 1120 04ea 8A060000 		.4byte	0x68a
 1121 04ee 0F       		.uleb128 0xf
 1122 04ef 01       		.uleb128 0x1
 1123 04f0 50       		.byte	0x50
 1124 04f1 05       		.uleb128 0x5
 1125 04f2 03       		.byte	0x3
 1126 04f3 00000000 		.4byte	OutArray
 1127 04f7 0F       		.uleb128 0xf
 1128 04f8 01       		.uleb128 0x1
 1129 04f9 51       		.byte	0x51
 1130 04fa 01       		.uleb128 0x1
 1131 04fb 3E       		.byte	0x3e
 1132 04fc 00       		.byte	0
 1133 04fd 00       		.byte	0
 1134 04fe 12       		.uleb128 0x12
 1135 04ff C7000000 		.4byte	0xc7
 1136 0503 0E050000 		.4byte	0x50e
 1137 0507 13       		.uleb128 0x13
 1138 0508 D5000000 		.4byte	0xd5
 1139 050c 31       		.byte	0x31
 1140 050d 00       		.byte	0
 1141 050e 14       		.uleb128 0x14
 1142 050f 06030000 		.4byte	.LASF29
 1143 0513 06       		.byte	0x6
 1144 0514 21       		.byte	0x21
 1145 0515 F5000000 		.4byte	0xf5
 1146 0519 05       		.uleb128 0x5
 1147 051a 03       		.byte	0x3
 1148 051b 00000000 		.4byte	error
 1149 051f 14       		.uleb128 0x14
 1150 0520 7F030000 		.4byte	.LASF30
 1151 0524 06       		.byte	0x6
 1152 0525 23       		.byte	0x23
 1153 0526 8C000000 		.4byte	0x8c
 1154 052a 05       		.uleb128 0x5
 1155 052b 03       		.byte	0x3
 1156 052c 00000000 		.4byte	status_register
 1157 0530 12       		.uleb128 0x12
 1158 0531 8C000000 		.4byte	0x8c
 1159 0535 40050000 		.4byte	0x540
 1160 0539 13       		.uleb128 0x13
 1161 053a D5000000 		.4byte	0xd5
 1162 053e 01       		.byte	0x1
 1163 053f 00       		.byte	0
 1164 0540 14       		.uleb128 0x14
 1165 0541 FD000000 		.4byte	.LASF31
 1166 0545 06       		.byte	0x6
 1167 0546 26       		.byte	0x26
 1168 0547 30050000 		.4byte	0x530
 1169 054b 05       		.uleb128 0x5
ARM GAS  C:\Users\annat\AppData\Local\Temp\ccGT0wfh.s 			page 26


 1170 054c 03       		.byte	0x3
 1171 054d 00000000 		.4byte	Acc_xData
 1172 0551 14       		.uleb128 0x14
 1173 0552 42020000 		.4byte	.LASF32
 1174 0556 06       		.byte	0x6
 1175 0557 27       		.byte	0x27
 1176 0558 30050000 		.4byte	0x530
 1177 055c 05       		.uleb128 0x5
 1178 055d 03       		.byte	0x3
 1179 055e 00000000 		.4byte	Acc_yData
 1180 0562 14       		.uleb128 0x14
 1181 0563 75030000 		.4byte	.LASF33
 1182 0567 06       		.byte	0x6
 1183 0568 28       		.byte	0x28
 1184 0569 30050000 		.4byte	0x530
 1185 056d 05       		.uleb128 0x5
 1186 056e 03       		.byte	0x3
 1187 056f 00000000 		.4byte	Acc_zData
 1188 0573 14       		.uleb128 0x14
 1189 0574 C6000000 		.4byte	.LASF34
 1190 0578 06       		.byte	0x6
 1191 0579 2B       		.byte	0x2b
 1192 057a 97000000 		.4byte	0x97
 1193 057e 05       		.uleb128 0x5
 1194 057f 03       		.byte	0x3
 1195 0580 00000000 		.4byte	Accelerometer_x
 1196 0584 14       		.uleb128 0x14
 1197 0585 D6010000 		.4byte	.LASF35
 1198 0589 06       		.byte	0x6
 1199 058a 2C       		.byte	0x2c
 1200 058b 97000000 		.4byte	0x97
 1201 058f 05       		.uleb128 0x5
 1202 0590 03       		.byte	0x3
 1203 0591 00000000 		.4byte	Accelerometer_y
 1204 0595 14       		.uleb128 0x14
 1205 0596 E6010000 		.4byte	.LASF36
 1206 059a 06       		.byte	0x6
 1207 059b 2D       		.byte	0x2d
 1208 059c 97000000 		.4byte	0x97
 1209 05a0 05       		.uleb128 0x5
 1210 05a1 03       		.byte	0x3
 1211 05a2 00000000 		.4byte	Accelerometer_z
 1212 05a6 14       		.uleb128 0x14
 1213 05a7 88000000 		.4byte	.LASF37
 1214 05ab 06       		.byte	0x6
 1215 05ac 30       		.byte	0x30
 1216 05ad AD000000 		.4byte	0xad
 1217 05b1 05       		.uleb128 0x5
 1218 05b2 03       		.byte	0x3
 1219 05b3 00000000 		.4byte	x_acceleration
 1220 05b7 14       		.uleb128 0x14
 1221 05b8 F7020000 		.4byte	.LASF38
 1222 05bc 06       		.byte	0x6
 1223 05bd 31       		.byte	0x31
 1224 05be AD000000 		.4byte	0xad
 1225 05c2 05       		.uleb128 0x5
 1226 05c3 03       		.byte	0x3
ARM GAS  C:\Users\annat\AppData\Local\Temp\ccGT0wfh.s 			page 27


 1227 05c4 00000000 		.4byte	y_acceleration
 1228 05c8 14       		.uleb128 0x14
 1229 05c9 D6000000 		.4byte	.LASF39
 1230 05cd 06       		.byte	0x6
 1231 05ce 32       		.byte	0x32
 1232 05cf AD000000 		.4byte	0xad
 1233 05d3 05       		.uleb128 0x5
 1234 05d4 03       		.byte	0x3
 1235 05d5 00000000 		.4byte	z_acceleration
 1236 05d9 12       		.uleb128 0x12
 1237 05da 8C000000 		.4byte	0x8c
 1238 05de E9050000 		.4byte	0x5e9
 1239 05e2 13       		.uleb128 0x13
 1240 05e3 D5000000 		.4byte	0xd5
 1241 05e7 0D       		.byte	0xd
 1242 05e8 00       		.byte	0
 1243 05e9 14       		.uleb128 0x14
 1244 05ea AF000000 		.4byte	.LASF40
 1245 05ee 06       		.byte	0x6
 1246 05ef 35       		.byte	0x35
 1247 05f0 D9050000 		.4byte	0x5d9
 1248 05f4 05       		.uleb128 0x5
 1249 05f5 03       		.byte	0x3
 1250 05f6 00000000 		.4byte	OutArray
 1251 05fa 14       		.uleb128 0x14
 1252 05fb 0E010000 		.4byte	.LASF41
 1253 05ff 06       		.byte	0x6
 1254 0600 37       		.byte	0x37
 1255 0601 00010000 		.4byte	0x100
 1256 0605 05       		.uleb128 0x5
 1257 0606 03       		.byte	0x3
 1258 0607 00000000 		.4byte	FlagPacketReady
 1259 060b 15       		.uleb128 0x15
 1260 060c 54020000 		.4byte	.LASF42
 1261 0610 07       		.byte	0x7
 1262 0611 1207     		.2byte	0x712
 1263 0613 17060000 		.4byte	0x617
 1264 0617 08       		.uleb128 0x8
 1265 0618 A2000000 		.4byte	0xa2
 1266 061c 16       		.uleb128 0x16
 1267 061d 2D000000 		.4byte	.LASF43
 1268 0621 2D000000 		.4byte	.LASF43
 1269 0625 08       		.byte	0x8
 1270 0626 5D       		.byte	0x5d
 1271 0627 16       		.uleb128 0x16
 1272 0628 A7030000 		.4byte	.LASF44
 1273 062c A7030000 		.4byte	.LASF44
 1274 0630 09       		.byte	0x9
 1275 0631 E7       		.byte	0xe7
 1276 0632 16       		.uleb128 0x16
 1277 0633 25010000 		.4byte	.LASF45
 1278 0637 25010000 		.4byte	.LASF45
 1279 063b 0A       		.byte	0xa
 1280 063c 8B       		.byte	0x8b
 1281 063d 16       		.uleb128 0x16
 1282 063e B7030000 		.4byte	.LASF46
 1283 0642 B7030000 		.4byte	.LASF46
ARM GAS  C:\Users\annat\AppData\Local\Temp\ccGT0wfh.s 			page 28


 1284 0646 08       		.byte	0x8
 1285 0647 17       		.byte	0x17
 1286 0648 16       		.uleb128 0x16
 1287 0649 1A030000 		.4byte	.LASF47
 1288 064d 1A030000 		.4byte	.LASF47
 1289 0651 0A       		.byte	0xa
 1290 0652 54       		.byte	0x54
 1291 0653 16       		.uleb128 0x16
 1292 0654 00020000 		.4byte	.LASF48
 1293 0658 00020000 		.4byte	.LASF48
 1294 065c 0B       		.byte	0xb
 1295 065d 5A       		.byte	0x5a
 1296 065e 16       		.uleb128 0x16
 1297 065f 97000000 		.4byte	.LASF49
 1298 0663 97000000 		.4byte	.LASF49
 1299 0667 0C       		.byte	0xc
 1300 0668 18       		.byte	0x18
 1301 0669 16       		.uleb128 0x16
 1302 066a AF030000 		.4byte	.LASF50
 1303 066e AF030000 		.4byte	.LASF50
 1304 0672 0D       		.byte	0xd
 1305 0673 76       		.byte	0x76
 1306 0674 16       		.uleb128 0x16
 1307 0675 40030000 		.4byte	.LASF51
 1308 0679 40030000 		.4byte	.LASF51
 1309 067d 08       		.byte	0x8
 1310 067e 28       		.byte	0x28
 1311 067f 16       		.uleb128 0x16
 1312 0680 3A010000 		.4byte	.LASF52
 1313 0684 3A010000 		.4byte	.LASF52
 1314 0688 08       		.byte	0x8
 1315 0689 43       		.byte	0x43
 1316 068a 16       		.uleb128 0x16
 1317 068b 74000000 		.4byte	.LASF53
 1318 068f 74000000 		.4byte	.LASF53
 1319 0693 0A       		.byte	0xa
 1320 0694 8C       		.byte	0x8c
 1321 0695 00       		.byte	0
 1322              		.section	.debug_abbrev,"",%progbits
 1323              	.Ldebug_abbrev0:
 1324 0000 01       		.uleb128 0x1
 1325 0001 11       		.uleb128 0x11
 1326 0002 01       		.byte	0x1
 1327 0003 25       		.uleb128 0x25
 1328 0004 0E       		.uleb128 0xe
 1329 0005 13       		.uleb128 0x13
 1330 0006 0B       		.uleb128 0xb
 1331 0007 03       		.uleb128 0x3
 1332 0008 0E       		.uleb128 0xe
 1333 0009 1B       		.uleb128 0x1b
 1334 000a 0E       		.uleb128 0xe
 1335 000b 55       		.uleb128 0x55
 1336 000c 17       		.uleb128 0x17
 1337 000d 11       		.uleb128 0x11
 1338 000e 01       		.uleb128 0x1
 1339 000f 10       		.uleb128 0x10
 1340 0010 17       		.uleb128 0x17
ARM GAS  C:\Users\annat\AppData\Local\Temp\ccGT0wfh.s 			page 29


 1341 0011 00       		.byte	0
 1342 0012 00       		.byte	0
 1343 0013 02       		.uleb128 0x2
 1344 0014 24       		.uleb128 0x24
 1345 0015 00       		.byte	0
 1346 0016 0B       		.uleb128 0xb
 1347 0017 0B       		.uleb128 0xb
 1348 0018 3E       		.uleb128 0x3e
 1349 0019 0B       		.uleb128 0xb
 1350 001a 03       		.uleb128 0x3
 1351 001b 0E       		.uleb128 0xe
 1352 001c 00       		.byte	0
 1353 001d 00       		.byte	0
 1354 001e 03       		.uleb128 0x3
 1355 001f 16       		.uleb128 0x16
 1356 0020 00       		.byte	0
 1357 0021 03       		.uleb128 0x3
 1358 0022 0E       		.uleb128 0xe
 1359 0023 3A       		.uleb128 0x3a
 1360 0024 0B       		.uleb128 0xb
 1361 0025 3B       		.uleb128 0x3b
 1362 0026 0B       		.uleb128 0xb
 1363 0027 49       		.uleb128 0x49
 1364 0028 13       		.uleb128 0x13
 1365 0029 00       		.byte	0
 1366 002a 00       		.byte	0
 1367 002b 04       		.uleb128 0x4
 1368 002c 24       		.uleb128 0x24
 1369 002d 00       		.byte	0
 1370 002e 0B       		.uleb128 0xb
 1371 002f 0B       		.uleb128 0xb
 1372 0030 3E       		.uleb128 0x3e
 1373 0031 0B       		.uleb128 0xb
 1374 0032 03       		.uleb128 0x3
 1375 0033 08       		.uleb128 0x8
 1376 0034 00       		.byte	0
 1377 0035 00       		.byte	0
 1378 0036 05       		.uleb128 0x5
 1379 0037 16       		.uleb128 0x16
 1380 0038 00       		.byte	0
 1381 0039 03       		.uleb128 0x3
 1382 003a 0E       		.uleb128 0xe
 1383 003b 3A       		.uleb128 0x3a
 1384 003c 0B       		.uleb128 0xb
 1385 003d 3B       		.uleb128 0x3b
 1386 003e 05       		.uleb128 0x5
 1387 003f 49       		.uleb128 0x49
 1388 0040 13       		.uleb128 0x13
 1389 0041 00       		.byte	0
 1390 0042 00       		.byte	0
 1391 0043 06       		.uleb128 0x6
 1392 0044 04       		.uleb128 0x4
 1393 0045 01       		.byte	0x1
 1394 0046 0B       		.uleb128 0xb
 1395 0047 0B       		.uleb128 0xb
 1396 0048 49       		.uleb128 0x49
 1397 0049 13       		.uleb128 0x13
ARM GAS  C:\Users\annat\AppData\Local\Temp\ccGT0wfh.s 			page 30


 1398 004a 3A       		.uleb128 0x3a
 1399 004b 0B       		.uleb128 0xb
 1400 004c 3B       		.uleb128 0x3b
 1401 004d 0B       		.uleb128 0xb
 1402 004e 01       		.uleb128 0x1
 1403 004f 13       		.uleb128 0x13
 1404 0050 00       		.byte	0
 1405 0051 00       		.byte	0
 1406 0052 07       		.uleb128 0x7
 1407 0053 28       		.uleb128 0x28
 1408 0054 00       		.byte	0
 1409 0055 03       		.uleb128 0x3
 1410 0056 0E       		.uleb128 0xe
 1411 0057 1C       		.uleb128 0x1c
 1412 0058 0B       		.uleb128 0xb
 1413 0059 00       		.byte	0
 1414 005a 00       		.byte	0
 1415 005b 08       		.uleb128 0x8
 1416 005c 35       		.uleb128 0x35
 1417 005d 00       		.byte	0
 1418 005e 49       		.uleb128 0x49
 1419 005f 13       		.uleb128 0x13
 1420 0060 00       		.byte	0
 1421 0061 00       		.byte	0
 1422 0062 09       		.uleb128 0x9
 1423 0063 2E       		.uleb128 0x2e
 1424 0064 01       		.byte	0x1
 1425 0065 3F       		.uleb128 0x3f
 1426 0066 19       		.uleb128 0x19
 1427 0067 03       		.uleb128 0x3
 1428 0068 0E       		.uleb128 0xe
 1429 0069 3A       		.uleb128 0x3a
 1430 006a 0B       		.uleb128 0xb
 1431 006b 3B       		.uleb128 0x3b
 1432 006c 0B       		.uleb128 0xb
 1433 006d 27       		.uleb128 0x27
 1434 006e 19       		.uleb128 0x19
 1435 006f 49       		.uleb128 0x49
 1436 0070 13       		.uleb128 0x13
 1437 0071 8701     		.uleb128 0x87
 1438 0073 19       		.uleb128 0x19
 1439 0074 11       		.uleb128 0x11
 1440 0075 01       		.uleb128 0x1
 1441 0076 12       		.uleb128 0x12
 1442 0077 06       		.uleb128 0x6
 1443 0078 40       		.uleb128 0x40
 1444 0079 18       		.uleb128 0x18
 1445 007a 9742     		.uleb128 0x2117
 1446 007c 19       		.uleb128 0x19
 1447 007d 01       		.uleb128 0x1
 1448 007e 13       		.uleb128 0x13
 1449 007f 00       		.byte	0
 1450 0080 00       		.byte	0
 1451 0081 0A       		.uleb128 0xa
 1452 0082 34       		.uleb128 0x34
 1453 0083 00       		.byte	0
 1454 0084 03       		.uleb128 0x3
ARM GAS  C:\Users\annat\AppData\Local\Temp\ccGT0wfh.s 			page 31


 1455 0085 0E       		.uleb128 0xe
 1456 0086 3A       		.uleb128 0x3a
 1457 0087 0B       		.uleb128 0xb
 1458 0088 3B       		.uleb128 0x3b
 1459 0089 0B       		.uleb128 0xb
 1460 008a 49       		.uleb128 0x49
 1461 008b 13       		.uleb128 0x13
 1462 008c 02       		.uleb128 0x2
 1463 008d 18       		.uleb128 0x18
 1464 008e 00       		.byte	0
 1465 008f 00       		.byte	0
 1466 0090 0B       		.uleb128 0xb
 1467 0091 34       		.uleb128 0x34
 1468 0092 00       		.byte	0
 1469 0093 03       		.uleb128 0x3
 1470 0094 0E       		.uleb128 0xe
 1471 0095 3A       		.uleb128 0x3a
 1472 0096 0B       		.uleb128 0xb
 1473 0097 3B       		.uleb128 0x3b
 1474 0098 0B       		.uleb128 0xb
 1475 0099 49       		.uleb128 0x49
 1476 009a 13       		.uleb128 0x13
 1477 009b 1C       		.uleb128 0x1c
 1478 009c 0D       		.uleb128 0xd
 1479 009d 00       		.byte	0
 1480 009e 00       		.byte	0
 1481 009f 0C       		.uleb128 0xc
 1482 00a0 0B       		.uleb128 0xb
 1483 00a1 01       		.byte	0x1
 1484 00a2 11       		.uleb128 0x11
 1485 00a3 01       		.uleb128 0x1
 1486 00a4 12       		.uleb128 0x12
 1487 00a5 06       		.uleb128 0x6
 1488 00a6 01       		.uleb128 0x1
 1489 00a7 13       		.uleb128 0x13
 1490 00a8 00       		.byte	0
 1491 00a9 00       		.byte	0
 1492 00aa 0D       		.uleb128 0xd
 1493 00ab 34       		.uleb128 0x34
 1494 00ac 00       		.byte	0
 1495 00ad 03       		.uleb128 0x3
 1496 00ae 08       		.uleb128 0x8
 1497 00af 3A       		.uleb128 0x3a
 1498 00b0 0B       		.uleb128 0xb
 1499 00b1 3B       		.uleb128 0x3b
 1500 00b2 0B       		.uleb128 0xb
 1501 00b3 49       		.uleb128 0x49
 1502 00b4 13       		.uleb128 0x13
 1503 00b5 02       		.uleb128 0x2
 1504 00b6 17       		.uleb128 0x17
 1505 00b7 00       		.byte	0
 1506 00b8 00       		.byte	0
 1507 00b9 0E       		.uleb128 0xe
 1508 00ba 898201   		.uleb128 0x4109
 1509 00bd 01       		.byte	0x1
 1510 00be 11       		.uleb128 0x11
 1511 00bf 01       		.uleb128 0x1
ARM GAS  C:\Users\annat\AppData\Local\Temp\ccGT0wfh.s 			page 32


 1512 00c0 31       		.uleb128 0x31
 1513 00c1 13       		.uleb128 0x13
 1514 00c2 01       		.uleb128 0x1
 1515 00c3 13       		.uleb128 0x13
 1516 00c4 00       		.byte	0
 1517 00c5 00       		.byte	0
 1518 00c6 0F       		.uleb128 0xf
 1519 00c7 8A8201   		.uleb128 0x410a
 1520 00ca 00       		.byte	0
 1521 00cb 02       		.uleb128 0x2
 1522 00cc 18       		.uleb128 0x18
 1523 00cd 9142     		.uleb128 0x2111
 1524 00cf 18       		.uleb128 0x18
 1525 00d0 00       		.byte	0
 1526 00d1 00       		.byte	0
 1527 00d2 10       		.uleb128 0x10
 1528 00d3 898201   		.uleb128 0x4109
 1529 00d6 01       		.byte	0x1
 1530 00d7 11       		.uleb128 0x11
 1531 00d8 01       		.uleb128 0x1
 1532 00d9 31       		.uleb128 0x31
 1533 00da 13       		.uleb128 0x13
 1534 00db 00       		.byte	0
 1535 00dc 00       		.byte	0
 1536 00dd 11       		.uleb128 0x11
 1537 00de 898201   		.uleb128 0x4109
 1538 00e1 00       		.byte	0
 1539 00e2 11       		.uleb128 0x11
 1540 00e3 01       		.uleb128 0x1
 1541 00e4 31       		.uleb128 0x31
 1542 00e5 13       		.uleb128 0x13
 1543 00e6 00       		.byte	0
 1544 00e7 00       		.byte	0
 1545 00e8 12       		.uleb128 0x12
 1546 00e9 01       		.uleb128 0x1
 1547 00ea 01       		.byte	0x1
 1548 00eb 49       		.uleb128 0x49
 1549 00ec 13       		.uleb128 0x13
 1550 00ed 01       		.uleb128 0x1
 1551 00ee 13       		.uleb128 0x13
 1552 00ef 00       		.byte	0
 1553 00f0 00       		.byte	0
 1554 00f1 13       		.uleb128 0x13
 1555 00f2 21       		.uleb128 0x21
 1556 00f3 00       		.byte	0
 1557 00f4 49       		.uleb128 0x49
 1558 00f5 13       		.uleb128 0x13
 1559 00f6 2F       		.uleb128 0x2f
 1560 00f7 0B       		.uleb128 0xb
 1561 00f8 00       		.byte	0
 1562 00f9 00       		.byte	0
 1563 00fa 14       		.uleb128 0x14
 1564 00fb 34       		.uleb128 0x34
 1565 00fc 00       		.byte	0
 1566 00fd 03       		.uleb128 0x3
 1567 00fe 0E       		.uleb128 0xe
 1568 00ff 3A       		.uleb128 0x3a
ARM GAS  C:\Users\annat\AppData\Local\Temp\ccGT0wfh.s 			page 33


 1569 0100 0B       		.uleb128 0xb
 1570 0101 3B       		.uleb128 0x3b
 1571 0102 0B       		.uleb128 0xb
 1572 0103 49       		.uleb128 0x49
 1573 0104 13       		.uleb128 0x13
 1574 0105 3F       		.uleb128 0x3f
 1575 0106 19       		.uleb128 0x19
 1576 0107 02       		.uleb128 0x2
 1577 0108 18       		.uleb128 0x18
 1578 0109 00       		.byte	0
 1579 010a 00       		.byte	0
 1580 010b 15       		.uleb128 0x15
 1581 010c 34       		.uleb128 0x34
 1582 010d 00       		.byte	0
 1583 010e 03       		.uleb128 0x3
 1584 010f 0E       		.uleb128 0xe
 1585 0110 3A       		.uleb128 0x3a
 1586 0111 0B       		.uleb128 0xb
 1587 0112 3B       		.uleb128 0x3b
 1588 0113 05       		.uleb128 0x5
 1589 0114 49       		.uleb128 0x49
 1590 0115 13       		.uleb128 0x13
 1591 0116 3F       		.uleb128 0x3f
 1592 0117 19       		.uleb128 0x19
 1593 0118 3C       		.uleb128 0x3c
 1594 0119 19       		.uleb128 0x19
 1595 011a 00       		.byte	0
 1596 011b 00       		.byte	0
 1597 011c 16       		.uleb128 0x16
 1598 011d 2E       		.uleb128 0x2e
 1599 011e 00       		.byte	0
 1600 011f 3F       		.uleb128 0x3f
 1601 0120 19       		.uleb128 0x19
 1602 0121 3C       		.uleb128 0x3c
 1603 0122 19       		.uleb128 0x19
 1604 0123 6E       		.uleb128 0x6e
 1605 0124 0E       		.uleb128 0xe
 1606 0125 03       		.uleb128 0x3
 1607 0126 0E       		.uleb128 0xe
 1608 0127 3A       		.uleb128 0x3a
 1609 0128 0B       		.uleb128 0xb
 1610 0129 3B       		.uleb128 0x3b
 1611 012a 0B       		.uleb128 0xb
 1612 012b 00       		.byte	0
 1613 012c 00       		.byte	0
 1614 012d 00       		.byte	0
 1615              		.section	.debug_loc,"",%progbits
 1616              	.Ldebug_loc0:
 1617              	.LLST0:
 1618 0000 24000000 		.4byte	.LVL4
 1619 0004 26000000 		.4byte	.LVL5
 1620 0008 0200     		.2byte	0x2
 1621 000a 30       		.byte	0x30
 1622 000b 9F       		.byte	0x9f
 1623 000c 26000000 		.4byte	.LVL5
 1624 0010 00020000 		.4byte	.LFE64
 1625 0014 0100     		.2byte	0x1
ARM GAS  C:\Users\annat\AppData\Local\Temp\ccGT0wfh.s 			page 34


 1626 0016 54       		.byte	0x54
 1627 0017 00000000 		.4byte	0
 1628 001b 00000000 		.4byte	0
 1629              		.section	.debug_aranges,"",%progbits
 1630 0000 1C000000 		.4byte	0x1c
 1631 0004 0200     		.2byte	0x2
 1632 0006 00000000 		.4byte	.Ldebug_info0
 1633 000a 04       		.byte	0x4
 1634 000b 00       		.byte	0
 1635 000c 0000     		.2byte	0
 1636 000e 0000     		.2byte	0
 1637 0010 00000000 		.4byte	.LFB64
 1638 0014 00020000 		.4byte	.LFE64-.LFB64
 1639 0018 00000000 		.4byte	0
 1640 001c 00000000 		.4byte	0
 1641              		.section	.debug_ranges,"",%progbits
 1642              	.Ldebug_ranges0:
 1643 0000 00000000 		.4byte	.LFB64
 1644 0004 00020000 		.4byte	.LFE64
 1645 0008 00000000 		.4byte	0
 1646 000c 00000000 		.4byte	0
 1647              		.section	.debug_line,"",%progbits
 1648              	.Ldebug_line0:
 1649 0000 8B020000 		.section	.debug_str,"MS",%progbits,1
 1649      02002E02 
 1649      00000201 
 1649      FB0E0D00 
 1649      01010101 
 1650              	.LASF24:
 1651 0000 6D657373 		.ascii	"message\000"
 1651      61676500 
 1652              	.LASF23:
 1653 0008 4572726F 		.ascii	"ErrorCode\000"
 1653      72436F64 
 1653      6500
 1654              	.LASF27:
 1655 0012 68656164 		.ascii	"header\000"
 1655      657200
 1656              	.LASF2:
 1657 0019 5F5F7569 		.ascii	"__uint8_t\000"
 1657      6E74385F 
 1657      7400
 1658              	.LASF3:
 1659 0023 5F5F696E 		.ascii	"__int16_t\000"
 1659      7431365F 
 1659      7400
 1660              	.LASF43:
 1661 002d 4932435F 		.ascii	"I2C_Peripheral_IsDeviceConnected\000"
 1661      50657269 
 1661      70686572 
 1661      616C5F49 
 1661      73446576 
 1662              	.LASF6:
 1663 004e 5F5F696E 		.ascii	"__int32_t\000"
 1663      7433325F 
 1663      7400
 1664              	.LASF7:
ARM GAS  C:\Users\annat\AppData\Local\Temp\ccGT0wfh.s 			page 35


 1665 0058 6C6F6E67 		.ascii	"long int\000"
 1665      20696E74 
 1665      00
 1666              	.LASF5:
 1667 0061 73686F72 		.ascii	"short unsigned int\000"
 1667      7420756E 
 1667      7369676E 
 1667      65642069 
 1667      6E7400
 1668              	.LASF53:
 1669 0074 55415254 		.ascii	"UART_Debug_PutArray\000"
 1669      5F446562 
 1669      75675F50 
 1669      75744172 
 1669      72617900 
 1670              	.LASF37:
 1671 0088 785F6163 		.ascii	"x_acceleration\000"
 1671      63656C65 
 1671      72617469 
 1671      6F6E00
 1672              	.LASF49:
 1673 0097 54494D45 		.ascii	"TIMER_isr_StartEx\000"
 1673      525F6973 
 1673      725F5374 
 1673      61727445 
 1673      7800
 1674              	.LASF16:
 1675 00a9 666C6F61 		.ascii	"float\000"
 1675      7400
 1676              	.LASF40:
 1677 00af 4F757441 		.ascii	"OutArray\000"
 1677      72726179 
 1677      00
 1678              	.LASF1:
 1679 00b8 756E7369 		.ascii	"unsigned char\000"
 1679      676E6564 
 1679      20636861 
 1679      7200
 1680              	.LASF34:
 1681 00c6 41636365 		.ascii	"Accelerometer_x\000"
 1681      6C65726F 
 1681      6D657465 
 1681      725F7800 
 1682              	.LASF39:
 1683 00d6 7A5F6163 		.ascii	"z_acceleration\000"
 1683      63656C65 
 1683      72617469 
 1683      6F6E00
 1684              	.LASF8:
 1685 00e5 6C6F6E67 		.ascii	"long unsigned int\000"
 1685      20756E73 
 1685      69676E65 
 1685      6420696E 
 1685      7400
 1686              	.LASF15:
 1687 00f7 696E7433 		.ascii	"int32\000"
 1687      3200
ARM GAS  C:\Users\annat\AppData\Local\Temp\ccGT0wfh.s 			page 36


 1688              	.LASF31:
 1689 00fd 4163635F 		.ascii	"Acc_xData\000"
 1689      78446174 
 1689      6100
 1690              	.LASF28:
 1691 0107 666F6F74 		.ascii	"footer\000"
 1691      657200
 1692              	.LASF41:
 1693 010e 466C6167 		.ascii	"FlagPacketReady\000"
 1693      5061636B 
 1693      65745265 
 1693      61647900 
 1694              	.LASF17:
 1695 011e 646F7562 		.ascii	"double\000"
 1695      6C6500
 1696              	.LASF45:
 1697 0125 55415254 		.ascii	"UART_Debug_PutString\000"
 1697      5F446562 
 1697      75675F50 
 1697      75745374 
 1697      72696E67 
 1698              	.LASF52:
 1699 013a 4932435F 		.ascii	"I2C_Peripheral_WriteRegister\000"
 1699      50657269 
 1699      70686572 
 1699      616C5F57 
 1699      72697465 
 1700              	.LASF57:
 1701 0157 6D61696E 		.ascii	"main\000"
 1701      00
 1702              	.LASF56:
 1703 015c 433A5C55 		.ascii	"C:\\Users\\annat\\OneDrive\\Desktop\\POLITECNICO\\L"
 1703      73657273 
 1703      5C616E6E 
 1703      61745C4F 
 1703      6E654472 
 1704 0189 41425C50 		.ascii	"AB\\PSoC_03_Complete\\AY1920_II_HW_05_BISTONI_TEO\\"
 1704      536F435F 
 1704      30335F43 
 1704      6F6D706C 
 1704      6574655C 
 1705 01b9 41593139 		.ascii	"AY1920_II_HW_05_PROJ_3.cydsn\000"
 1705      32305F49 
 1705      495F4857 
 1705      5F30355F 
 1705      50524F4A 
 1706              	.LASF35:
 1707 01d6 41636365 		.ascii	"Accelerometer_y\000"
 1707      6C65726F 
 1707      6D657465 
 1707      725F7900 
 1708              	.LASF36:
 1709 01e6 41636365 		.ascii	"Accelerometer_z\000"
 1709      6C65726F 
 1709      6D657465 
 1709      725F7A00 
 1710              	.LASF25:
ARM GAS  C:\Users\annat\AppData\Local\Temp\ccGT0wfh.s 			page 37


 1711 01f6 6374726C 		.ascii	"ctrl_reg1\000"
 1711      5F726567 
 1711      3100
 1712              	.LASF48:
 1713 0200 54696D65 		.ascii	"Timer_Start\000"
 1713      725F5374 
 1713      61727400 
 1714              	.LASF26:
 1715 020c 6374726C 		.ascii	"ctrl_reg4\000"
 1715      5F726567 
 1715      3400
 1716              	.LASF11:
 1717 0216 756E7369 		.ascii	"unsigned int\000"
 1717      676E6564 
 1717      20696E74 
 1717      00
 1718              	.LASF10:
 1719 0223 6C6F6E67 		.ascii	"long long unsigned int\000"
 1719      206C6F6E 
 1719      6720756E 
 1719      7369676E 
 1719      65642069 
 1720              	.LASF12:
 1721 023a 75696E74 		.ascii	"uint8_t\000"
 1721      385F7400 
 1722              	.LASF32:
 1723 0242 4163635F 		.ascii	"Acc_yData\000"
 1723      79446174 
 1723      6100
 1724              	.LASF13:
 1725 024c 696E7431 		.ascii	"int16_t\000"
 1725      365F7400 
 1726              	.LASF42:
 1727 0254 49544D5F 		.ascii	"ITM_RxBuffer\000"
 1727      52784275 
 1727      66666572 
 1727      00
 1728              	.LASF54:
 1729 0261 474E5520 		.ascii	"GNU C11 5.4.1 20160609 (release) [ARM/embedded-5-br"
 1729      43313120 
 1729      352E342E 
 1729      31203230 
 1729      31363036 
 1730 0294 616E6368 		.ascii	"anch revision 237715] -mcpu=cortex-m3 -mthumb -g -O"
 1730      20726576 
 1730      6973696F 
 1730      6E203233 
 1730      37373135 
 1731 02c7 67202D66 		.ascii	"g -ffunction-sections -ffat-lto-objects\000"
 1731      66756E63 
 1731      74696F6E 
 1731      2D736563 
 1731      74696F6E 
 1732              	.LASF14:
 1733 02ef 696E7433 		.ascii	"int32_t\000"
 1733      325F7400 
 1734              	.LASF38:
ARM GAS  C:\Users\annat\AppData\Local\Temp\ccGT0wfh.s 			page 38


 1735 02f7 795F6163 		.ascii	"y_acceleration\000"
 1735      63656C65 
 1735      72617469 
 1735      6F6E00
 1736              	.LASF29:
 1737 0306 6572726F 		.ascii	"error\000"
 1737      7200
 1738              	.LASF9:
 1739 030c 6C6F6E67 		.ascii	"long long int\000"
 1739      206C6F6E 
 1739      6720696E 
 1739      7400
 1740              	.LASF47:
 1741 031a 55415254 		.ascii	"UART_Debug_Start\000"
 1741      5F446562 
 1741      75675F53 
 1741      74617274 
 1741      00
 1742              	.LASF55:
 1743 032b 6D61696E 		.ascii	"main.c\000"
 1743      2E6300
 1744              	.LASF18:
 1745 0332 63686172 		.ascii	"char\000"
 1745      00
 1746              	.LASF20:
 1747 0337 73697A65 		.ascii	"sizetype\000"
 1747      74797065 
 1747      00
 1748              	.LASF51:
 1749 0340 4932435F 		.ascii	"I2C_Peripheral_ReadRegister\000"
 1749      50657269 
 1749      70686572 
 1749      616C5F52 
 1749      65616452 
 1750              	.LASF4:
 1751 035c 73686F72 		.ascii	"short int\000"
 1751      7420696E 
 1751      7400
 1752              	.LASF21:
 1753 0366 4E4F5F45 		.ascii	"NO_ERROR\000"
 1753      52524F52 
 1753      00
 1754              	.LASF22:
 1755 036f 4552524F 		.ascii	"ERROR\000"
 1755      5200
 1756              	.LASF33:
 1757 0375 4163635F 		.ascii	"Acc_zData\000"
 1757      7A446174 
 1757      6100
 1758              	.LASF30:
 1759 037f 73746174 		.ascii	"status_register\000"
 1759      75735F72 
 1759      65676973 
 1759      74657200 
 1760              	.LASF19:
 1761 038f 6C6F6E67 		.ascii	"long double\000"
 1761      20646F75 
ARM GAS  C:\Users\annat\AppData\Local\Temp\ccGT0wfh.s 			page 39


 1761      626C6500 
 1762              	.LASF0:
 1763 039b 7369676E 		.ascii	"signed char\000"
 1763      65642063 
 1763      68617200 
 1764              	.LASF44:
 1765 03a7 73707269 		.ascii	"sprintf\000"
 1765      6E746600 
 1766              	.LASF50:
 1767 03af 43794465 		.ascii	"CyDelay\000"
 1767      6C617900 
 1768              	.LASF46:
 1769 03b7 4932435F 		.ascii	"I2C_Peripheral_Start\000"
 1769      50657269 
 1769      70686572 
 1769      616C5F53 
 1769      74617274 
 1770              		.ident	"GCC: (GNU Tools for ARM Embedded Processors) 5.4.1 20160609 (release) [ARM/embedded-5-bran
