ARM GAS  C:\Users\annat\AppData\Local\Temp\ccYxaJch.s 			page 1


   1              		.syntax unified
   2              		.cpu cortex-m3
   3              		.fpu softvfp
   4              		.eabi_attribute 20, 1
   5              		.eabi_attribute 21, 1
   6              		.eabi_attribute 23, 3
   7              		.eabi_attribute 24, 1
   8              		.eabi_attribute 25, 1
   9              		.eabi_attribute 26, 1
  10              		.eabi_attribute 30, 1
  11              		.eabi_attribute 34, 1
  12              		.eabi_attribute 18, 4
  13              		.thumb
  14              		.syntax unified
  15              		.file	"InterruptRoutines.c"
  16              		.text
  17              	.Ltext0:
  18              		.cfi_sections	.debug_frame
  19              		.section	.text.CUSTOM_ISR_TIMER,"ax",%progbits
  20              		.align	2
  21              		.global	CUSTOM_ISR_TIMER
  22              		.thumb
  23              		.thumb_func
  24              		.type	CUSTOM_ISR_TIMER, %function
  25              	CUSTOM_ISR_TIMER:
  26              	.LFB64:
  27              		.file 1 "InterruptRoutines.c"
   1:InterruptRoutines.c **** /* ========================================
   2:InterruptRoutines.c ****  *
   3:InterruptRoutines.c ****  * Copyright YOUR COMPANY, THE YEAR
   4:InterruptRoutines.c ****  * All Rights Reserved
   5:InterruptRoutines.c ****  * UNPUBLISHED, LICENSED SOFTWARE.
   6:InterruptRoutines.c ****  *
   7:InterruptRoutines.c ****  * CONFIDENTIAL AND PROPRIETARY INFORMATION
   8:InterruptRoutines.c ****  * WHICH IS THE PROPERTY OF your company.
   9:InterruptRoutines.c ****  *
  10:InterruptRoutines.c ****  * ========================================
  11:InterruptRoutines.c **** */
  12:InterruptRoutines.c **** #include "InterruptRoutines.h"
  13:InterruptRoutines.c **** #include "project.h"
  14:InterruptRoutines.c **** 
  15:InterruptRoutines.c **** CY_ISR(CUSTOM_ISR_TIMER){
  28              		.loc 1 15 0
  29              		.cfi_startproc
  30              		@ args = 0, pretend = 0, frame = 0
  31              		@ frame_needed = 0, uses_anonymous_args = 0
  32 0000 08B5     		push	{r3, lr}
  33              		.cfi_def_cfa_offset 8
  34              		.cfi_offset 3, -8
  35              		.cfi_offset 14, -4
  16:InterruptRoutines.c ****         Timer_ReadStatusRegister();
  36              		.loc 1 16 0
  37 0002 FFF7FEFF 		bl	Timer_ReadStatusRegister
  38              	.LVL0:
  17:InterruptRoutines.c ****         error = I2C_Peripheral_ReadRegister(LIS3DH_DEVICE_ADDRESS,
  39              		.loc 1 17 0
  40 0006 334A     		ldr	r2, .L9
ARM GAS  C:\Users\annat\AppData\Local\Temp\ccYxaJch.s 			page 2


  41 0008 2721     		movs	r1, #39
  42 000a 1820     		movs	r0, #24
  43 000c FFF7FEFF 		bl	I2C_Peripheral_ReadRegister
  44              	.LVL1:
  45 0010 314B     		ldr	r3, .L9+4
  46 0012 1870     		strb	r0, [r3]
  18:InterruptRoutines.c ****                                         LIS3DH_STATUS_REG,
  19:InterruptRoutines.c ****                                         &status_register);
  20:InterruptRoutines.c ****         
  21:InterruptRoutines.c ****         
  22:InterruptRoutines.c ****         if(error == NO_ERROR){
  47              		.loc 1 22 0
  48 0014 0028     		cmp	r0, #0
  49 0016 5BD1     		bne	.L1
  23:InterruptRoutines.c ****             if((status_register & 0b00001000) > 0){
  50              		.loc 1 23 0
  51 0018 2E4B     		ldr	r3, .L9
  52 001a 1B78     		ldrb	r3, [r3]	@ zero_extendqisi2
  53 001c 13F0080F 		tst	r3, #8
  54 0020 56D0     		beq	.L1
  24:InterruptRoutines.c ****                 
  25:InterruptRoutines.c ****                 //READ X-AXIS VALUES
  26:InterruptRoutines.c ****                 error = I2C_Peripheral_ReadRegisterMulti(LIS3DH_DEVICE_ADDRESS,
  55              		.loc 1 26 0
  56 0022 2E4B     		ldr	r3, .L9+8
  57 0024 0222     		movs	r2, #2
  58 0026 2821     		movs	r1, #40
  59 0028 1820     		movs	r0, #24
  60 002a FFF7FEFF 		bl	I2C_Peripheral_ReadRegisterMulti
  61              	.LVL2:
  62 002e 2A4B     		ldr	r3, .L9+4
  63 0030 1870     		strb	r0, [r3]
  27:InterruptRoutines.c ****                                                     LIS3DH_OUT_X_L,
  28:InterruptRoutines.c ****                                                     2,
  29:InterruptRoutines.c ****                                                     &Acc_xData[0]);
  30:InterruptRoutines.c ****                 if(error == NO_ERROR){ 
  64              		.loc 1 30 0
  65 0032 78B9     		cbnz	r0, .L3
  31:InterruptRoutines.c ****                     Accelerometer_x = (int16)((Acc_xData[0] | (Acc_xData[1]<<8)))>>6;
  66              		.loc 1 31 0
  67 0034 294A     		ldr	r2, .L9+8
  68 0036 1378     		ldrb	r3, [r2]	@ zero_extendqisi2
  69 0038 5278     		ldrb	r2, [r2, #1]	@ zero_extendqisi2
  70 003a 43EA0223 		orr	r3, r3, r2, lsl #8
  71 003e 43F38913 		sbfx	r3, r3, #6, #10
  72 0042 274A     		ldr	r2, .L9+12
  73 0044 1380     		strh	r3, [r2]	@ movhi
  32:InterruptRoutines.c ****                     
  33:InterruptRoutines.c ****                     //digit values multiplied by 4 in order to convert them to mg units
  34:InterruptRoutines.c ****                     OutArray[1] = (uint8_t)(Accelerometer_x*4 & 0xFF); //LSB
  74              		.loc 1 34 0
  75 0046 9900     		lsls	r1, r3, #2
  76 0048 264A     		ldr	r2, .L9+16
  77 004a 5170     		strb	r1, [r2, #1]
  35:InterruptRoutines.c ****                     OutArray[2] = (uint8_t)(Accelerometer_x*4 >> 8); //MSB
  78              		.loc 1 35 0
  79 004c C3F38713 		ubfx	r3, r3, #6, #8
ARM GAS  C:\Users\annat\AppData\Local\Temp\ccYxaJch.s 			page 3


  80 0050 9370     		strb	r3, [r2, #2]
  81 0052 02E0     		b	.L4
  82              	.L3:
  36:InterruptRoutines.c ****                     
  37:InterruptRoutines.c ****                 }else{
  38:InterruptRoutines.c ****                    UART_Debug_PutString("Error occurred during I2C comm to read OUT_X_L and OUT_X_H
  83              		.loc 1 38 0
  84 0054 2448     		ldr	r0, .L9+20
  85 0056 FFF7FEFF 		bl	UART_Debug_PutString
  86              	.LVL3:
  87              	.L4:
  39:InterruptRoutines.c ****                 }
  40:InterruptRoutines.c ****                 
  41:InterruptRoutines.c ****                 //READ Y-AXIS VALUES
  42:InterruptRoutines.c ****                 error = I2C_Peripheral_ReadRegisterMulti(LIS3DH_DEVICE_ADDRESS,
  88              		.loc 1 42 0
  89 005a 244B     		ldr	r3, .L9+24
  90 005c 0222     		movs	r2, #2
  91 005e 2A21     		movs	r1, #42
  92 0060 1820     		movs	r0, #24
  93 0062 FFF7FEFF 		bl	I2C_Peripheral_ReadRegisterMulti
  94              	.LVL4:
  95 0066 1C4B     		ldr	r3, .L9+4
  96 0068 1870     		strb	r0, [r3]
  43:InterruptRoutines.c ****                                                     LIS3DH_OUT_Y_L,
  44:InterruptRoutines.c ****                                                     2,
  45:InterruptRoutines.c ****                                                     &Acc_yData[0]);
  46:InterruptRoutines.c ****                 if(error == NO_ERROR){ 
  97              		.loc 1 46 0
  98 006a 78B9     		cbnz	r0, .L5
  47:InterruptRoutines.c ****                     Accelerometer_y = (int16)((Acc_yData[0] | (Acc_yData[1]<<8)))>>6;
  99              		.loc 1 47 0
 100 006c 1F4A     		ldr	r2, .L9+24
 101 006e 1378     		ldrb	r3, [r2]	@ zero_extendqisi2
 102 0070 5278     		ldrb	r2, [r2, #1]	@ zero_extendqisi2
 103 0072 43EA0223 		orr	r3, r3, r2, lsl #8
 104 0076 43F38913 		sbfx	r3, r3, #6, #10
 105 007a 1D4A     		ldr	r2, .L9+28
 106 007c 1380     		strh	r3, [r2]	@ movhi
  48:InterruptRoutines.c ****                     
  49:InterruptRoutines.c ****                     //digit values multiplied by 4 in order to convert them to mg units
  50:InterruptRoutines.c ****                     OutArray[3] = (uint8_t)(Accelerometer_y*4 & 0xFF);//LSB
 107              		.loc 1 50 0
 108 007e 9900     		lsls	r1, r3, #2
 109 0080 184A     		ldr	r2, .L9+16
 110 0082 D170     		strb	r1, [r2, #3]
  51:InterruptRoutines.c ****                     OutArray[4] = (uint8_t)(Accelerometer_y*4 >> 8);//MSB
 111              		.loc 1 51 0
 112 0084 C3F38713 		ubfx	r3, r3, #6, #8
 113 0088 1371     		strb	r3, [r2, #4]
 114 008a 02E0     		b	.L6
 115              	.L5:
  52:InterruptRoutines.c ****                     
  53:InterruptRoutines.c ****                 }else{
  54:InterruptRoutines.c ****                     UART_Debug_PutString("Error occurred during I2C comm to read OUT_Y_L and OUT_Y_
 116              		.loc 1 54 0
 117 008c 1948     		ldr	r0, .L9+32
ARM GAS  C:\Users\annat\AppData\Local\Temp\ccYxaJch.s 			page 4


 118 008e FFF7FEFF 		bl	UART_Debug_PutString
 119              	.LVL5:
 120              	.L6:
  55:InterruptRoutines.c ****                 }
  56:InterruptRoutines.c ****                 
  57:InterruptRoutines.c ****                 //READ Z-AXIS VALUES
  58:InterruptRoutines.c ****                 error = I2C_Peripheral_ReadRegisterMulti(LIS3DH_DEVICE_ADDRESS,
 121              		.loc 1 58 0
 122 0092 194B     		ldr	r3, .L9+36
 123 0094 0222     		movs	r2, #2
 124 0096 2C21     		movs	r1, #44
 125 0098 1820     		movs	r0, #24
 126 009a FFF7FEFF 		bl	I2C_Peripheral_ReadRegisterMulti
 127              	.LVL6:
 128 009e 0E4B     		ldr	r3, .L9+4
 129 00a0 1870     		strb	r0, [r3]
  59:InterruptRoutines.c ****                                                     LIS3DH_OUT_Z_L,
  60:InterruptRoutines.c ****                                                     2,
  61:InterruptRoutines.c ****                                                     &Acc_zData[0]);
  62:InterruptRoutines.c ****                 if(error == NO_ERROR){
 130              		.loc 1 62 0
 131 00a2 90B9     		cbnz	r0, .L7
  63:InterruptRoutines.c ****                     Accelerometer_z = (int16)((Acc_zData[0] | (Acc_zData[1]<<8)))>>6;
 132              		.loc 1 63 0
 133 00a4 144A     		ldr	r2, .L9+36
 134 00a6 1378     		ldrb	r3, [r2]	@ zero_extendqisi2
 135 00a8 5278     		ldrb	r2, [r2, #1]	@ zero_extendqisi2
 136 00aa 43EA0223 		orr	r3, r3, r2, lsl #8
 137 00ae 43F38913 		sbfx	r3, r3, #6, #10
 138 00b2 124A     		ldr	r2, .L9+40
 139 00b4 1380     		strh	r3, [r2]	@ movhi
  64:InterruptRoutines.c ****                     
  65:InterruptRoutines.c ****                     //digit values multiplied by 4 in order to convert them to mg units            
  66:InterruptRoutines.c ****                     OutArray[5] = (uint8_t)(Accelerometer_z*4 & 0xFF);//LSB
 140              		.loc 1 66 0
 141 00b6 9900     		lsls	r1, r3, #2
 142 00b8 0A4A     		ldr	r2, .L9+16
 143 00ba 5171     		strb	r1, [r2, #5]
  67:InterruptRoutines.c ****                     OutArray[6] = (uint8_t)(Accelerometer_z*4 >> 8);//MSB
 144              		.loc 1 67 0
 145 00bc C3F38713 		ubfx	r3, r3, #6, #8
 146 00c0 9371     		strb	r3, [r2, #6]
  68:InterruptRoutines.c ****                     
  69:InterruptRoutines.c ****                     FlagPacketReady = 1; //Packet ready to be sent to Bridge Control Panel
 147              		.loc 1 69 0
 148 00c2 0122     		movs	r2, #1
 149 00c4 0E4B     		ldr	r3, .L9+44
 150 00c6 1A70     		strb	r2, [r3]
 151 00c8 08BD     		pop	{r3, pc}
 152              	.L7:
  70:InterruptRoutines.c ****                     
  71:InterruptRoutines.c ****                 }else{
  72:InterruptRoutines.c ****                     UART_Debug_PutString("Error occurred during I2C comm to read OUT_Z_L and OUT_Z_
 153              		.loc 1 72 0
 154 00ca 0E48     		ldr	r0, .L9+48
 155 00cc FFF7FEFF 		bl	UART_Debug_PutString
 156              	.LVL7:
ARM GAS  C:\Users\annat\AppData\Local\Temp\ccYxaJch.s 			page 5


 157              	.L1:
 158 00d0 08BD     		pop	{r3, pc}
 159              	.L10:
 160 00d2 00BF     		.align	2
 161              	.L9:
 162 00d4 00000000 		.word	status_register
 163 00d8 00000000 		.word	error
 164 00dc 00000000 		.word	Acc_xData
 165 00e0 00000000 		.word	Accelerometer_x
 166 00e4 00000000 		.word	OutArray
 167 00e8 00000000 		.word	.LC0
 168 00ec 00000000 		.word	Acc_yData
 169 00f0 00000000 		.word	Accelerometer_y
 170 00f4 48000000 		.word	.LC1
 171 00f8 00000000 		.word	Acc_zData
 172 00fc 00000000 		.word	Accelerometer_z
 173 0100 00000000 		.word	FlagPacketReady
 174 0104 90000000 		.word	.LC2
 175              		.cfi_endproc
 176              	.LFE64:
 177              		.size	CUSTOM_ISR_TIMER, .-CUSTOM_ISR_TIMER
 178              		.comm	FlagPacketReady,1,1
 179              		.comm	OutArray,8,4
 180              		.comm	Accelerometer_z,2,2
 181              		.comm	Accelerometer_y,2,2
 182              		.comm	Accelerometer_x,2,2
 183              		.comm	Acc_zData,2,4
 184              		.comm	Acc_yData,2,4
 185              		.comm	Acc_xData,2,4
 186              		.comm	status_register,1,1
 187              		.comm	error,1,1
 188              		.section	.rodata.str1.4,"aMS",%progbits,1
 189              		.align	2
 190              	.LC0:
 191 0000 4572726F 		.ascii	"Error occurred during I2C comm to read OUT_X_L and "
 191      72206F63 
 191      63757272 
 191      65642064 
 191      7572696E 
 192 0033 4F55545F 		.ascii	"OUT_X_H registers\015\012\000"
 192      585F4820 
 192      72656769 
 192      73746572 
 192      730D0A00 
 193 0047 00       		.space	1
 194              	.LC1:
 195 0048 4572726F 		.ascii	"Error occurred during I2C comm to read OUT_Y_L and "
 195      72206F63 
 195      63757272 
 195      65642064 
 195      7572696E 
 196 007b 4F55545F 		.ascii	"OUT_Y_H registers\015\012\000"
 196      595F4820 
 196      72656769 
 196      73746572 
 196      730D0A00 
 197 008f 00       		.space	1
ARM GAS  C:\Users\annat\AppData\Local\Temp\ccYxaJch.s 			page 6


 198              	.LC2:
 199 0090 4572726F 		.ascii	"Error occurred during I2C comm to read OUT_Z_L and "
 199      72206F63 
 199      63757272 
 199      65642064 
 199      7572696E 
 200 00c3 4F55545F 		.ascii	"OUT_Z_H registers\015\012\000"
 200      5A5F4820 
 200      72656769 
 200      73746572 
 200      730D0A00 
 201              		.text
 202              	.Letext0:
 203              		.file 2 "c:\\program files (x86)\\cypress\\psoc creator\\4.3\\psoc creator\\import\\gnu\\arm\\5.4.
 204              		.file 3 "c:\\program files (x86)\\cypress\\psoc creator\\4.3\\psoc creator\\import\\gnu\\arm\\5.4.
 205              		.file 4 "Generated_Source\\PSoC5/cytypes.h"
 206              		.file 5 "ErrorCodes.h"
 207              		.file 6 "InterruptRoutines.h"
 208              		.file 7 "Generated_Source\\PSoC5/core_cm3.h"
 209              		.file 8 "Generated_Source\\PSoC5/Timer.h"
 210              		.file 9 "I2C_Interface.h"
 211              		.file 10 "Generated_Source\\PSoC5/UART_Debug.h"
 212              		.section	.debug_info,"",%progbits
 213              	.Ldebug_info0:
 214 0000 00030000 		.4byte	0x300
 215 0004 0400     		.2byte	0x4
 216 0006 00000000 		.4byte	.Ldebug_abbrev0
 217 000a 04       		.byte	0x4
 218 000b 01       		.uleb128 0x1
 219 000c 84000000 		.4byte	.LASF39
 220 0010 0C       		.byte	0xc
 221 0011 0E030000 		.4byte	.LASF40
 222 0015 BB010000 		.4byte	.LASF41
 223 0019 00000000 		.4byte	.Ldebug_ranges0+0
 224 001d 00000000 		.4byte	0
 225 0021 00000000 		.4byte	.Ldebug_line0
 226 0025 02       		.uleb128 0x2
 227 0026 01       		.byte	0x1
 228 0027 06       		.byte	0x6
 229 0028 02030000 		.4byte	.LASF0
 230 002c 03       		.uleb128 0x3
 231 002d 15000000 		.4byte	.LASF2
 232 0031 02       		.byte	0x2
 233 0032 1D       		.byte	0x1d
 234 0033 37000000 		.4byte	0x37
 235 0037 02       		.uleb128 0x2
 236 0038 01       		.byte	0x1
 237 0039 08       		.byte	0x8
 238 003a 76000000 		.4byte	.LASF1
 239 003e 03       		.uleb128 0x3
 240 003f 1F000000 		.4byte	.LASF3
 241 0043 02       		.byte	0x2
 242 0044 29       		.byte	0x29
 243 0045 49000000 		.4byte	0x49
 244 0049 02       		.uleb128 0x2
 245 004a 02       		.byte	0x2
 246 004b 05       		.byte	0x5
ARM GAS  C:\Users\annat\AppData\Local\Temp\ccYxaJch.s 			page 7


 247 004c D3020000 		.4byte	.LASF4
 248 0050 02       		.uleb128 0x2
 249 0051 02       		.byte	0x2
 250 0052 07       		.byte	0x7
 251 0053 2A010000 		.4byte	.LASF5
 252 0057 03       		.uleb128 0x3
 253 0058 29000000 		.4byte	.LASF6
 254 005c 02       		.byte	0x2
 255 005d 3F       		.byte	0x3f
 256 005e 62000000 		.4byte	0x62
 257 0062 02       		.uleb128 0x2
 258 0063 04       		.byte	0x4
 259 0064 05       		.byte	0x5
 260 0065 3D010000 		.4byte	.LASF7
 261 0069 02       		.uleb128 0x2
 262 006a 04       		.byte	0x4
 263 006b 07       		.byte	0x7
 264 006c 18010000 		.4byte	.LASF8
 265 0070 02       		.uleb128 0x2
 266 0071 08       		.byte	0x8
 267 0072 05       		.byte	0x5
 268 0073 A4020000 		.4byte	.LASF9
 269 0077 02       		.uleb128 0x2
 270 0078 08       		.byte	0x8
 271 0079 07       		.byte	0x7
 272 007a 4C020000 		.4byte	.LASF10
 273 007e 04       		.uleb128 0x4
 274 007f 04       		.byte	0x4
 275 0080 05       		.byte	0x5
 276 0081 696E7400 		.ascii	"int\000"
 277 0085 02       		.uleb128 0x2
 278 0086 04       		.byte	0x4
 279 0087 07       		.byte	0x7
 280 0088 35020000 		.4byte	.LASF11
 281 008c 03       		.uleb128 0x3
 282 008d 63020000 		.4byte	.LASF12
 283 0091 03       		.byte	0x3
 284 0092 18       		.byte	0x18
 285 0093 2C000000 		.4byte	0x2c
 286 0097 03       		.uleb128 0x3
 287 0098 75020000 		.4byte	.LASF13
 288 009c 03       		.byte	0x3
 289 009d 20       		.byte	0x20
 290 009e 3E000000 		.4byte	0x3e
 291 00a2 03       		.uleb128 0x3
 292 00a3 8D020000 		.4byte	.LASF14
 293 00a7 03       		.byte	0x3
 294 00a8 2C       		.byte	0x2c
 295 00a9 57000000 		.4byte	0x57
 296 00ad 05       		.uleb128 0x5
 297 00ae 12010000 		.4byte	.LASF15
 298 00b2 04       		.byte	0x4
 299 00b3 E801     		.2byte	0x1e8
 300 00b5 49000000 		.4byte	0x49
 301 00b9 02       		.uleb128 0x2
 302 00ba 04       		.byte	0x4
 303 00bb 04       		.byte	0x4
ARM GAS  C:\Users\annat\AppData\Local\Temp\ccYxaJch.s 			page 8


 304 00bc 67000000 		.4byte	.LASF16
 305 00c0 02       		.uleb128 0x2
 306 00c1 08       		.byte	0x8
 307 00c2 04       		.byte	0x4
 308 00c3 63010000 		.4byte	.LASF17
 309 00c7 02       		.uleb128 0x2
 310 00c8 01       		.byte	0x1
 311 00c9 08       		.byte	0x8
 312 00ca B2020000 		.4byte	.LASF18
 313 00ce 02       		.uleb128 0x2
 314 00cf 08       		.byte	0x8
 315 00d0 04       		.byte	0x4
 316 00d1 F6020000 		.4byte	.LASF19
 317 00d5 02       		.uleb128 0x2
 318 00d6 04       		.byte	0x4
 319 00d7 07       		.byte	0x7
 320 00d8 95020000 		.4byte	.LASF20
 321 00dc 06       		.uleb128 0x6
 322 00dd 01       		.byte	0x1
 323 00de 37000000 		.4byte	0x37
 324 00e2 05       		.byte	0x5
 325 00e3 15       		.byte	0x15
 326 00e4 F5000000 		.4byte	0xf5
 327 00e8 07       		.uleb128 0x7
 328 00e9 DD020000 		.4byte	.LASF21
 329 00ed 00       		.byte	0
 330 00ee 07       		.uleb128 0x7
 331 00ef E6020000 		.4byte	.LASF22
 332 00f3 01       		.byte	0x1
 333 00f4 00       		.byte	0
 334 00f5 03       		.uleb128 0x3
 335 00f6 4C000000 		.4byte	.LASF23
 336 00fa 05       		.byte	0x5
 337 00fb 18       		.byte	0x18
 338 00fc DC000000 		.4byte	0xdc
 339 0100 08       		.uleb128 0x8
 340 0101 8C000000 		.4byte	0x8c
 341 0105 09       		.uleb128 0x9
 342 0106 56000000 		.4byte	.LASF42
 343 010a 01       		.byte	0x1
 344 010b 0F       		.byte	0xf
 345 010c 00000000 		.4byte	.LFB64
 346 0110 08010000 		.4byte	.LFE64-.LFB64
 347 0114 01       		.uleb128 0x1
 348 0115 9C       		.byte	0x9c
 349 0116 FC010000 		.4byte	0x1fc
 350 011a 0A       		.uleb128 0xa
 351 011b 06000000 		.4byte	.LVL0
 352 011f D7020000 		.4byte	0x2d7
 353 0123 0B       		.uleb128 0xb
 354 0124 10000000 		.4byte	.LVL1
 355 0128 E2020000 		.4byte	0x2e2
 356 012c 45010000 		.4byte	0x145
 357 0130 0C       		.uleb128 0xc
 358 0131 01       		.uleb128 0x1
 359 0132 50       		.byte	0x50
 360 0133 01       		.uleb128 0x1
ARM GAS  C:\Users\annat\AppData\Local\Temp\ccYxaJch.s 			page 9


 361 0134 48       		.byte	0x48
 362 0135 0C       		.uleb128 0xc
 363 0136 01       		.uleb128 0x1
 364 0137 51       		.byte	0x51
 365 0138 02       		.uleb128 0x2
 366 0139 08       		.byte	0x8
 367 013a 27       		.byte	0x27
 368 013b 0C       		.uleb128 0xc
 369 013c 01       		.uleb128 0x1
 370 013d 52       		.byte	0x52
 371 013e 05       		.uleb128 0x5
 372 013f 03       		.byte	0x3
 373 0140 00000000 		.4byte	status_register
 374 0144 00       		.byte	0
 375 0145 0B       		.uleb128 0xb
 376 0146 2E000000 		.4byte	.LVL2
 377 014a ED020000 		.4byte	0x2ed
 378 014e 6C010000 		.4byte	0x16c
 379 0152 0C       		.uleb128 0xc
 380 0153 01       		.uleb128 0x1
 381 0154 50       		.byte	0x50
 382 0155 01       		.uleb128 0x1
 383 0156 48       		.byte	0x48
 384 0157 0C       		.uleb128 0xc
 385 0158 01       		.uleb128 0x1
 386 0159 51       		.byte	0x51
 387 015a 02       		.uleb128 0x2
 388 015b 08       		.byte	0x8
 389 015c 28       		.byte	0x28
 390 015d 0C       		.uleb128 0xc
 391 015e 01       		.uleb128 0x1
 392 015f 52       		.byte	0x52
 393 0160 01       		.uleb128 0x1
 394 0161 32       		.byte	0x32
 395 0162 0C       		.uleb128 0xc
 396 0163 01       		.uleb128 0x1
 397 0164 53       		.byte	0x53
 398 0165 05       		.uleb128 0x5
 399 0166 03       		.byte	0x3
 400 0167 00000000 		.4byte	Acc_xData
 401 016b 00       		.byte	0
 402 016c 0B       		.uleb128 0xb
 403 016d 5A000000 		.4byte	.LVL3
 404 0171 F8020000 		.4byte	0x2f8
 405 0175 83010000 		.4byte	0x183
 406 0179 0C       		.uleb128 0xc
 407 017a 01       		.uleb128 0x1
 408 017b 50       		.byte	0x50
 409 017c 05       		.uleb128 0x5
 410 017d 03       		.byte	0x3
 411 017e 00000000 		.4byte	.LC0
 412 0182 00       		.byte	0
 413 0183 0B       		.uleb128 0xb
 414 0184 66000000 		.4byte	.LVL4
 415 0188 ED020000 		.4byte	0x2ed
 416 018c AA010000 		.4byte	0x1aa
 417 0190 0C       		.uleb128 0xc
ARM GAS  C:\Users\annat\AppData\Local\Temp\ccYxaJch.s 			page 10


 418 0191 01       		.uleb128 0x1
 419 0192 50       		.byte	0x50
 420 0193 01       		.uleb128 0x1
 421 0194 48       		.byte	0x48
 422 0195 0C       		.uleb128 0xc
 423 0196 01       		.uleb128 0x1
 424 0197 51       		.byte	0x51
 425 0198 02       		.uleb128 0x2
 426 0199 08       		.byte	0x8
 427 019a 2A       		.byte	0x2a
 428 019b 0C       		.uleb128 0xc
 429 019c 01       		.uleb128 0x1
 430 019d 52       		.byte	0x52
 431 019e 01       		.uleb128 0x1
 432 019f 32       		.byte	0x32
 433 01a0 0C       		.uleb128 0xc
 434 01a1 01       		.uleb128 0x1
 435 01a2 53       		.byte	0x53
 436 01a3 05       		.uleb128 0x5
 437 01a4 03       		.byte	0x3
 438 01a5 00000000 		.4byte	Acc_yData
 439 01a9 00       		.byte	0
 440 01aa 0B       		.uleb128 0xb
 441 01ab 92000000 		.4byte	.LVL5
 442 01af F8020000 		.4byte	0x2f8
 443 01b3 C1010000 		.4byte	0x1c1
 444 01b7 0C       		.uleb128 0xc
 445 01b8 01       		.uleb128 0x1
 446 01b9 50       		.byte	0x50
 447 01ba 05       		.uleb128 0x5
 448 01bb 03       		.byte	0x3
 449 01bc 48000000 		.4byte	.LC1
 450 01c0 00       		.byte	0
 451 01c1 0B       		.uleb128 0xb
 452 01c2 9E000000 		.4byte	.LVL6
 453 01c6 ED020000 		.4byte	0x2ed
 454 01ca E8010000 		.4byte	0x1e8
 455 01ce 0C       		.uleb128 0xc
 456 01cf 01       		.uleb128 0x1
 457 01d0 50       		.byte	0x50
 458 01d1 01       		.uleb128 0x1
 459 01d2 48       		.byte	0x48
 460 01d3 0C       		.uleb128 0xc
 461 01d4 01       		.uleb128 0x1
 462 01d5 51       		.byte	0x51
 463 01d6 02       		.uleb128 0x2
 464 01d7 08       		.byte	0x8
 465 01d8 2C       		.byte	0x2c
 466 01d9 0C       		.uleb128 0xc
 467 01da 01       		.uleb128 0x1
 468 01db 52       		.byte	0x52
 469 01dc 01       		.uleb128 0x1
 470 01dd 32       		.byte	0x32
 471 01de 0C       		.uleb128 0xc
 472 01df 01       		.uleb128 0x1
 473 01e0 53       		.byte	0x53
 474 01e1 05       		.uleb128 0x5
ARM GAS  C:\Users\annat\AppData\Local\Temp\ccYxaJch.s 			page 11


 475 01e2 03       		.byte	0x3
 476 01e3 00000000 		.4byte	Acc_zData
 477 01e7 00       		.byte	0
 478 01e8 0D       		.uleb128 0xd
 479 01e9 D0000000 		.4byte	.LVL7
 480 01ed F8020000 		.4byte	0x2f8
 481 01f1 0C       		.uleb128 0xc
 482 01f2 01       		.uleb128 0x1
 483 01f3 50       		.byte	0x50
 484 01f4 05       		.uleb128 0x5
 485 01f5 03       		.byte	0x3
 486 01f6 90000000 		.4byte	.LC2
 487 01fa 00       		.byte	0
 488 01fb 00       		.byte	0
 489 01fc 0E       		.uleb128 0xe
 490 01fd 9E020000 		.4byte	.LASF24
 491 0201 06       		.byte	0x6
 492 0202 17       		.byte	0x17
 493 0203 F5000000 		.4byte	0xf5
 494 0207 05       		.uleb128 0x5
 495 0208 03       		.byte	0x3
 496 0209 00000000 		.4byte	error
 497 020d 0E       		.uleb128 0xe
 498 020e 7D020000 		.4byte	.LASF25
 499 0212 06       		.byte	0x6
 500 0213 18       		.byte	0x18
 501 0214 8C000000 		.4byte	0x8c
 502 0218 05       		.uleb128 0x5
 503 0219 03       		.byte	0x3
 504 021a 00000000 		.4byte	status_register
 505 021e 0F       		.uleb128 0xf
 506 021f 8C000000 		.4byte	0x8c
 507 0223 2E020000 		.4byte	0x22e
 508 0227 10       		.uleb128 0x10
 509 0228 D5000000 		.4byte	0xd5
 510 022c 01       		.byte	0x1
 511 022d 00       		.byte	0
 512 022e 0E       		.uleb128 0xe
 513 022f 42020000 		.4byte	.LASF26
 514 0233 06       		.byte	0x6
 515 0234 1B       		.byte	0x1b
 516 0235 1E020000 		.4byte	0x21e
 517 0239 05       		.uleb128 0x5
 518 023a 03       		.byte	0x3
 519 023b 00000000 		.4byte	Acc_xData
 520 023f 0E       		.uleb128 0xe
 521 0240 6B020000 		.4byte	.LASF27
 522 0244 06       		.byte	0x6
 523 0245 1C       		.byte	0x1c
 524 0246 1E020000 		.4byte	0x21e
 525 024a 05       		.uleb128 0x5
 526 024b 03       		.byte	0x3
 527 024c 00000000 		.4byte	Acc_yData
 528 0250 0E       		.uleb128 0xe
 529 0251 EC020000 		.4byte	.LASF28
 530 0255 06       		.byte	0x6
 531 0256 1D       		.byte	0x1d
ARM GAS  C:\Users\annat\AppData\Local\Temp\ccYxaJch.s 			page 12


 532 0257 1E020000 		.4byte	0x21e
 533 025b 05       		.uleb128 0x5
 534 025c 03       		.byte	0x3
 535 025d 00000000 		.4byte	Acc_zData
 536 0261 0E       		.uleb128 0xe
 537 0262 8B010000 		.4byte	.LASF29
 538 0266 06       		.byte	0x6
 539 0267 20       		.byte	0x20
 540 0268 97000000 		.4byte	0x97
 541 026c 05       		.uleb128 0x5
 542 026d 03       		.byte	0x3
 543 026e 00000000 		.4byte	Accelerometer_x
 544 0272 0E       		.uleb128 0xe
 545 0273 9B010000 		.4byte	.LASF30
 546 0277 06       		.byte	0x6
 547 0278 21       		.byte	0x21
 548 0279 97000000 		.4byte	0x97
 549 027d 05       		.uleb128 0x5
 550 027e 03       		.byte	0x3
 551 027f 00000000 		.4byte	Accelerometer_y
 552 0283 0E       		.uleb128 0xe
 553 0284 AB010000 		.4byte	.LASF31
 554 0288 06       		.byte	0x6
 555 0289 22       		.byte	0x22
 556 028a 97000000 		.4byte	0x97
 557 028e 05       		.uleb128 0x5
 558 028f 03       		.byte	0x3
 559 0290 00000000 		.4byte	Accelerometer_z
 560 0294 0F       		.uleb128 0xf
 561 0295 8C000000 		.4byte	0x8c
 562 0299 A4020000 		.4byte	0x2a4
 563 029d 10       		.uleb128 0x10
 564 029e D5000000 		.4byte	0xd5
 565 02a2 07       		.byte	0x7
 566 02a3 00       		.byte	0
 567 02a4 0E       		.uleb128 0xe
 568 02a5 6D000000 		.4byte	.LASF32
 569 02a9 06       		.byte	0x6
 570 02aa 24       		.byte	0x24
 571 02ab 94020000 		.4byte	0x294
 572 02af 05       		.uleb128 0x5
 573 02b0 03       		.byte	0x3
 574 02b1 00000000 		.4byte	OutArray
 575 02b5 0E       		.uleb128 0xe
 576 02b6 53010000 		.4byte	.LASF33
 577 02ba 06       		.byte	0x6
 578 02bb 26       		.byte	0x26
 579 02bc 00010000 		.4byte	0x100
 580 02c0 05       		.uleb128 0x5
 581 02c1 03       		.byte	0x3
 582 02c2 00000000 		.4byte	FlagPacketReady
 583 02c6 11       		.uleb128 0x11
 584 02c7 46010000 		.4byte	.LASF34
 585 02cb 07       		.byte	0x7
 586 02cc 1207     		.2byte	0x712
 587 02ce D2020000 		.4byte	0x2d2
 588 02d2 08       		.uleb128 0x8
ARM GAS  C:\Users\annat\AppData\Local\Temp\ccYxaJch.s 			page 13


 589 02d3 A2000000 		.4byte	0xa2
 590 02d7 12       		.uleb128 0x12
 591 02d8 33000000 		.4byte	.LASF35
 592 02dc 33000000 		.4byte	.LASF35
 593 02e0 08       		.byte	0x8
 594 02e1 5E       		.byte	0x5e
 595 02e2 12       		.uleb128 0x12
 596 02e3 B7020000 		.4byte	.LASF36
 597 02e7 B7020000 		.4byte	.LASF36
 598 02eb 09       		.byte	0x9
 599 02ec 28       		.byte	0x28
 600 02ed 12       		.uleb128 0x12
 601 02ee 6A010000 		.4byte	.LASF37
 602 02f2 6A010000 		.4byte	.LASF37
 603 02f6 09       		.byte	0x9
 604 02f7 36       		.byte	0x36
 605 02f8 12       		.uleb128 0x12
 606 02f9 00000000 		.4byte	.LASF38
 607 02fd 00000000 		.4byte	.LASF38
 608 0301 0A       		.byte	0xa
 609 0302 8B       		.byte	0x8b
 610 0303 00       		.byte	0
 611              		.section	.debug_abbrev,"",%progbits
 612              	.Ldebug_abbrev0:
 613 0000 01       		.uleb128 0x1
 614 0001 11       		.uleb128 0x11
 615 0002 01       		.byte	0x1
 616 0003 25       		.uleb128 0x25
 617 0004 0E       		.uleb128 0xe
 618 0005 13       		.uleb128 0x13
 619 0006 0B       		.uleb128 0xb
 620 0007 03       		.uleb128 0x3
 621 0008 0E       		.uleb128 0xe
 622 0009 1B       		.uleb128 0x1b
 623 000a 0E       		.uleb128 0xe
 624 000b 55       		.uleb128 0x55
 625 000c 17       		.uleb128 0x17
 626 000d 11       		.uleb128 0x11
 627 000e 01       		.uleb128 0x1
 628 000f 10       		.uleb128 0x10
 629 0010 17       		.uleb128 0x17
 630 0011 00       		.byte	0
 631 0012 00       		.byte	0
 632 0013 02       		.uleb128 0x2
 633 0014 24       		.uleb128 0x24
 634 0015 00       		.byte	0
 635 0016 0B       		.uleb128 0xb
 636 0017 0B       		.uleb128 0xb
 637 0018 3E       		.uleb128 0x3e
 638 0019 0B       		.uleb128 0xb
 639 001a 03       		.uleb128 0x3
 640 001b 0E       		.uleb128 0xe
 641 001c 00       		.byte	0
 642 001d 00       		.byte	0
 643 001e 03       		.uleb128 0x3
 644 001f 16       		.uleb128 0x16
 645 0020 00       		.byte	0
ARM GAS  C:\Users\annat\AppData\Local\Temp\ccYxaJch.s 			page 14


 646 0021 03       		.uleb128 0x3
 647 0022 0E       		.uleb128 0xe
 648 0023 3A       		.uleb128 0x3a
 649 0024 0B       		.uleb128 0xb
 650 0025 3B       		.uleb128 0x3b
 651 0026 0B       		.uleb128 0xb
 652 0027 49       		.uleb128 0x49
 653 0028 13       		.uleb128 0x13
 654 0029 00       		.byte	0
 655 002a 00       		.byte	0
 656 002b 04       		.uleb128 0x4
 657 002c 24       		.uleb128 0x24
 658 002d 00       		.byte	0
 659 002e 0B       		.uleb128 0xb
 660 002f 0B       		.uleb128 0xb
 661 0030 3E       		.uleb128 0x3e
 662 0031 0B       		.uleb128 0xb
 663 0032 03       		.uleb128 0x3
 664 0033 08       		.uleb128 0x8
 665 0034 00       		.byte	0
 666 0035 00       		.byte	0
 667 0036 05       		.uleb128 0x5
 668 0037 16       		.uleb128 0x16
 669 0038 00       		.byte	0
 670 0039 03       		.uleb128 0x3
 671 003a 0E       		.uleb128 0xe
 672 003b 3A       		.uleb128 0x3a
 673 003c 0B       		.uleb128 0xb
 674 003d 3B       		.uleb128 0x3b
 675 003e 05       		.uleb128 0x5
 676 003f 49       		.uleb128 0x49
 677 0040 13       		.uleb128 0x13
 678 0041 00       		.byte	0
 679 0042 00       		.byte	0
 680 0043 06       		.uleb128 0x6
 681 0044 04       		.uleb128 0x4
 682 0045 01       		.byte	0x1
 683 0046 0B       		.uleb128 0xb
 684 0047 0B       		.uleb128 0xb
 685 0048 49       		.uleb128 0x49
 686 0049 13       		.uleb128 0x13
 687 004a 3A       		.uleb128 0x3a
 688 004b 0B       		.uleb128 0xb
 689 004c 3B       		.uleb128 0x3b
 690 004d 0B       		.uleb128 0xb
 691 004e 01       		.uleb128 0x1
 692 004f 13       		.uleb128 0x13
 693 0050 00       		.byte	0
 694 0051 00       		.byte	0
 695 0052 07       		.uleb128 0x7
 696 0053 28       		.uleb128 0x28
 697 0054 00       		.byte	0
 698 0055 03       		.uleb128 0x3
 699 0056 0E       		.uleb128 0xe
 700 0057 1C       		.uleb128 0x1c
 701 0058 0B       		.uleb128 0xb
 702 0059 00       		.byte	0
ARM GAS  C:\Users\annat\AppData\Local\Temp\ccYxaJch.s 			page 15


 703 005a 00       		.byte	0
 704 005b 08       		.uleb128 0x8
 705 005c 35       		.uleb128 0x35
 706 005d 00       		.byte	0
 707 005e 49       		.uleb128 0x49
 708 005f 13       		.uleb128 0x13
 709 0060 00       		.byte	0
 710 0061 00       		.byte	0
 711 0062 09       		.uleb128 0x9
 712 0063 2E       		.uleb128 0x2e
 713 0064 01       		.byte	0x1
 714 0065 3F       		.uleb128 0x3f
 715 0066 19       		.uleb128 0x19
 716 0067 03       		.uleb128 0x3
 717 0068 0E       		.uleb128 0xe
 718 0069 3A       		.uleb128 0x3a
 719 006a 0B       		.uleb128 0xb
 720 006b 3B       		.uleb128 0x3b
 721 006c 0B       		.uleb128 0xb
 722 006d 27       		.uleb128 0x27
 723 006e 19       		.uleb128 0x19
 724 006f 11       		.uleb128 0x11
 725 0070 01       		.uleb128 0x1
 726 0071 12       		.uleb128 0x12
 727 0072 06       		.uleb128 0x6
 728 0073 40       		.uleb128 0x40
 729 0074 18       		.uleb128 0x18
 730 0075 9742     		.uleb128 0x2117
 731 0077 19       		.uleb128 0x19
 732 0078 01       		.uleb128 0x1
 733 0079 13       		.uleb128 0x13
 734 007a 00       		.byte	0
 735 007b 00       		.byte	0
 736 007c 0A       		.uleb128 0xa
 737 007d 898201   		.uleb128 0x4109
 738 0080 00       		.byte	0
 739 0081 11       		.uleb128 0x11
 740 0082 01       		.uleb128 0x1
 741 0083 31       		.uleb128 0x31
 742 0084 13       		.uleb128 0x13
 743 0085 00       		.byte	0
 744 0086 00       		.byte	0
 745 0087 0B       		.uleb128 0xb
 746 0088 898201   		.uleb128 0x4109
 747 008b 01       		.byte	0x1
 748 008c 11       		.uleb128 0x11
 749 008d 01       		.uleb128 0x1
 750 008e 31       		.uleb128 0x31
 751 008f 13       		.uleb128 0x13
 752 0090 01       		.uleb128 0x1
 753 0091 13       		.uleb128 0x13
 754 0092 00       		.byte	0
 755 0093 00       		.byte	0
 756 0094 0C       		.uleb128 0xc
 757 0095 8A8201   		.uleb128 0x410a
 758 0098 00       		.byte	0
 759 0099 02       		.uleb128 0x2
ARM GAS  C:\Users\annat\AppData\Local\Temp\ccYxaJch.s 			page 16


 760 009a 18       		.uleb128 0x18
 761 009b 9142     		.uleb128 0x2111
 762 009d 18       		.uleb128 0x18
 763 009e 00       		.byte	0
 764 009f 00       		.byte	0
 765 00a0 0D       		.uleb128 0xd
 766 00a1 898201   		.uleb128 0x4109
 767 00a4 01       		.byte	0x1
 768 00a5 11       		.uleb128 0x11
 769 00a6 01       		.uleb128 0x1
 770 00a7 31       		.uleb128 0x31
 771 00a8 13       		.uleb128 0x13
 772 00a9 00       		.byte	0
 773 00aa 00       		.byte	0
 774 00ab 0E       		.uleb128 0xe
 775 00ac 34       		.uleb128 0x34
 776 00ad 00       		.byte	0
 777 00ae 03       		.uleb128 0x3
 778 00af 0E       		.uleb128 0xe
 779 00b0 3A       		.uleb128 0x3a
 780 00b1 0B       		.uleb128 0xb
 781 00b2 3B       		.uleb128 0x3b
 782 00b3 0B       		.uleb128 0xb
 783 00b4 49       		.uleb128 0x49
 784 00b5 13       		.uleb128 0x13
 785 00b6 3F       		.uleb128 0x3f
 786 00b7 19       		.uleb128 0x19
 787 00b8 02       		.uleb128 0x2
 788 00b9 18       		.uleb128 0x18
 789 00ba 00       		.byte	0
 790 00bb 00       		.byte	0
 791 00bc 0F       		.uleb128 0xf
 792 00bd 01       		.uleb128 0x1
 793 00be 01       		.byte	0x1
 794 00bf 49       		.uleb128 0x49
 795 00c0 13       		.uleb128 0x13
 796 00c1 01       		.uleb128 0x1
 797 00c2 13       		.uleb128 0x13
 798 00c3 00       		.byte	0
 799 00c4 00       		.byte	0
 800 00c5 10       		.uleb128 0x10
 801 00c6 21       		.uleb128 0x21
 802 00c7 00       		.byte	0
 803 00c8 49       		.uleb128 0x49
 804 00c9 13       		.uleb128 0x13
 805 00ca 2F       		.uleb128 0x2f
 806 00cb 0B       		.uleb128 0xb
 807 00cc 00       		.byte	0
 808 00cd 00       		.byte	0
 809 00ce 11       		.uleb128 0x11
 810 00cf 34       		.uleb128 0x34
 811 00d0 00       		.byte	0
 812 00d1 03       		.uleb128 0x3
 813 00d2 0E       		.uleb128 0xe
 814 00d3 3A       		.uleb128 0x3a
 815 00d4 0B       		.uleb128 0xb
 816 00d5 3B       		.uleb128 0x3b
ARM GAS  C:\Users\annat\AppData\Local\Temp\ccYxaJch.s 			page 17


 817 00d6 05       		.uleb128 0x5
 818 00d7 49       		.uleb128 0x49
 819 00d8 13       		.uleb128 0x13
 820 00d9 3F       		.uleb128 0x3f
 821 00da 19       		.uleb128 0x19
 822 00db 3C       		.uleb128 0x3c
 823 00dc 19       		.uleb128 0x19
 824 00dd 00       		.byte	0
 825 00de 00       		.byte	0
 826 00df 12       		.uleb128 0x12
 827 00e0 2E       		.uleb128 0x2e
 828 00e1 00       		.byte	0
 829 00e2 3F       		.uleb128 0x3f
 830 00e3 19       		.uleb128 0x19
 831 00e4 3C       		.uleb128 0x3c
 832 00e5 19       		.uleb128 0x19
 833 00e6 6E       		.uleb128 0x6e
 834 00e7 0E       		.uleb128 0xe
 835 00e8 03       		.uleb128 0x3
 836 00e9 0E       		.uleb128 0xe
 837 00ea 3A       		.uleb128 0x3a
 838 00eb 0B       		.uleb128 0xb
 839 00ec 3B       		.uleb128 0x3b
 840 00ed 0B       		.uleb128 0xb
 841 00ee 00       		.byte	0
 842 00ef 00       		.byte	0
 843 00f0 00       		.byte	0
 844              		.section	.debug_aranges,"",%progbits
 845 0000 1C000000 		.4byte	0x1c
 846 0004 0200     		.2byte	0x2
 847 0006 00000000 		.4byte	.Ldebug_info0
 848 000a 04       		.byte	0x4
 849 000b 00       		.byte	0
 850 000c 0000     		.2byte	0
 851 000e 0000     		.2byte	0
 852 0010 00000000 		.4byte	.LFB64
 853 0014 08010000 		.4byte	.LFE64-.LFB64
 854 0018 00000000 		.4byte	0
 855 001c 00000000 		.4byte	0
 856              		.section	.debug_ranges,"",%progbits
 857              	.Ldebug_ranges0:
 858 0000 00000000 		.4byte	.LFB64
 859 0004 08010000 		.4byte	.LFE64
 860 0008 00000000 		.4byte	0
 861 000c 00000000 		.4byte	0
 862              		.section	.debug_line,"",%progbits
 863              	.Ldebug_line0:
 864 0000 DA010000 		.section	.debug_str,"MS",%progbits,1
 864      0200AE01 
 864      00000201 
 864      FB0E0D00 
 864      01010101 
 865              	.LASF38:
 866 0000 55415254 		.ascii	"UART_Debug_PutString\000"
 866      5F446562 
 866      75675F50 
 866      75745374 
ARM GAS  C:\Users\annat\AppData\Local\Temp\ccYxaJch.s 			page 18


 866      72696E67 
 867              	.LASF2:
 868 0015 5F5F7569 		.ascii	"__uint8_t\000"
 868      6E74385F 
 868      7400
 869              	.LASF3:
 870 001f 5F5F696E 		.ascii	"__int16_t\000"
 870      7431365F 
 870      7400
 871              	.LASF6:
 872 0029 5F5F696E 		.ascii	"__int32_t\000"
 872      7433325F 
 872      7400
 873              	.LASF35:
 874 0033 54696D65 		.ascii	"Timer_ReadStatusRegister\000"
 874      725F5265 
 874      61645374 
 874      61747573 
 874      52656769 
 875              	.LASF23:
 876 004c 4572726F 		.ascii	"ErrorCode\000"
 876      72436F64 
 876      6500
 877              	.LASF42:
 878 0056 43555354 		.ascii	"CUSTOM_ISR_TIMER\000"
 878      4F4D5F49 
 878      53525F54 
 878      494D4552 
 878      00
 879              	.LASF16:
 880 0067 666C6F61 		.ascii	"float\000"
 880      7400
 881              	.LASF32:
 882 006d 4F757441 		.ascii	"OutArray\000"
 882      72726179 
 882      00
 883              	.LASF1:
 884 0076 756E7369 		.ascii	"unsigned char\000"
 884      676E6564 
 884      20636861 
 884      7200
 885              	.LASF39:
 886 0084 474E5520 		.ascii	"GNU C11 5.4.1 20160609 (release) [ARM/embedded-5-br"
 886      43313120 
 886      352E342E 
 886      31203230 
 886      31363036 
 887 00b7 616E6368 		.ascii	"anch revision 237715] -mcpu=cortex-m3 -mthumb -g -O"
 887      20726576 
 887      6973696F 
 887      6E203233 
 887      37373135 
 888 00ea 67202D66 		.ascii	"g -ffunction-sections -ffat-lto-objects\000"
 888      66756E63 
 888      74696F6E 
 888      2D736563 
 888      74696F6E 
ARM GAS  C:\Users\annat\AppData\Local\Temp\ccYxaJch.s 			page 19


 889              	.LASF15:
 890 0112 696E7431 		.ascii	"int16\000"
 890      3600
 891              	.LASF8:
 892 0118 6C6F6E67 		.ascii	"long unsigned int\000"
 892      20756E73 
 892      69676E65 
 892      6420696E 
 892      7400
 893              	.LASF5:
 894 012a 73686F72 		.ascii	"short unsigned int\000"
 894      7420756E 
 894      7369676E 
 894      65642069 
 894      6E7400
 895              	.LASF7:
 896 013d 6C6F6E67 		.ascii	"long int\000"
 896      20696E74 
 896      00
 897              	.LASF34:
 898 0146 49544D5F 		.ascii	"ITM_RxBuffer\000"
 898      52784275 
 898      66666572 
 898      00
 899              	.LASF33:
 900 0153 466C6167 		.ascii	"FlagPacketReady\000"
 900      5061636B 
 900      65745265 
 900      61647900 
 901              	.LASF17:
 902 0163 646F7562 		.ascii	"double\000"
 902      6C6500
 903              	.LASF37:
 904 016a 4932435F 		.ascii	"I2C_Peripheral_ReadRegisterMulti\000"
 904      50657269 
 904      70686572 
 904      616C5F52 
 904      65616452 
 905              	.LASF29:
 906 018b 41636365 		.ascii	"Accelerometer_x\000"
 906      6C65726F 
 906      6D657465 
 906      725F7800 
 907              	.LASF30:
 908 019b 41636365 		.ascii	"Accelerometer_y\000"
 908      6C65726F 
 908      6D657465 
 908      725F7900 
 909              	.LASF31:
 910 01ab 41636365 		.ascii	"Accelerometer_z\000"
 910      6C65726F 
 910      6D657465 
 910      725F7A00 
 911              	.LASF41:
 912 01bb 433A5C55 		.ascii	"C:\\Users\\annat\\OneDrive\\Desktop\\POLITECNICO\\L"
 912      73657273 
 912      5C616E6E 
ARM GAS  C:\Users\annat\AppData\Local\Temp\ccYxaJch.s 			page 20


 912      61745C4F 
 912      6E654472 
 913 01e8 41425C50 		.ascii	"AB\\PSoC_03_Complete\\AY1920_II_HW_05_BISTONI_TEO\\"
 913      536F435F 
 913      30335F43 
 913      6F6D706C 
 913      6574655C 
 914 0218 41593139 		.ascii	"AY1920_II_HW_05_PROJ_2.cydsn\000"
 914      32305F49 
 914      495F4857 
 914      5F30355F 
 914      50524F4A 
 915              	.LASF11:
 916 0235 756E7369 		.ascii	"unsigned int\000"
 916      676E6564 
 916      20696E74 
 916      00
 917              	.LASF26:
 918 0242 4163635F 		.ascii	"Acc_xData\000"
 918      78446174 
 918      6100
 919              	.LASF10:
 920 024c 6C6F6E67 		.ascii	"long long unsigned int\000"
 920      206C6F6E 
 920      6720756E 
 920      7369676E 
 920      65642069 
 921              	.LASF12:
 922 0263 75696E74 		.ascii	"uint8_t\000"
 922      385F7400 
 923              	.LASF27:
 924 026b 4163635F 		.ascii	"Acc_yData\000"
 924      79446174 
 924      6100
 925              	.LASF13:
 926 0275 696E7431 		.ascii	"int16_t\000"
 926      365F7400 
 927              	.LASF25:
 928 027d 73746174 		.ascii	"status_register\000"
 928      75735F72 
 928      65676973 
 928      74657200 
 929              	.LASF14:
 930 028d 696E7433 		.ascii	"int32_t\000"
 930      325F7400 
 931              	.LASF20:
 932 0295 73697A65 		.ascii	"sizetype\000"
 932      74797065 
 932      00
 933              	.LASF24:
 934 029e 6572726F 		.ascii	"error\000"
 934      7200
 935              	.LASF9:
 936 02a4 6C6F6E67 		.ascii	"long long int\000"
 936      206C6F6E 
 936      6720696E 
 936      7400
ARM GAS  C:\Users\annat\AppData\Local\Temp\ccYxaJch.s 			page 21


 937              	.LASF18:
 938 02b2 63686172 		.ascii	"char\000"
 938      00
 939              	.LASF36:
 940 02b7 4932435F 		.ascii	"I2C_Peripheral_ReadRegister\000"
 940      50657269 
 940      70686572 
 940      616C5F52 
 940      65616452 
 941              	.LASF4:
 942 02d3 73686F72 		.ascii	"short int\000"
 942      7420696E 
 942      7400
 943              	.LASF21:
 944 02dd 4E4F5F45 		.ascii	"NO_ERROR\000"
 944      52524F52 
 944      00
 945              	.LASF22:
 946 02e6 4552524F 		.ascii	"ERROR\000"
 946      5200
 947              	.LASF28:
 948 02ec 4163635F 		.ascii	"Acc_zData\000"
 948      7A446174 
 948      6100
 949              	.LASF19:
 950 02f6 6C6F6E67 		.ascii	"long double\000"
 950      20646F75 
 950      626C6500 
 951              	.LASF0:
 952 0302 7369676E 		.ascii	"signed char\000"
 952      65642063 
 952      68617200 
 953              	.LASF40:
 954 030e 496E7465 		.ascii	"InterruptRoutines.c\000"
 954      72727570 
 954      74526F75 
 954      74696E65 
 954      732E6300 
 955              		.ident	"GCC: (GNU Tools for ARM Embedded Processors) 5.4.1 20160609 (release) [ARM/embedded-5-bran
